<?xml version="1.0" encoding="UTF-8"?>
<coverage generated="1720699068436" clover="3.2.0">
  <project timestamp="1720699068436" name="All files">
    <metrics statements="1472" coveredstatements="1425" conditionals="360" coveredconditionals="313" methods="69" coveredmethods="69" elements="1901" coveredelements="1807" complexity="0" loc="1472" ncloc="1472" packages="6" files="15" classes="15"/>
    <package name="services">
      <metrics statements="7" coveredstatements="7" conditionals="0" coveredconditionals="0" methods="2" coveredmethods="2"/>
      <file name="random.js" path="/Users/whynew/egm-gateway-server/src/services/random.js">
        <metrics statements="7" coveredstatements="7" conditionals="0" coveredconditionals="0" methods="2" coveredmethods="2"/>
        <line num="18" count="7" type="stmt"/>
        <line num="21" count="9" type="stmt"/>
        <line num="22" count="9" type="stmt"/>
        <line num="26" count="2" type="stmt"/>
        <line num="27" count="2" type="stmt"/>
        <line num="28" count="2" type="stmt"/>
        <line num="31" count="7" type="stmt"/>
      </file>
    </package>
    <package name="services.game-service">
      <metrics statements="12" coveredstatements="12" conditionals="0" coveredconditionals="0" methods="0" coveredmethods="0"/>
      <file name="index.js" path="/Users/whynew/egm-gateway-server/src/services/game-service/index.js">
        <metrics statements="12" coveredstatements="12" conditionals="0" coveredconditionals="0" methods="0" coveredmethods="0"/>
        <line num="18" count="6" type="stmt"/>
        <line num="19" count="6" type="stmt"/>
        <line num="20" count="6" type="stmt"/>
        <line num="27" count="6" type="stmt"/>
        <line num="28" count="6" type="stmt"/>
        <line num="29" count="6" type="stmt"/>
        <line num="30" count="6" type="stmt"/>
        <line num="31" count="6" type="stmt"/>
        <line num="32" count="6" type="stmt"/>
        <line num="34" count="6" type="stmt"/>
        <line num="49" count="6" type="stmt"/>
        <line num="515" count="6" type="stmt"/>
      </file>
    </package>
    <package name="services.game-service.paytable">
      <metrics statements="6" coveredstatements="6" conditionals="0" coveredconditionals="0" methods="0" coveredmethods="0"/>
      <file name="index.js" path="/Users/whynew/egm-gateway-server/src/services/game-service/paytable/index.js">
        <metrics statements="6" coveredstatements="6" conditionals="0" coveredconditionals="0" methods="0" coveredmethods="0"/>
        <line num="19" count="6" type="stmt"/>
        <line num="20" count="6" type="stmt"/>
        <line num="21" count="6" type="stmt"/>
        <line num="22" count="6" type="stmt"/>
        <line num="24" count="6" type="stmt"/>
        <line num="32" count="6" type="stmt"/>
      </file>
    </package>
    <package name="services.game-service.primary">
      <metrics statements="639" coveredstatements="592" conditionals="284" coveredconditionals="237" methods="45" coveredmethods="45"/>
      <file name="index.js" path="/Users/whynew/egm-gateway-server/src/services/game-service/primary/index.js">
        <metrics statements="551" coveredstatements="504" conditionals="284" coveredconditionals="237" methods="45" coveredmethods="45"/>
        <line num="62" count="3" type="stmt"/>
        <line num="108" count="3" type="stmt"/>
        <line num="110" count="3" type="stmt"/>
        <line num="111" count="3" type="stmt"/>
        <line num="114" count="210" type="stmt"/>
        <line num="115" count="210" type="cond" truecount="2" falsecount="0"/>
        <line num="117" count="5" type="cond" truecount="1" falsecount="1"/>
        <line num="119" count="5" type="cond" truecount="1" falsecount="1"/>
        <line num="121" count="5" type="stmt"/>
        <line num="122" count="5" type="stmt"/>
        <line num="124" count="0" type="stmt"/>
        <line num="126" count="5" type="stmt"/>
        <line num="128" count="0" type="stmt"/>
        <line num="130" count="5" type="stmt"/>
        <line num="132" count="205" type="stmt"/>
        <line num="134" count="210" type="stmt"/>
        <line num="138" count="210" type="stmt"/>
        <line num="139" count="210" type="cond" truecount="2" falsecount="0"/>
        <line num="141" count="15" type="cond" truecount="2" falsecount="0"/>
        <line num="143" count="10" type="cond" truecount="2" falsecount="0"/>
        <line num="145" count="5" type="stmt"/>
        <line num="146" count="5" type="stmt"/>
        <line num="148" count="5" type="stmt"/>
        <line num="150" count="10" type="stmt"/>
        <line num="152" count="5" type="stmt"/>
        <line num="154" count="15" type="stmt"/>
        <line num="156" count="195" type="stmt"/>
        <line num="158" count="210" type="stmt"/>
        <line num="162" count="210" type="stmt"/>
        <line num="163" count="210" type="cond" truecount="2" falsecount="0"/>
        <line num="165" count="15" type="cond" truecount="2" falsecount="0"/>
        <line num="167" count="10" type="cond" truecount="2" falsecount="0"/>
        <line num="169" count="5" type="stmt"/>
        <line num="170" count="5" type="stmt"/>
        <line num="172" count="5" type="stmt"/>
        <line num="174" count="10" type="stmt"/>
        <line num="176" count="5" type="stmt"/>
        <line num="178" count="15" type="stmt"/>
        <line num="180" count="195" type="stmt"/>
        <line num="182" count="210" type="stmt"/>
        <line num="186" count="210" type="stmt"/>
        <line num="187" count="210" type="cond" truecount="2" falsecount="0"/>
        <line num="189" count="15" type="cond" truecount="2" falsecount="0"/>
        <line num="191" count="10" type="cond" truecount="2" falsecount="0"/>
        <line num="193" count="5" type="stmt"/>
        <line num="194" count="5" type="stmt"/>
        <line num="196" count="5" type="stmt"/>
        <line num="198" count="10" type="stmt"/>
        <line num="200" count="5" type="stmt"/>
        <line num="202" count="15" type="stmt"/>
        <line num="204" count="195" type="stmt"/>
        <line num="206" count="210" type="stmt"/>
        <line num="210" count="210" type="stmt"/>
        <line num="211" count="210" type="cond" truecount="2" falsecount="0"/>
        <line num="213" count="5" type="cond" truecount="1" falsecount="1"/>
        <line num="215" count="5" type="cond" truecount="1" falsecount="1"/>
        <line num="217" count="5" type="stmt"/>
        <line num="218" count="5" type="stmt"/>
        <line num="220" count="0" type="stmt"/>
        <line num="222" count="5" type="stmt"/>
        <line num="224" count="0" type="stmt"/>
        <line num="226" count="5" type="stmt"/>
        <line num="228" count="205" type="stmt"/>
        <line num="230" count="210" type="stmt"/>
        <line num="234" count="210" type="stmt"/>
        <line num="235" count="210" type="cond" truecount="2" falsecount="0"/>
        <line num="237" count="5" type="cond" truecount="1" falsecount="1"/>
        <line num="239" count="5" type="cond" truecount="1" falsecount="1"/>
        <line num="241" count="5" type="stmt"/>
        <line num="242" count="5" type="stmt"/>
        <line num="244" count="0" type="stmt"/>
        <line num="246" count="5" type="stmt"/>
        <line num="248" count="0" type="stmt"/>
        <line num="250" count="5" type="stmt"/>
        <line num="252" count="205" type="stmt"/>
        <line num="254" count="210" type="stmt"/>
        <line num="258" count="210" type="stmt"/>
        <line num="259" count="210" type="cond" truecount="2" falsecount="0"/>
        <line num="261" count="5" type="cond" truecount="1" falsecount="1"/>
        <line num="263" count="5" type="cond" truecount="1" falsecount="1"/>
        <line num="265" count="5" type="stmt"/>
        <line num="266" count="5" type="stmt"/>
        <line num="268" count="0" type="stmt"/>
        <line num="270" count="5" type="stmt"/>
        <line num="272" count="0" type="stmt"/>
        <line num="274" count="5" type="stmt"/>
        <line num="276" count="205" type="stmt"/>
        <line num="278" count="210" type="stmt"/>
        <line num="282" count="210" type="stmt"/>
        <line num="283" count="210" type="cond" truecount="2" falsecount="0"/>
        <line num="285" count="5" type="cond" truecount="1" falsecount="1"/>
        <line num="287" count="5" type="cond" truecount="1" falsecount="1"/>
        <line num="289" count="5" type="stmt"/>
        <line num="290" count="5" type="stmt"/>
        <line num="292" count="0" type="stmt"/>
        <line num="294" count="5" type="stmt"/>
        <line num="296" count="0" type="stmt"/>
        <line num="298" count="5" type="stmt"/>
        <line num="300" count="205" type="stmt"/>
        <line num="302" count="210" type="stmt"/>
        <line num="306" count="210" type="stmt"/>
        <line num="307" count="210" type="cond" truecount="2" falsecount="0"/>
        <line num="309" count="15" type="cond" truecount="1" falsecount="1"/>
        <line num="311" count="15" type="cond" truecount="2" falsecount="0"/>
        <line num="313" count="5" type="stmt"/>
        <line num="314" count="5" type="stmt"/>
        <line num="316" count="10" type="stmt"/>
        <line num="318" count="15" type="stmt"/>
        <line num="320" count="0" type="stmt"/>
        <line num="322" count="15" type="stmt"/>
        <line num="324" count="195" type="stmt"/>
        <line num="326" count="210" type="stmt"/>
        <line num="330" count="210" type="stmt"/>
        <line num="331" count="210" type="cond" truecount="2" falsecount="0"/>
        <line num="333" count="15" type="cond" truecount="1" falsecount="1"/>
        <line num="335" count="15" type="cond" truecount="2" falsecount="0"/>
        <line num="337" count="5" type="stmt"/>
        <line num="338" count="5" type="stmt"/>
        <line num="340" count="10" type="stmt"/>
        <line num="342" count="15" type="stmt"/>
        <line num="344" count="0" type="stmt"/>
        <line num="346" count="15" type="stmt"/>
        <line num="348" count="195" type="stmt"/>
        <line num="350" count="210" type="stmt"/>
        <line num="354" count="210" type="stmt"/>
        <line num="355" count="210" type="cond" truecount="2" falsecount="0"/>
        <line num="357" count="15" type="cond" truecount="1" falsecount="1"/>
        <line num="359" count="15" type="cond" truecount="2" falsecount="0"/>
        <line num="361" count="5" type="stmt"/>
        <line num="362" count="5" type="stmt"/>
        <line num="364" count="10" type="stmt"/>
        <line num="366" count="15" type="stmt"/>
        <line num="368" count="0" type="stmt"/>
        <line num="370" count="15" type="stmt"/>
        <line num="372" count="195" type="stmt"/>
        <line num="374" count="210" type="stmt"/>
        <line num="378" count="5" type="stmt"/>
        <line num="379" count="5" type="cond" truecount="1" falsecount="1"/>
        <line num="381" count="5" type="cond" truecount="1" falsecount="1"/>
        <line num="383" count="5" type="cond" truecount="1" falsecount="1"/>
        <line num="385" count="5" type="stmt"/>
        <line num="386" count="5" type="stmt"/>
        <line num="388" count="0" type="stmt"/>
        <line num="390" count="5" type="stmt"/>
        <line num="392" count="0" type="stmt"/>
        <line num="394" count="5" type="stmt"/>
        <line num="396" count="0" type="stmt"/>
        <line num="398" count="5" type="stmt"/>
        <line num="402" count="210" type="stmt"/>
        <line num="403" count="210" type="cond" truecount="2" falsecount="0"/>
        <line num="405" count="15" type="cond" truecount="2" falsecount="0"/>
        <line num="407" count="10" type="stmt"/>
        <line num="408" count="10" type="stmt"/>
        <line num="410" count="5" type="stmt"/>
        <line num="412" count="15" type="stmt"/>
        <line num="414" count="195" type="stmt"/>
        <line num="416" count="210" type="stmt"/>
        <line num="420" count="210" type="stmt"/>
        <line num="421" count="210" type="cond" truecount="2" falsecount="0"/>
        <line num="423" count="15" type="cond" truecount="1" falsecount="1"/>
        <line num="425" count="15" type="cond" truecount="2" falsecount="0"/>
        <line num="427" count="5" type="stmt"/>
        <line num="428" count="5" type="stmt"/>
        <line num="430" count="10" type="stmt"/>
        <line num="432" count="15" type="stmt"/>
        <line num="434" count="0" type="stmt"/>
        <line num="436" count="15" type="stmt"/>
        <line num="438" count="195" type="stmt"/>
        <line num="440" count="210" type="stmt"/>
        <line num="444" count="210" type="stmt"/>
        <line num="445" count="210" type="cond" truecount="2" falsecount="0"/>
        <line num="447" count="15" type="cond" truecount="1" falsecount="1"/>
        <line num="449" count="15" type="cond" truecount="2" falsecount="0"/>
        <line num="451" count="5" type="stmt"/>
        <line num="452" count="5" type="stmt"/>
        <line num="454" count="10" type="stmt"/>
        <line num="456" count="15" type="stmt"/>
        <line num="458" count="0" type="stmt"/>
        <line num="460" count="15" type="stmt"/>
        <line num="462" count="195" type="stmt"/>
        <line num="464" count="210" type="stmt"/>
        <line num="468" count="210" type="stmt"/>
        <line num="469" count="210" type="cond" truecount="2" falsecount="0"/>
        <line num="471" count="15" type="cond" truecount="2" falsecount="0"/>
        <line num="473" count="10" type="stmt"/>
        <line num="474" count="10" type="stmt"/>
        <line num="476" count="5" type="stmt"/>
        <line num="478" count="15" type="stmt"/>
        <line num="480" count="195" type="stmt"/>
        <line num="482" count="210" type="stmt"/>
        <line num="486" count="210" type="stmt"/>
        <line num="487" count="210" type="cond" truecount="2" falsecount="0"/>
        <line num="489" count="15" type="cond" truecount="1" falsecount="1"/>
        <line num="491" count="15" type="cond" truecount="2" falsecount="0"/>
        <line num="493" count="5" type="stmt"/>
        <line num="494" count="5" type="stmt"/>
        <line num="496" count="10" type="stmt"/>
        <line num="498" count="15" type="stmt"/>
        <line num="500" count="0" type="stmt"/>
        <line num="502" count="15" type="stmt"/>
        <line num="504" count="195" type="stmt"/>
        <line num="506" count="210" type="stmt"/>
        <line num="510" count="210" type="stmt"/>
        <line num="511" count="210" type="cond" truecount="2" falsecount="0"/>
        <line num="513" count="15" type="cond" truecount="1" falsecount="1"/>
        <line num="515" count="15" type="cond" truecount="2" falsecount="0"/>
        <line num="517" count="5" type="stmt"/>
        <line num="518" count="5" type="stmt"/>
        <line num="520" count="10" type="stmt"/>
        <line num="522" count="15" type="stmt"/>
        <line num="524" count="0" type="stmt"/>
        <line num="526" count="15" type="stmt"/>
        <line num="528" count="195" type="stmt"/>
        <line num="530" count="210" type="stmt"/>
        <line num="534" count="210" type="stmt"/>
        <line num="535" count="210" type="cond" truecount="2" falsecount="0"/>
        <line num="537" count="15" type="cond" truecount="1" falsecount="1"/>
        <line num="539" count="15" type="cond" truecount="2" falsecount="0"/>
        <line num="541" count="5" type="stmt"/>
        <line num="542" count="5" type="stmt"/>
        <line num="544" count="10" type="stmt"/>
        <line num="546" count="15" type="stmt"/>
        <line num="548" count="0" type="stmt"/>
        <line num="550" count="15" type="stmt"/>
        <line num="552" count="195" type="stmt"/>
        <line num="554" count="210" type="stmt"/>
        <line num="558" count="210" type="stmt"/>
        <line num="559" count="210" type="cond" truecount="2" falsecount="0"/>
        <line num="561" count="15" type="cond" truecount="1" falsecount="1"/>
        <line num="563" count="15" type="cond" truecount="2" falsecount="0"/>
        <line num="565" count="5" type="stmt"/>
        <line num="566" count="5" type="stmt"/>
        <line num="568" count="10" type="stmt"/>
        <line num="570" count="15" type="stmt"/>
        <line num="572" count="0" type="stmt"/>
        <line num="574" count="15" type="stmt"/>
        <line num="576" count="195" type="stmt"/>
        <line num="578" count="210" type="stmt"/>
        <line num="582" count="210" type="stmt"/>
        <line num="583" count="210" type="cond" truecount="2" falsecount="0"/>
        <line num="585" count="15" type="cond" truecount="1" falsecount="1"/>
        <line num="587" count="15" type="cond" truecount="2" falsecount="0"/>
        <line num="589" count="5" type="stmt"/>
        <line num="590" count="5" type="stmt"/>
        <line num="592" count="10" type="stmt"/>
        <line num="594" count="15" type="stmt"/>
        <line num="596" count="0" type="stmt"/>
        <line num="598" count="15" type="stmt"/>
        <line num="600" count="195" type="stmt"/>
        <line num="602" count="210" type="stmt"/>
        <line num="606" count="210" type="stmt"/>
        <line num="607" count="210" type="cond" truecount="2" falsecount="0"/>
        <line num="609" count="15" type="cond" truecount="1" falsecount="1"/>
        <line num="611" count="15" type="cond" truecount="2" falsecount="0"/>
        <line num="613" count="5" type="stmt"/>
        <line num="614" count="5" type="stmt"/>
        <line num="616" count="10" type="stmt"/>
        <line num="618" count="15" type="stmt"/>
        <line num="620" count="0" type="stmt"/>
        <line num="622" count="15" type="stmt"/>
        <line num="624" count="195" type="stmt"/>
        <line num="626" count="210" type="stmt"/>
        <line num="630" count="5" type="stmt"/>
        <line num="631" count="5" type="cond" truecount="1" falsecount="1"/>
        <line num="633" count="5" type="cond" truecount="1" falsecount="1"/>
        <line num="635" count="5" type="cond" truecount="1" falsecount="1"/>
        <line num="637" count="5" type="stmt"/>
        <line num="638" count="5" type="stmt"/>
        <line num="640" count="0" type="stmt"/>
        <line num="642" count="5" type="stmt"/>
        <line num="644" count="0" type="stmt"/>
        <line num="646" count="5" type="stmt"/>
        <line num="648" count="0" type="stmt"/>
        <line num="650" count="5" type="stmt"/>
        <line num="654" count="210" type="stmt"/>
        <line num="655" count="210" type="cond" truecount="2" falsecount="0"/>
        <line num="657" count="15" type="cond" truecount="2" falsecount="0"/>
        <line num="659" count="10" type="stmt"/>
        <line num="660" count="10" type="stmt"/>
        <line num="662" count="5" type="stmt"/>
        <line num="664" count="15" type="stmt"/>
        <line num="666" count="195" type="stmt"/>
        <line num="668" count="210" type="stmt"/>
        <line num="672" count="210" type="stmt"/>
        <line num="673" count="210" type="cond" truecount="2" falsecount="0"/>
        <line num="675" count="15" type="cond" truecount="1" falsecount="1"/>
        <line num="677" count="15" type="cond" truecount="2" falsecount="0"/>
        <line num="679" count="5" type="stmt"/>
        <line num="680" count="5" type="stmt"/>
        <line num="682" count="10" type="stmt"/>
        <line num="684" count="15" type="stmt"/>
        <line num="686" count="0" type="stmt"/>
        <line num="688" count="15" type="stmt"/>
        <line num="690" count="195" type="stmt"/>
        <line num="692" count="210" type="stmt"/>
        <line num="696" count="210" type="stmt"/>
        <line num="697" count="210" type="cond" truecount="2" falsecount="0"/>
        <line num="699" count="15" type="cond" truecount="1" falsecount="1"/>
        <line num="701" count="15" type="cond" truecount="2" falsecount="0"/>
        <line num="703" count="5" type="stmt"/>
        <line num="704" count="5" type="stmt"/>
        <line num="706" count="10" type="stmt"/>
        <line num="708" count="15" type="stmt"/>
        <line num="710" count="0" type="stmt"/>
        <line num="712" count="15" type="stmt"/>
        <line num="714" count="195" type="stmt"/>
        <line num="716" count="210" type="stmt"/>
        <line num="720" count="210" type="stmt"/>
        <line num="721" count="210" type="cond" truecount="2" falsecount="0"/>
        <line num="723" count="15" type="cond" truecount="1" falsecount="1"/>
        <line num="725" count="15" type="cond" truecount="2" falsecount="0"/>
        <line num="727" count="5" type="stmt"/>
        <line num="728" count="5" type="stmt"/>
        <line num="730" count="10" type="stmt"/>
        <line num="732" count="15" type="stmt"/>
        <line num="734" count="0" type="stmt"/>
        <line num="736" count="15" type="stmt"/>
        <line num="738" count="195" type="stmt"/>
        <line num="740" count="210" type="stmt"/>
        <line num="744" count="210" type="stmt"/>
        <line num="745" count="210" type="cond" truecount="2" falsecount="0"/>
        <line num="747" count="15" type="cond" truecount="1" falsecount="1"/>
        <line num="749" count="15" type="cond" truecount="2" falsecount="0"/>
        <line num="751" count="5" type="stmt"/>
        <line num="752" count="5" type="stmt"/>
        <line num="754" count="10" type="stmt"/>
        <line num="756" count="15" type="stmt"/>
        <line num="758" count="0" type="stmt"/>
        <line num="760" count="15" type="stmt"/>
        <line num="762" count="195" type="stmt"/>
        <line num="764" count="210" type="stmt"/>
        <line num="768" count="210" type="stmt"/>
        <line num="769" count="210" type="cond" truecount="2" falsecount="0"/>
        <line num="771" count="15" type="cond" truecount="1" falsecount="1"/>
        <line num="773" count="15" type="cond" truecount="2" falsecount="0"/>
        <line num="775" count="5" type="stmt"/>
        <line num="776" count="5" type="stmt"/>
        <line num="778" count="10" type="stmt"/>
        <line num="780" count="15" type="stmt"/>
        <line num="782" count="0" type="stmt"/>
        <line num="784" count="15" type="stmt"/>
        <line num="786" count="195" type="stmt"/>
        <line num="788" count="210" type="stmt"/>
        <line num="792" count="210" type="stmt"/>
        <line num="793" count="210" type="cond" truecount="2" falsecount="0"/>
        <line num="795" count="15" type="cond" truecount="1" falsecount="1"/>
        <line num="797" count="15" type="cond" truecount="2" falsecount="0"/>
        <line num="799" count="5" type="stmt"/>
        <line num="800" count="5" type="stmt"/>
        <line num="802" count="10" type="stmt"/>
        <line num="804" count="15" type="stmt"/>
        <line num="806" count="0" type="stmt"/>
        <line num="808" count="15" type="stmt"/>
        <line num="810" count="195" type="stmt"/>
        <line num="812" count="210" type="stmt"/>
        <line num="816" count="210" type="stmt"/>
        <line num="817" count="210" type="cond" truecount="2" falsecount="0"/>
        <line num="819" count="15" type="cond" truecount="1" falsecount="1"/>
        <line num="821" count="15" type="cond" truecount="2" falsecount="0"/>
        <line num="823" count="5" type="stmt"/>
        <line num="824" count="5" type="stmt"/>
        <line num="826" count="10" type="stmt"/>
        <line num="828" count="15" type="stmt"/>
        <line num="830" count="0" type="stmt"/>
        <line num="832" count="15" type="stmt"/>
        <line num="834" count="195" type="stmt"/>
        <line num="836" count="210" type="stmt"/>
        <line num="840" count="5" type="stmt"/>
        <line num="841" count="5" type="cond" truecount="1" falsecount="1"/>
        <line num="843" count="5" type="stmt"/>
        <line num="844" count="5" type="stmt"/>
        <line num="846" count="0" type="stmt"/>
        <line num="849" count="5" type="stmt"/>
        <line num="854" count="210" type="stmt"/>
        <line num="855" count="210" type="cond" truecount="4" falsecount="0"/>
        <line num="859" count="45" type="cond" truecount="3" falsecount="1"/>
        <line num="863" count="45" type="cond" truecount="2" falsecount="0"/>
        <line num="865" count="15" type="stmt"/>
        <line num="866" count="15" type="stmt"/>
        <line num="868" count="30" type="stmt"/>
        <line num="870" count="45" type="stmt"/>
        <line num="872" count="0" type="stmt"/>
        <line num="874" count="45" type="stmt"/>
        <line num="876" count="165" type="stmt"/>
        <line num="878" count="210" type="stmt"/>
        <line num="883" count="210" type="stmt"/>
        <line num="884" count="210" type="cond" truecount="4" falsecount="0"/>
        <line num="888" count="45" type="cond" truecount="3" falsecount="1"/>
        <line num="892" count="45" type="cond" truecount="4" falsecount="0"/>
        <line num="896" count="15" type="stmt"/>
        <line num="897" count="15" type="stmt"/>
        <line num="899" count="30" type="stmt"/>
        <line num="901" count="45" type="stmt"/>
        <line num="903" count="0" type="stmt"/>
        <line num="905" count="45" type="stmt"/>
        <line num="907" count="165" type="stmt"/>
        <line num="909" count="210" type="stmt"/>
        <line num="914" count="210" type="stmt"/>
        <line num="915" count="210" type="cond" truecount="4" falsecount="0"/>
        <line num="919" count="45" type="cond" truecount="3" falsecount="1"/>
        <line num="923" count="45" type="cond" truecount="2" falsecount="0"/>
        <line num="925" count="15" type="stmt"/>
        <line num="926" count="15" type="stmt"/>
        <line num="928" count="30" type="stmt"/>
        <line num="930" count="45" type="stmt"/>
        <line num="932" count="0" type="stmt"/>
        <line num="934" count="45" type="stmt"/>
        <line num="936" count="165" type="stmt"/>
        <line num="938" count="210" type="stmt"/>
        <line num="942" count="5" type="stmt"/>
        <line num="943" count="5" type="cond" truecount="1" falsecount="1"/>
        <line num="945" count="5" type="stmt"/>
        <line num="946" count="5" type="stmt"/>
        <line num="948" count="0" type="stmt"/>
        <line num="951" count="5" type="stmt"/>
        <line num="956" count="210" type="stmt"/>
        <line num="957" count="210" type="cond" truecount="4" falsecount="0"/>
        <line num="961" count="45" type="cond" truecount="3" falsecount="1"/>
        <line num="965" count="45" type="cond" truecount="2" falsecount="0"/>
        <line num="967" count="15" type="stmt"/>
        <line num="968" count="15" type="stmt"/>
        <line num="970" count="30" type="stmt"/>
        <line num="972" count="45" type="stmt"/>
        <line num="974" count="0" type="stmt"/>
        <line num="976" count="45" type="stmt"/>
        <line num="978" count="165" type="stmt"/>
        <line num="980" count="210" type="stmt"/>
        <line num="984" count="210" type="stmt"/>
        <line num="985" count="210" type="cond" truecount="2" falsecount="0"/>
        <line num="987" count="15" type="stmt"/>
        <line num="988" count="15" type="stmt"/>
        <line num="990" count="195" type="stmt"/>
        <line num="993" count="210" type="stmt"/>
        <line num="997" count="210" type="stmt"/>
        <line num="998" count="210" type="cond" truecount="2" falsecount="0"/>
        <line num="1000" count="15" type="stmt"/>
        <line num="1001" count="15" type="stmt"/>
        <line num="1003" count="195" type="stmt"/>
        <line num="1006" count="210" type="stmt"/>
        <line num="1010" count="210" type="stmt"/>
        <line num="1011" count="210" type="cond" truecount="2" falsecount="0"/>
        <line num="1013" count="15" type="stmt"/>
        <line num="1014" count="15" type="stmt"/>
        <line num="1016" count="195" type="stmt"/>
        <line num="1019" count="210" type="stmt"/>
        <line num="1024" count="210" type="stmt"/>
        <line num="1025" count="210" type="cond" truecount="4" falsecount="0"/>
        <line num="1029" count="45" type="cond" truecount="3" falsecount="1"/>
        <line num="1033" count="45" type="cond" truecount="4" falsecount="0"/>
        <line num="1037" count="15" type="stmt"/>
        <line num="1038" count="15" type="stmt"/>
        <line num="1040" count="30" type="stmt"/>
        <line num="1042" count="45" type="stmt"/>
        <line num="1044" count="0" type="stmt"/>
        <line num="1046" count="45" type="stmt"/>
        <line num="1048" count="165" type="stmt"/>
        <line num="1050" count="210" type="stmt"/>
        <line num="1055" count="210" type="stmt"/>
        <line num="1056" count="210" type="cond" truecount="4" falsecount="0"/>
        <line num="1060" count="45" type="cond" truecount="3" falsecount="1"/>
        <line num="1064" count="45" type="cond" truecount="2" falsecount="0"/>
        <line num="1066" count="15" type="stmt"/>
        <line num="1067" count="15" type="stmt"/>
        <line num="1069" count="30" type="stmt"/>
        <line num="1071" count="45" type="stmt"/>
        <line num="1073" count="0" type="stmt"/>
        <line num="1075" count="45" type="stmt"/>
        <line num="1077" count="165" type="stmt"/>
        <line num="1079" count="210" type="stmt"/>
        <line num="1083" count="5" type="stmt"/>
        <line num="1084" count="5" type="cond" truecount="1" falsecount="1"/>
        <line num="1086" count="5" type="stmt"/>
        <line num="1088" count="5" type="stmt"/>
        <line num="1090" count="0" type="stmt"/>
        <line num="1093" count="5" type="stmt"/>
        <line num="1097" count="210" type="stmt"/>
        <line num="1098" count="210" type="stmt"/>
        <line num="1099" count="210" type="stmt"/>
        <line num="1100" count="210" type="stmt"/>
        <line num="1101" count="210" type="stmt"/>
        <line num="1102" count="210" type="stmt"/>
        <line num="1103" count="210" type="stmt"/>
        <line num="1104" count="210" type="stmt"/>
        <line num="1105" count="210" type="stmt"/>
        <line num="1106" count="210" type="stmt"/>
        <line num="1107" count="210" type="stmt"/>
        <line num="1108" count="210" type="stmt"/>
        <line num="1109" count="210" type="cond" truecount="2" falsecount="0"/>
        <line num="1112" count="210" type="stmt"/>
        <line num="1113" count="210" type="stmt"/>
        <line num="1114" count="210" type="stmt"/>
        <line num="1115" count="210" type="stmt"/>
        <line num="1116" count="210" type="stmt"/>
        <line num="1117" count="210" type="stmt"/>
        <line num="1118" count="210" type="stmt"/>
        <line num="1119" count="210" type="stmt"/>
        <line num="1120" count="210" type="stmt"/>
        <line num="1121" count="210" type="stmt"/>
        <line num="1122" count="210" type="cond" truecount="2" falsecount="0"/>
        <line num="1125" count="210" type="stmt"/>
        <line num="1126" count="210" type="stmt"/>
        <line num="1127" count="210" type="stmt"/>
        <line num="1128" count="210" type="stmt"/>
        <line num="1129" count="210" type="stmt"/>
        <line num="1130" count="210" type="stmt"/>
        <line num="1131" count="210" type="stmt"/>
        <line num="1132" count="210" type="stmt"/>
        <line num="1133" count="210" type="cond" truecount="2" falsecount="0"/>
        <line num="1136" count="210" type="stmt"/>
        <line num="1137" count="210" type="stmt"/>
        <line num="1138" count="210" type="stmt"/>
        <line num="1139" count="210" type="cond" truecount="2" falsecount="0"/>
        <line num="1142" count="210" type="stmt"/>
        <line num="1143" count="210" type="stmt"/>
        <line num="1144" count="210" type="stmt"/>
        <line num="1145" count="210" type="stmt"/>
        <line num="1146" count="210" type="stmt"/>
        <line num="1147" count="210" type="stmt"/>
        <line num="1148" count="210" type="cond" truecount="2" falsecount="0"/>
        <line num="1152" count="210" type="stmt"/>
        <line num="1156" count="10" type="stmt"/>
        <line num="1157" count="10" type="cond" truecount="2" falsecount="0"/>
        <line num="1159" count="2" type="cond" truecount="1" falsecount="1"/>
        <line num="1161" count="2" type="stmt"/>
        <line num="1162" count="2" type="stmt"/>
        <line num="1164" count="0" type="stmt"/>
        <line num="1166" count="2" type="stmt"/>
        <line num="1168" count="8" type="stmt"/>
        <line num="1170" count="10" type="cond" truecount="2" falsecount="0"/>
        <line num="1172" count="2" type="cond" truecount="1" falsecount="1"/>
        <line num="1174" count="2" type="stmt"/>
        <line num="1175" count="2" type="stmt"/>
        <line num="1177" count="0" type="stmt"/>
        <line num="1179" count="2" type="stmt"/>
        <line num="1181" count="8" type="stmt"/>
        <line num="1183" count="10" type="cond" truecount="2" falsecount="0"/>
        <line num="1185" count="2" type="cond" truecount="1" falsecount="1"/>
        <line num="1187" count="2" type="stmt"/>
        <line num="1188" count="2" type="stmt"/>
        <line num="1190" count="0" type="stmt"/>
        <line num="1192" count="2" type="stmt"/>
        <line num="1194" count="8" type="stmt"/>
        <line num="1196" count="10" type="cond" truecount="2" falsecount="0"/>
        <line num="1198" count="2" type="cond" truecount="1" falsecount="1"/>
        <line num="1200" count="2" type="stmt"/>
        <line num="1201" count="2" type="stmt"/>
        <line num="1203" count="0" type="stmt"/>
        <line num="1205" count="2" type="stmt"/>
        <line num="1207" count="8" type="stmt"/>
        <line num="1210" count="10" type="stmt"/>
        <line num="1233" count="3" type="stmt"/>
      </file>
      <file name="win-payouts.js" path="/Users/whynew/egm-gateway-server/src/services/game-service/primary/win-payouts.js">
        <metrics statements="44" coveredstatements="44" conditionals="0" coveredconditionals="0" methods="0" coveredmethods="0"/>
        <line num="1" count="3" type="stmt"/>
        <line num="2" count="3" type="stmt"/>
        <line num="3" count="3" type="stmt"/>
        <line num="4" count="3" type="stmt"/>
        <line num="5" count="3" type="stmt"/>
        <line num="6" count="3" type="stmt"/>
        <line num="7" count="3" type="stmt"/>
        <line num="8" count="3" type="stmt"/>
        <line num="9" count="3" type="stmt"/>
        <line num="11" count="3" type="stmt"/>
        <line num="12" count="3" type="stmt"/>
        <line num="13" count="3" type="stmt"/>
        <line num="15" count="3" type="stmt"/>
        <line num="16" count="3" type="stmt"/>
        <line num="17" count="3" type="stmt"/>
        <line num="19" count="3" type="stmt"/>
        <line num="20" count="3" type="stmt"/>
        <line num="21" count="3" type="stmt"/>
        <line num="23" count="3" type="stmt"/>
        <line num="24" count="3" type="stmt"/>
        <line num="25" count="3" type="stmt"/>
        <line num="26" count="3" type="stmt"/>
        <line num="28" count="3" type="stmt"/>
        <line num="29" count="3" type="stmt"/>
        <line num="30" count="3" type="stmt"/>
        <line num="32" count="3" type="stmt"/>
        <line num="33" count="3" type="stmt"/>
        <line num="34" count="3" type="stmt"/>
        <line num="35" count="3" type="stmt"/>
        <line num="37" count="3" type="stmt"/>
        <line num="38" count="3" type="stmt"/>
        <line num="39" count="3" type="stmt"/>
        <line num="40" count="3" type="stmt"/>
        <line num="42" count="3" type="stmt"/>
        <line num="43" count="3" type="stmt"/>
        <line num="44" count="3" type="stmt"/>
        <line num="46" count="3" type="stmt"/>
        <line num="47" count="3" type="stmt"/>
        <line num="49" count="3" type="stmt"/>
        <line num="50" count="3" type="stmt"/>
        <line num="51" count="3" type="stmt"/>
        <line num="52" count="3" type="stmt"/>
        <line num="53" count="3" type="stmt"/>
        <line num="55" count="3" type="stmt"/>
      </file>
      <file name="win-symbols.js" path="/Users/whynew/egm-gateway-server/src/services/game-service/primary/win-symbols.js">
        <metrics statements="44" coveredstatements="44" conditionals="0" coveredconditionals="0" methods="0" coveredmethods="0"/>
        <line num="1" count="6" type="stmt"/>
        <line num="2" count="6" type="stmt"/>
        <line num="3" count="6" type="stmt"/>
        <line num="4" count="6" type="stmt"/>
        <line num="5" count="6" type="stmt"/>
        <line num="6" count="6" type="stmt"/>
        <line num="7" count="6" type="stmt"/>
        <line num="8" count="6" type="stmt"/>
        <line num="9" count="6" type="stmt"/>
        <line num="11" count="6" type="stmt"/>
        <line num="12" count="6" type="stmt"/>
        <line num="13" count="6" type="stmt"/>
        <line num="15" count="6" type="stmt"/>
        <line num="16" count="6" type="stmt"/>
        <line num="17" count="6" type="stmt"/>
        <line num="19" count="6" type="stmt"/>
        <line num="20" count="6" type="stmt"/>
        <line num="21" count="6" type="stmt"/>
        <line num="23" count="6" type="stmt"/>
        <line num="24" count="6" type="stmt"/>
        <line num="25" count="6" type="stmt"/>
        <line num="26" count="6" type="stmt"/>
        <line num="28" count="6" type="stmt"/>
        <line num="29" count="6" type="stmt"/>
        <line num="30" count="6" type="stmt"/>
        <line num="32" count="6" type="stmt"/>
        <line num="33" count="6" type="stmt"/>
        <line num="34" count="6" type="stmt"/>
        <line num="35" count="6" type="stmt"/>
        <line num="37" count="6" type="stmt"/>
        <line num="38" count="6" type="stmt"/>
        <line num="39" count="6" type="stmt"/>
        <line num="41" count="6" type="stmt"/>
        <line num="42" count="6" type="stmt"/>
        <line num="43" count="6" type="stmt"/>
        <line num="44" count="6" type="stmt"/>
        <line num="45" count="6" type="stmt"/>
        <line num="46" count="6" type="stmt"/>
        <line num="47" count="6" type="stmt"/>
        <line num="48" count="6" type="stmt"/>
        <line num="49" count="6" type="stmt"/>
        <line num="50" count="6" type="stmt"/>
        <line num="51" count="6" type="stmt"/>
        <line num="53" count="6" type="stmt"/>
      </file>
    </package>
    <package name="services.game-service.reels">
      <metrics statements="667" coveredstatements="667" conditionals="32" coveredconditionals="32" methods="7" coveredmethods="7"/>
      <file name="reel1.js" path="/Users/whynew/egm-gateway-server/src/services/game-service/reels/reel1.js">
        <metrics statements="220" coveredstatements="220" conditionals="10" coveredconditionals="10" methods="2" coveredmethods="2"/>
        <line num="18" count="6" type="stmt"/>
        <line num="19" count="6" type="stmt"/>
        <line num="20" count="6" type="stmt"/>
        <line num="21" count="6" type="stmt"/>
        <line num="22" count="6" type="stmt"/>
        <line num="23" count="6" type="stmt"/>
        <line num="24" count="6" type="stmt"/>
        <line num="25" count="6" type="stmt"/>
        <line num="26" count="6" type="stmt"/>
        <line num="27" count="6" type="stmt"/>
        <line num="28" count="6" type="stmt"/>
        <line num="29" count="6" type="stmt"/>
        <line num="30" count="6" type="stmt"/>
        <line num="31" count="6" type="stmt"/>
        <line num="32" count="6" type="stmt"/>
        <line num="33" count="6" type="stmt"/>
        <line num="34" count="6" type="stmt"/>
        <line num="35" count="6" type="stmt"/>
        <line num="36" count="6" type="stmt"/>
        <line num="37" count="6" type="stmt"/>
        <line num="38" count="6" type="stmt"/>
        <line num="39" count="6" type="stmt"/>
        <line num="40" count="6" type="stmt"/>
        <line num="41" count="6" type="stmt"/>
        <line num="42" count="6" type="stmt"/>
        <line num="43" count="6" type="stmt"/>
        <line num="44" count="6" type="stmt"/>
        <line num="45" count="6" type="stmt"/>
        <line num="46" count="6" type="stmt"/>
        <line num="47" count="6" type="stmt"/>
        <line num="48" count="6" type="stmt"/>
        <line num="49" count="6" type="stmt"/>
        <line num="50" count="6" type="stmt"/>
        <line num="51" count="6" type="stmt"/>
        <line num="52" count="6" type="stmt"/>
        <line num="54" count="6" type="stmt"/>
        <line num="55" count="6" type="stmt"/>
        <line num="56" count="6" type="stmt"/>
        <line num="57" count="6" type="stmt"/>
        <line num="58" count="6" type="stmt"/>
        <line num="59" count="6" type="stmt"/>
        <line num="60" count="6" type="stmt"/>
        <line num="61" count="6" type="stmt"/>
        <line num="62" count="6" type="stmt"/>
        <line num="63" count="6" type="stmt"/>
        <line num="64" count="6" type="stmt"/>
        <line num="65" count="6" type="stmt"/>
        <line num="66" count="6" type="stmt"/>
        <line num="67" count="6" type="stmt"/>
        <line num="68" count="6" type="stmt"/>
        <line num="69" count="6" type="stmt"/>
        <line num="70" count="6" type="stmt"/>
        <line num="71" count="6" type="stmt"/>
        <line num="72" count="6" type="stmt"/>
        <line num="73" count="6" type="stmt"/>
        <line num="74" count="6" type="stmt"/>
        <line num="75" count="6" type="stmt"/>
        <line num="76" count="6" type="stmt"/>
        <line num="77" count="6" type="stmt"/>
        <line num="78" count="6" type="stmt"/>
        <line num="79" count="6" type="stmt"/>
        <line num="80" count="6" type="stmt"/>
        <line num="81" count="6" type="stmt"/>
        <line num="82" count="6" type="stmt"/>
        <line num="83" count="6" type="stmt"/>
        <line num="84" count="6" type="stmt"/>
        <line num="85" count="6" type="stmt"/>
        <line num="86" count="6" type="stmt"/>
        <line num="88" count="6" type="stmt"/>
        <line num="89" count="6" type="stmt"/>
        <line num="90" count="6" type="stmt"/>
        <line num="91" count="6" type="stmt"/>
        <line num="92" count="6" type="stmt"/>
        <line num="93" count="6" type="stmt"/>
        <line num="94" count="6" type="stmt"/>
        <line num="95" count="6" type="stmt"/>
        <line num="96" count="6" type="stmt"/>
        <line num="97" count="6" type="stmt"/>
        <line num="98" count="6" type="stmt"/>
        <line num="99" count="6" type="stmt"/>
        <line num="100" count="6" type="stmt"/>
        <line num="101" count="6" type="stmt"/>
        <line num="102" count="6" type="stmt"/>
        <line num="103" count="6" type="stmt"/>
        <line num="104" count="6" type="stmt"/>
        <line num="105" count="6" type="stmt"/>
        <line num="106" count="6" type="stmt"/>
        <line num="107" count="6" type="stmt"/>
        <line num="108" count="6" type="stmt"/>
        <line num="109" count="6" type="stmt"/>
        <line num="110" count="6" type="stmt"/>
        <line num="111" count="6" type="stmt"/>
        <line num="112" count="6" type="stmt"/>
        <line num="113" count="6" type="stmt"/>
        <line num="114" count="6" type="stmt"/>
        <line num="115" count="6" type="stmt"/>
        <line num="116" count="6" type="stmt"/>
        <line num="117" count="6" type="stmt"/>
        <line num="118" count="6" type="stmt"/>
        <line num="119" count="6" type="stmt"/>
        <line num="120" count="6" type="stmt"/>
        <line num="122" count="6" type="stmt"/>
        <line num="123" count="6" type="stmt"/>
        <line num="124" count="6" type="stmt"/>
        <line num="125" count="6" type="stmt"/>
        <line num="126" count="6" type="stmt"/>
        <line num="127" count="6" type="stmt"/>
        <line num="128" count="6" type="stmt"/>
        <line num="129" count="6" type="stmt"/>
        <line num="130" count="6" type="stmt"/>
        <line num="131" count="6" type="stmt"/>
        <line num="132" count="6" type="stmt"/>
        <line num="133" count="6" type="stmt"/>
        <line num="134" count="6" type="stmt"/>
        <line num="135" count="6" type="stmt"/>
        <line num="136" count="6" type="stmt"/>
        <line num="137" count="6" type="stmt"/>
        <line num="138" count="6" type="stmt"/>
        <line num="139" count="6" type="stmt"/>
        <line num="140" count="6" type="stmt"/>
        <line num="141" count="6" type="stmt"/>
        <line num="142" count="6" type="stmt"/>
        <line num="143" count="6" type="stmt"/>
        <line num="144" count="6" type="stmt"/>
        <line num="145" count="6" type="stmt"/>
        <line num="146" count="6" type="stmt"/>
        <line num="147" count="6" type="stmt"/>
        <line num="148" count="6" type="stmt"/>
        <line num="149" count="6" type="stmt"/>
        <line num="150" count="6" type="stmt"/>
        <line num="151" count="6" type="stmt"/>
        <line num="152" count="6" type="stmt"/>
        <line num="153" count="6" type="stmt"/>
        <line num="154" count="6" type="stmt"/>
        <line num="156" count="6" type="stmt"/>
        <line num="157" count="6" type="stmt"/>
        <line num="158" count="6" type="stmt"/>
        <line num="159" count="6" type="stmt"/>
        <line num="160" count="6" type="stmt"/>
        <line num="161" count="6" type="stmt"/>
        <line num="162" count="6" type="stmt"/>
        <line num="163" count="6" type="stmt"/>
        <line num="164" count="6" type="stmt"/>
        <line num="165" count="6" type="stmt"/>
        <line num="166" count="6" type="stmt"/>
        <line num="167" count="6" type="stmt"/>
        <line num="168" count="6" type="stmt"/>
        <line num="169" count="6" type="stmt"/>
        <line num="170" count="6" type="stmt"/>
        <line num="171" count="6" type="stmt"/>
        <line num="172" count="6" type="stmt"/>
        <line num="173" count="6" type="stmt"/>
        <line num="174" count="6" type="stmt"/>
        <line num="175" count="6" type="stmt"/>
        <line num="176" count="6" type="stmt"/>
        <line num="177" count="6" type="stmt"/>
        <line num="178" count="6" type="stmt"/>
        <line num="179" count="6" type="stmt"/>
        <line num="180" count="6" type="stmt"/>
        <line num="181" count="6" type="stmt"/>
        <line num="182" count="6" type="stmt"/>
        <line num="183" count="6" type="stmt"/>
        <line num="184" count="6" type="stmt"/>
        <line num="185" count="6" type="stmt"/>
        <line num="186" count="6" type="stmt"/>
        <line num="187" count="6" type="stmt"/>
        <line num="188" count="6" type="stmt"/>
        <line num="190" count="6" type="stmt"/>
        <line num="191" count="6" type="stmt"/>
        <line num="192" count="6" type="stmt"/>
        <line num="193" count="6" type="stmt"/>
        <line num="194" count="6" type="stmt"/>
        <line num="195" count="6" type="stmt"/>
        <line num="196" count="6" type="stmt"/>
        <line num="197" count="6" type="stmt"/>
        <line num="198" count="6" type="stmt"/>
        <line num="199" count="6" type="stmt"/>
        <line num="200" count="6" type="stmt"/>
        <line num="201" count="6" type="stmt"/>
        <line num="202" count="6" type="stmt"/>
        <line num="203" count="6" type="stmt"/>
        <line num="204" count="6" type="stmt"/>
        <line num="205" count="6" type="stmt"/>
        <line num="206" count="6" type="stmt"/>
        <line num="207" count="6" type="stmt"/>
        <line num="208" count="6" type="stmt"/>
        <line num="209" count="6" type="stmt"/>
        <line num="210" count="6" type="stmt"/>
        <line num="211" count="6" type="stmt"/>
        <line num="212" count="6" type="stmt"/>
        <line num="213" count="6" type="stmt"/>
        <line num="214" count="6" type="stmt"/>
        <line num="215" count="6" type="stmt"/>
        <line num="216" count="6" type="stmt"/>
        <line num="217" count="6" type="stmt"/>
        <line num="218" count="6" type="stmt"/>
        <line num="219" count="6" type="stmt"/>
        <line num="220" count="6" type="stmt"/>
        <line num="221" count="6" type="stmt"/>
        <line num="222" count="6" type="stmt"/>
        <line num="224" count="6" type="stmt"/>
        <line num="225" count="162" type="stmt"/>
        <line num="226" count="162" type="cond" truecount="6" falsecount="0"/>
        <line num="228" count="33" type="stmt"/>
        <line num="229" count="33" type="stmt"/>
        <line num="231" count="32" type="stmt"/>
        <line num="232" count="32" type="stmt"/>
        <line num="234" count="32" type="stmt"/>
        <line num="235" count="32" type="stmt"/>
        <line num="237" count="32" type="stmt"/>
        <line num="238" count="32" type="stmt"/>
        <line num="240" count="32" type="stmt"/>
        <line num="241" count="32" type="stmt"/>
        <line num="243" count="1" type="stmt"/>
        <line num="245" count="162" type="stmt"/>
        <line num="249" count="2" type="stmt"/>
        <line num="250" count="2" type="stmt"/>
        <line num="252" count="2" type="cond" truecount="4" falsecount="0"/>
        <line num="253" count="2" type="stmt"/>
        <line num="259" count="6" type="stmt"/>
      </file>
      <file name="reel2.js" path="/Users/whynew/egm-gateway-server/src/services/game-service/reels/reel2.js">
        <metrics statements="220" coveredstatements="220" conditionals="10" coveredconditionals="10" methods="2" coveredmethods="2"/>
        <line num="18" count="6" type="stmt"/>
        <line num="19" count="6" type="stmt"/>
        <line num="21" count="6" type="stmt"/>
        <line num="22" count="6" type="stmt"/>
        <line num="23" count="6" type="stmt"/>
        <line num="24" count="6" type="stmt"/>
        <line num="25" count="6" type="stmt"/>
        <line num="26" count="6" type="stmt"/>
        <line num="27" count="6" type="stmt"/>
        <line num="28" count="6" type="stmt"/>
        <line num="29" count="6" type="stmt"/>
        <line num="30" count="6" type="stmt"/>
        <line num="31" count="6" type="stmt"/>
        <line num="32" count="6" type="stmt"/>
        <line num="33" count="6" type="stmt"/>
        <line num="34" count="6" type="stmt"/>
        <line num="35" count="6" type="stmt"/>
        <line num="36" count="6" type="stmt"/>
        <line num="37" count="6" type="stmt"/>
        <line num="38" count="6" type="stmt"/>
        <line num="39" count="6" type="stmt"/>
        <line num="40" count="6" type="stmt"/>
        <line num="41" count="6" type="stmt"/>
        <line num="42" count="6" type="stmt"/>
        <line num="43" count="6" type="stmt"/>
        <line num="44" count="6" type="stmt"/>
        <line num="45" count="6" type="stmt"/>
        <line num="46" count="6" type="stmt"/>
        <line num="47" count="6" type="stmt"/>
        <line num="48" count="6" type="stmt"/>
        <line num="49" count="6" type="stmt"/>
        <line num="50" count="6" type="stmt"/>
        <line num="51" count="6" type="stmt"/>
        <line num="52" count="6" type="stmt"/>
        <line num="53" count="6" type="stmt"/>
        <line num="55" count="6" type="stmt"/>
        <line num="56" count="6" type="stmt"/>
        <line num="57" count="6" type="stmt"/>
        <line num="58" count="6" type="stmt"/>
        <line num="59" count="6" type="stmt"/>
        <line num="60" count="6" type="stmt"/>
        <line num="61" count="6" type="stmt"/>
        <line num="62" count="6" type="stmt"/>
        <line num="63" count="6" type="stmt"/>
        <line num="64" count="6" type="stmt"/>
        <line num="65" count="6" type="stmt"/>
        <line num="66" count="6" type="stmt"/>
        <line num="67" count="6" type="stmt"/>
        <line num="68" count="6" type="stmt"/>
        <line num="69" count="6" type="stmt"/>
        <line num="70" count="6" type="stmt"/>
        <line num="71" count="6" type="stmt"/>
        <line num="72" count="6" type="stmt"/>
        <line num="73" count="6" type="stmt"/>
        <line num="74" count="6" type="stmt"/>
        <line num="75" count="6" type="stmt"/>
        <line num="76" count="6" type="stmt"/>
        <line num="77" count="6" type="stmt"/>
        <line num="78" count="6" type="stmt"/>
        <line num="79" count="6" type="stmt"/>
        <line num="80" count="6" type="stmt"/>
        <line num="81" count="6" type="stmt"/>
        <line num="82" count="6" type="stmt"/>
        <line num="83" count="6" type="stmt"/>
        <line num="84" count="6" type="stmt"/>
        <line num="85" count="6" type="stmt"/>
        <line num="86" count="6" type="stmt"/>
        <line num="87" count="6" type="stmt"/>
        <line num="89" count="6" type="stmt"/>
        <line num="90" count="6" type="stmt"/>
        <line num="91" count="6" type="stmt"/>
        <line num="92" count="6" type="stmt"/>
        <line num="93" count="6" type="stmt"/>
        <line num="94" count="6" type="stmt"/>
        <line num="95" count="6" type="stmt"/>
        <line num="96" count="6" type="stmt"/>
        <line num="97" count="6" type="stmt"/>
        <line num="98" count="6" type="stmt"/>
        <line num="99" count="6" type="stmt"/>
        <line num="100" count="6" type="stmt"/>
        <line num="101" count="6" type="stmt"/>
        <line num="102" count="6" type="stmt"/>
        <line num="103" count="6" type="stmt"/>
        <line num="104" count="6" type="stmt"/>
        <line num="105" count="6" type="stmt"/>
        <line num="106" count="6" type="stmt"/>
        <line num="107" count="6" type="stmt"/>
        <line num="108" count="6" type="stmt"/>
        <line num="109" count="6" type="stmt"/>
        <line num="110" count="6" type="stmt"/>
        <line num="111" count="6" type="stmt"/>
        <line num="112" count="6" type="stmt"/>
        <line num="113" count="6" type="stmt"/>
        <line num="114" count="6" type="stmt"/>
        <line num="115" count="6" type="stmt"/>
        <line num="116" count="6" type="stmt"/>
        <line num="117" count="6" type="stmt"/>
        <line num="118" count="6" type="stmt"/>
        <line num="119" count="6" type="stmt"/>
        <line num="120" count="6" type="stmt"/>
        <line num="121" count="6" type="stmt"/>
        <line num="123" count="6" type="stmt"/>
        <line num="124" count="6" type="stmt"/>
        <line num="125" count="6" type="stmt"/>
        <line num="126" count="6" type="stmt"/>
        <line num="127" count="6" type="stmt"/>
        <line num="128" count="6" type="stmt"/>
        <line num="129" count="6" type="stmt"/>
        <line num="130" count="6" type="stmt"/>
        <line num="131" count="6" type="stmt"/>
        <line num="132" count="6" type="stmt"/>
        <line num="133" count="6" type="stmt"/>
        <line num="134" count="6" type="stmt"/>
        <line num="135" count="6" type="stmt"/>
        <line num="136" count="6" type="stmt"/>
        <line num="137" count="6" type="stmt"/>
        <line num="138" count="6" type="stmt"/>
        <line num="139" count="6" type="stmt"/>
        <line num="140" count="6" type="stmt"/>
        <line num="141" count="6" type="stmt"/>
        <line num="142" count="6" type="stmt"/>
        <line num="143" count="6" type="stmt"/>
        <line num="144" count="6" type="stmt"/>
        <line num="145" count="6" type="stmt"/>
        <line num="146" count="6" type="stmt"/>
        <line num="147" count="6" type="stmt"/>
        <line num="148" count="6" type="stmt"/>
        <line num="149" count="6" type="stmt"/>
        <line num="150" count="6" type="stmt"/>
        <line num="151" count="6" type="stmt"/>
        <line num="152" count="6" type="stmt"/>
        <line num="153" count="6" type="stmt"/>
        <line num="154" count="6" type="stmt"/>
        <line num="155" count="6" type="stmt"/>
        <line num="157" count="6" type="stmt"/>
        <line num="158" count="6" type="stmt"/>
        <line num="159" count="6" type="stmt"/>
        <line num="160" count="6" type="stmt"/>
        <line num="161" count="6" type="stmt"/>
        <line num="162" count="6" type="stmt"/>
        <line num="163" count="6" type="stmt"/>
        <line num="164" count="6" type="stmt"/>
        <line num="165" count="6" type="stmt"/>
        <line num="166" count="6" type="stmt"/>
        <line num="167" count="6" type="stmt"/>
        <line num="168" count="6" type="stmt"/>
        <line num="169" count="6" type="stmt"/>
        <line num="170" count="6" type="stmt"/>
        <line num="171" count="6" type="stmt"/>
        <line num="172" count="6" type="stmt"/>
        <line num="173" count="6" type="stmt"/>
        <line num="174" count="6" type="stmt"/>
        <line num="175" count="6" type="stmt"/>
        <line num="176" count="6" type="stmt"/>
        <line num="177" count="6" type="stmt"/>
        <line num="178" count="6" type="stmt"/>
        <line num="179" count="6" type="stmt"/>
        <line num="180" count="6" type="stmt"/>
        <line num="181" count="6" type="stmt"/>
        <line num="182" count="6" type="stmt"/>
        <line num="183" count="6" type="stmt"/>
        <line num="184" count="6" type="stmt"/>
        <line num="185" count="6" type="stmt"/>
        <line num="186" count="6" type="stmt"/>
        <line num="187" count="6" type="stmt"/>
        <line num="188" count="6" type="stmt"/>
        <line num="189" count="6" type="stmt"/>
        <line num="191" count="6" type="stmt"/>
        <line num="192" count="6" type="stmt"/>
        <line num="193" count="6" type="stmt"/>
        <line num="194" count="6" type="stmt"/>
        <line num="195" count="6" type="stmt"/>
        <line num="196" count="6" type="stmt"/>
        <line num="197" count="6" type="stmt"/>
        <line num="198" count="6" type="stmt"/>
        <line num="199" count="6" type="stmt"/>
        <line num="200" count="6" type="stmt"/>
        <line num="201" count="6" type="stmt"/>
        <line num="202" count="6" type="stmt"/>
        <line num="203" count="6" type="stmt"/>
        <line num="204" count="6" type="stmt"/>
        <line num="205" count="6" type="stmt"/>
        <line num="206" count="6" type="stmt"/>
        <line num="207" count="6" type="stmt"/>
        <line num="208" count="6" type="stmt"/>
        <line num="209" count="6" type="stmt"/>
        <line num="210" count="6" type="stmt"/>
        <line num="211" count="6" type="stmt"/>
        <line num="212" count="6" type="stmt"/>
        <line num="213" count="6" type="stmt"/>
        <line num="214" count="6" type="stmt"/>
        <line num="215" count="6" type="stmt"/>
        <line num="216" count="6" type="stmt"/>
        <line num="217" count="6" type="stmt"/>
        <line num="218" count="6" type="stmt"/>
        <line num="219" count="6" type="stmt"/>
        <line num="220" count="6" type="stmt"/>
        <line num="221" count="6" type="stmt"/>
        <line num="222" count="6" type="stmt"/>
        <line num="223" count="6" type="stmt"/>
        <line num="225" count="6" type="stmt"/>
        <line num="226" count="162" type="stmt"/>
        <line num="227" count="162" type="cond" truecount="6" falsecount="0"/>
        <line num="229" count="33" type="stmt"/>
        <line num="230" count="33" type="stmt"/>
        <line num="232" count="32" type="stmt"/>
        <line num="233" count="32" type="stmt"/>
        <line num="235" count="32" type="stmt"/>
        <line num="236" count="32" type="stmt"/>
        <line num="238" count="32" type="stmt"/>
        <line num="239" count="32" type="stmt"/>
        <line num="241" count="32" type="stmt"/>
        <line num="242" count="32" type="stmt"/>
        <line num="244" count="1" type="stmt"/>
        <line num="246" count="162" type="stmt"/>
        <line num="250" count="2" type="stmt"/>
        <line num="251" count="2" type="stmt"/>
        <line num="253" count="2" type="cond" truecount="4" falsecount="0"/>
        <line num="254" count="2" type="stmt"/>
        <line num="260" count="6" type="stmt"/>
      </file>
      <file name="reel3.js" path="/Users/whynew/egm-gateway-server/src/services/game-service/reels/reel3.js">
        <metrics statements="220" coveredstatements="220" conditionals="10" coveredconditionals="10" methods="2" coveredmethods="2"/>
        <line num="18" count="6" type="stmt"/>
        <line num="19" count="6" type="stmt"/>
        <line num="21" count="6" type="stmt"/>
        <line num="22" count="6" type="stmt"/>
        <line num="23" count="6" type="stmt"/>
        <line num="24" count="6" type="stmt"/>
        <line num="25" count="6" type="stmt"/>
        <line num="26" count="6" type="stmt"/>
        <line num="27" count="6" type="stmt"/>
        <line num="28" count="6" type="stmt"/>
        <line num="29" count="6" type="stmt"/>
        <line num="30" count="6" type="stmt"/>
        <line num="31" count="6" type="stmt"/>
        <line num="32" count="6" type="stmt"/>
        <line num="33" count="6" type="stmt"/>
        <line num="34" count="6" type="stmt"/>
        <line num="35" count="6" type="stmt"/>
        <line num="36" count="6" type="stmt"/>
        <line num="37" count="6" type="stmt"/>
        <line num="38" count="6" type="stmt"/>
        <line num="39" count="6" type="stmt"/>
        <line num="40" count="6" type="stmt"/>
        <line num="41" count="6" type="stmt"/>
        <line num="42" count="6" type="stmt"/>
        <line num="43" count="6" type="stmt"/>
        <line num="44" count="6" type="stmt"/>
        <line num="45" count="6" type="stmt"/>
        <line num="46" count="6" type="stmt"/>
        <line num="47" count="6" type="stmt"/>
        <line num="48" count="6" type="stmt"/>
        <line num="49" count="6" type="stmt"/>
        <line num="50" count="6" type="stmt"/>
        <line num="51" count="6" type="stmt"/>
        <line num="52" count="6" type="stmt"/>
        <line num="53" count="6" type="stmt"/>
        <line num="55" count="6" type="stmt"/>
        <line num="56" count="6" type="stmt"/>
        <line num="57" count="6" type="stmt"/>
        <line num="58" count="6" type="stmt"/>
        <line num="59" count="6" type="stmt"/>
        <line num="60" count="6" type="stmt"/>
        <line num="61" count="6" type="stmt"/>
        <line num="62" count="6" type="stmt"/>
        <line num="63" count="6" type="stmt"/>
        <line num="64" count="6" type="stmt"/>
        <line num="65" count="6" type="stmt"/>
        <line num="66" count="6" type="stmt"/>
        <line num="67" count="6" type="stmt"/>
        <line num="68" count="6" type="stmt"/>
        <line num="69" count="6" type="stmt"/>
        <line num="70" count="6" type="stmt"/>
        <line num="71" count="6" type="stmt"/>
        <line num="72" count="6" type="stmt"/>
        <line num="73" count="6" type="stmt"/>
        <line num="74" count="6" type="stmt"/>
        <line num="75" count="6" type="stmt"/>
        <line num="76" count="6" type="stmt"/>
        <line num="77" count="6" type="stmt"/>
        <line num="78" count="6" type="stmt"/>
        <line num="79" count="6" type="stmt"/>
        <line num="80" count="6" type="stmt"/>
        <line num="81" count="6" type="stmt"/>
        <line num="82" count="6" type="stmt"/>
        <line num="83" count="6" type="stmt"/>
        <line num="84" count="6" type="stmt"/>
        <line num="85" count="6" type="stmt"/>
        <line num="86" count="6" type="stmt"/>
        <line num="87" count="6" type="stmt"/>
        <line num="89" count="6" type="stmt"/>
        <line num="90" count="6" type="stmt"/>
        <line num="91" count="6" type="stmt"/>
        <line num="92" count="6" type="stmt"/>
        <line num="93" count="6" type="stmt"/>
        <line num="94" count="6" type="stmt"/>
        <line num="95" count="6" type="stmt"/>
        <line num="96" count="6" type="stmt"/>
        <line num="97" count="6" type="stmt"/>
        <line num="98" count="6" type="stmt"/>
        <line num="99" count="6" type="stmt"/>
        <line num="100" count="6" type="stmt"/>
        <line num="101" count="6" type="stmt"/>
        <line num="102" count="6" type="stmt"/>
        <line num="103" count="6" type="stmt"/>
        <line num="104" count="6" type="stmt"/>
        <line num="105" count="6" type="stmt"/>
        <line num="106" count="6" type="stmt"/>
        <line num="107" count="6" type="stmt"/>
        <line num="108" count="6" type="stmt"/>
        <line num="109" count="6" type="stmt"/>
        <line num="110" count="6" type="stmt"/>
        <line num="111" count="6" type="stmt"/>
        <line num="112" count="6" type="stmt"/>
        <line num="113" count="6" type="stmt"/>
        <line num="114" count="6" type="stmt"/>
        <line num="115" count="6" type="stmt"/>
        <line num="116" count="6" type="stmt"/>
        <line num="117" count="6" type="stmt"/>
        <line num="118" count="6" type="stmt"/>
        <line num="119" count="6" type="stmt"/>
        <line num="120" count="6" type="stmt"/>
        <line num="121" count="6" type="stmt"/>
        <line num="123" count="6" type="stmt"/>
        <line num="124" count="6" type="stmt"/>
        <line num="125" count="6" type="stmt"/>
        <line num="126" count="6" type="stmt"/>
        <line num="127" count="6" type="stmt"/>
        <line num="128" count="6" type="stmt"/>
        <line num="129" count="6" type="stmt"/>
        <line num="130" count="6" type="stmt"/>
        <line num="131" count="6" type="stmt"/>
        <line num="132" count="6" type="stmt"/>
        <line num="133" count="6" type="stmt"/>
        <line num="134" count="6" type="stmt"/>
        <line num="135" count="6" type="stmt"/>
        <line num="136" count="6" type="stmt"/>
        <line num="137" count="6" type="stmt"/>
        <line num="138" count="6" type="stmt"/>
        <line num="139" count="6" type="stmt"/>
        <line num="140" count="6" type="stmt"/>
        <line num="141" count="6" type="stmt"/>
        <line num="142" count="6" type="stmt"/>
        <line num="143" count="6" type="stmt"/>
        <line num="144" count="6" type="stmt"/>
        <line num="145" count="6" type="stmt"/>
        <line num="146" count="6" type="stmt"/>
        <line num="147" count="6" type="stmt"/>
        <line num="148" count="6" type="stmt"/>
        <line num="149" count="6" type="stmt"/>
        <line num="150" count="6" type="stmt"/>
        <line num="151" count="6" type="stmt"/>
        <line num="152" count="6" type="stmt"/>
        <line num="153" count="6" type="stmt"/>
        <line num="154" count="6" type="stmt"/>
        <line num="155" count="6" type="stmt"/>
        <line num="157" count="6" type="stmt"/>
        <line num="158" count="6" type="stmt"/>
        <line num="159" count="6" type="stmt"/>
        <line num="160" count="6" type="stmt"/>
        <line num="161" count="6" type="stmt"/>
        <line num="162" count="6" type="stmt"/>
        <line num="163" count="6" type="stmt"/>
        <line num="164" count="6" type="stmt"/>
        <line num="165" count="6" type="stmt"/>
        <line num="166" count="6" type="stmt"/>
        <line num="167" count="6" type="stmt"/>
        <line num="168" count="6" type="stmt"/>
        <line num="169" count="6" type="stmt"/>
        <line num="170" count="6" type="stmt"/>
        <line num="171" count="6" type="stmt"/>
        <line num="172" count="6" type="stmt"/>
        <line num="173" count="6" type="stmt"/>
        <line num="174" count="6" type="stmt"/>
        <line num="175" count="6" type="stmt"/>
        <line num="176" count="6" type="stmt"/>
        <line num="177" count="6" type="stmt"/>
        <line num="178" count="6" type="stmt"/>
        <line num="179" count="6" type="stmt"/>
        <line num="180" count="6" type="stmt"/>
        <line num="181" count="6" type="stmt"/>
        <line num="182" count="6" type="stmt"/>
        <line num="183" count="6" type="stmt"/>
        <line num="184" count="6" type="stmt"/>
        <line num="185" count="6" type="stmt"/>
        <line num="186" count="6" type="stmt"/>
        <line num="187" count="6" type="stmt"/>
        <line num="188" count="6" type="stmt"/>
        <line num="189" count="6" type="stmt"/>
        <line num="191" count="6" type="stmt"/>
        <line num="192" count="6" type="stmt"/>
        <line num="193" count="6" type="stmt"/>
        <line num="194" count="6" type="stmt"/>
        <line num="195" count="6" type="stmt"/>
        <line num="196" count="6" type="stmt"/>
        <line num="197" count="6" type="stmt"/>
        <line num="198" count="6" type="stmt"/>
        <line num="199" count="6" type="stmt"/>
        <line num="200" count="6" type="stmt"/>
        <line num="201" count="6" type="stmt"/>
        <line num="202" count="6" type="stmt"/>
        <line num="203" count="6" type="stmt"/>
        <line num="204" count="6" type="stmt"/>
        <line num="205" count="6" type="stmt"/>
        <line num="206" count="6" type="stmt"/>
        <line num="207" count="6" type="stmt"/>
        <line num="208" count="6" type="stmt"/>
        <line num="209" count="6" type="stmt"/>
        <line num="210" count="6" type="stmt"/>
        <line num="211" count="6" type="stmt"/>
        <line num="212" count="6" type="stmt"/>
        <line num="213" count="6" type="stmt"/>
        <line num="214" count="6" type="stmt"/>
        <line num="215" count="6" type="stmt"/>
        <line num="216" count="6" type="stmt"/>
        <line num="217" count="6" type="stmt"/>
        <line num="218" count="6" type="stmt"/>
        <line num="219" count="6" type="stmt"/>
        <line num="220" count="6" type="stmt"/>
        <line num="221" count="6" type="stmt"/>
        <line num="222" count="6" type="stmt"/>
        <line num="223" count="6" type="stmt"/>
        <line num="225" count="6" type="stmt"/>
        <line num="226" count="162" type="stmt"/>
        <line num="227" count="162" type="cond" truecount="6" falsecount="0"/>
        <line num="229" count="33" type="stmt"/>
        <line num="230" count="33" type="stmt"/>
        <line num="232" count="32" type="stmt"/>
        <line num="233" count="32" type="stmt"/>
        <line num="235" count="32" type="stmt"/>
        <line num="236" count="32" type="stmt"/>
        <line num="238" count="32" type="stmt"/>
        <line num="239" count="32" type="stmt"/>
        <line num="241" count="32" type="stmt"/>
        <line num="242" count="32" type="stmt"/>
        <line num="244" count="1" type="stmt"/>
        <line num="246" count="162" type="stmt"/>
        <line num="250" count="2" type="stmt"/>
        <line num="251" count="2" type="stmt"/>
        <line num="253" count="2" type="cond" truecount="4" falsecount="0"/>
        <line num="254" count="2" type="stmt"/>
        <line num="260" count="6" type="stmt"/>
      </file>
      <file name="util.js" path="/Users/whynew/egm-gateway-server/src/services/game-service/reels/util.js">
        <metrics statements="7" coveredstatements="7" conditionals="2" coveredconditionals="2" methods="1" coveredmethods="1"/>
        <line num="18" count="6" type="stmt"/>
        <line num="19" count="483" type="stmt"/>
        <line num="20" count="483" type="stmt"/>
        <line num="21" count="15456" type="cond" truecount="2" falsecount="0"/>
        <line num="22" count="483" type="stmt"/>
        <line num="25" count="483" type="stmt"/>
        <line num="28" count="6" type="stmt"/>
      </file>
    </package>
    <package name="services.game-service.secondary">
      <metrics statements="141" coveredstatements="141" conditionals="44" coveredconditionals="44" methods="15" coveredmethods="15"/>
      <file name="hit-or-miss.js" path="/Users/whynew/egm-gateway-server/src/services/game-service/secondary/hit-or-miss.js">
        <metrics statements="26" coveredstatements="26" conditionals="10" coveredconditionals="10" methods="3" coveredmethods="3"/>
        <line num="18" count="6" type="stmt"/>
        <line num="19" count="6" type="stmt"/>
        <line num="21" count="6" type="stmt"/>
        <line num="22" count="6" type="stmt"/>
        <line num="23" count="6" type="stmt"/>
        <line num="25" count="6" type="stmt"/>
        <line num="34" count="4" type="stmt"/>
        <line num="35" count="4" type="cond" truecount="2" falsecount="0"/>
        <line num="37" count="3" type="cond" truecount="2" falsecount="0"/>
        <line num="39" count="2" type="cond" truecount="2" falsecount="0"/>
        <line num="41" count="1" type="stmt"/>
        <line num="42" count="1" type="stmt"/>
        <line num="44" count="1" type="stmt"/>
        <line num="46" count="2" type="stmt"/>
        <line num="48" count="1" type="stmt"/>
        <line num="50" count="3" type="stmt"/>
        <line num="52" count="1" type="stmt"/>
        <line num="54" count="4" type="stmt"/>
        <line num="58" count="13" type="stmt"/>
        <line num="59" count="13" type="stmt"/>
        <line num="60" count="26" type="cond" truecount="4" falsecount="0"/>
        <line num="61" count="13" type="stmt"/>
        <line num="64" count="13" type="stmt"/>
        <line num="68" count="13" type="stmt"/>
        <line num="70" count="13" type="stmt"/>
        <line num="83" count="6" type="stmt"/>
      </file>
      <file name="money-wheel.js" path="/Users/whynew/egm-gateway-server/src/services/game-service/secondary/money-wheel.js">
        <metrics statements="34" coveredstatements="34" conditionals="8" coveredconditionals="8" methods="3" coveredmethods="3"/>
        <line num="18" count="6" type="stmt"/>
        <line num="19" count="6" type="stmt"/>
        <line num="21" count="6" type="stmt"/>
        <line num="22" count="6" type="stmt"/>
        <line num="23" count="6" type="stmt"/>
        <line num="24" count="6" type="stmt"/>
        <line num="25" count="6" type="stmt"/>
        <line num="26" count="6" type="stmt"/>
        <line num="27" count="6" type="stmt"/>
        <line num="28" count="6" type="stmt"/>
        <line num="29" count="6" type="stmt"/>
        <line num="30" count="6" type="stmt"/>
        <line num="31" count="6" type="stmt"/>
        <line num="32" count="6" type="stmt"/>
        <line num="33" count="6" type="stmt"/>
        <line num="34" count="6" type="stmt"/>
        <line num="35" count="6" type="stmt"/>
        <line num="36" count="6" type="stmt"/>
        <line num="37" count="6" type="stmt"/>
        <line num="39" count="6" type="stmt"/>
        <line num="62" count="6" type="stmt"/>
        <line num="64" count="6" type="cond" truecount="2" falsecount="0"/>
        <line num="66" count="5" type="cond" truecount="2" falsecount="0"/>
        <line num="67" count="5" type="stmt"/>
        <line num="69" count="1" type="stmt"/>
        <line num="72" count="6" type="stmt"/>
        <line num="76" count="49" type="stmt"/>
        <line num="77" count="49" type="stmt"/>
        <line num="78" count="784" type="cond" truecount="4" falsecount="0"/>
        <line num="79" count="49" type="stmt"/>
        <line num="82" count="49" type="stmt"/>
        <line num="86" count="49" type="stmt"/>
        <line num="87" count="49" type="stmt"/>
        <line num="100" count="6" type="stmt"/>
      </file>
      <file name="one-of-three.js" path="/Users/whynew/egm-gateway-server/src/services/game-service/secondary/one-of-three.js">
        <metrics statements="24" coveredstatements="24" conditionals="10" coveredconditionals="10" methods="3" coveredmethods="3"/>
        <line num="18" count="6" type="stmt"/>
        <line num="19" count="6" type="stmt"/>
        <line num="21" count="6" type="stmt"/>
        <line num="22" count="6" type="stmt"/>
        <line num="23" count="6" type="stmt"/>
        <line num="24" count="6" type="stmt"/>
        <line num="26" count="6" type="stmt"/>
        <line num="36" count="2" type="stmt"/>
        <line num="37" count="2" type="cond" truecount="2" falsecount="0"/>
        <line num="39" count="1" type="stmt"/>
        <line num="40" count="1" type="stmt"/>
        <line num="42" count="1" type="stmt"/>
        <line num="44" count="2" type="stmt"/>
        <line num="48" count="55" type="stmt"/>
        <line num="49" count="55" type="stmt"/>
        <line num="50" count="165" type="cond" truecount="4" falsecount="0"/>
        <line num="51" count="55" type="stmt"/>
        <line num="54" count="55" type="stmt"/>
        <line num="58" count="55" type="stmt"/>
        <line num="59" count="55" type="stmt"/>
        <line num="65" count="55" type="stmt"/>
        <line num="71" count="55" type="stmt"/>
        <line num="77" count="55" type="stmt"/>
        <line num="96" count="6" type="stmt"/>
      </file>
      <file name="random.js" path="/Users/whynew/egm-gateway-server/src/services/game-service/secondary/random.js">
        <metrics statements="21" coveredstatements="21" conditionals="6" coveredconditionals="6" methods="3" coveredmethods="3"/>
        <line num="19" count="6" type="stmt"/>
        <line num="22" count="6" type="stmt"/>
        <line num="23" count="6" type="stmt"/>
        <line num="24" count="6" type="stmt"/>
        <line num="25" count="6" type="stmt"/>
        <line num="26" count="6" type="stmt"/>
        <line num="28" count="6" type="stmt"/>
        <line num="38" count="2" type="stmt"/>
        <line num="39" count="2" type="cond" truecount="2" falsecount="0"/>
        <line num="41" count="1" type="stmt"/>
        <line num="42" count="1" type="stmt"/>
        <line num="44" count="1" type="stmt"/>
        <line num="46" count="2" type="stmt"/>
        <line num="50" count="49" type="stmt"/>
        <line num="51" count="49" type="stmt"/>
        <line num="52" count="196" type="cond" truecount="4" falsecount="0"/>
        <line num="53" count="49" type="stmt"/>
        <line num="56" count="49" type="stmt"/>
        <line num="60" count="49" type="stmt"/>
        <line num="61" count="49" type="stmt"/>
        <line num="74" count="6" type="stmt"/>
      </file>
      <file name="six-of-eighteen.js" path="/Users/whynew/egm-gateway-server/src/services/game-service/secondary/six-of-eighteen.js">
        <metrics statements="36" coveredstatements="36" conditionals="10" coveredconditionals="10" methods="3" coveredmethods="3"/>
        <line num="18" count="6" type="stmt"/>
        <line num="19" count="6" type="stmt"/>
        <line num="21" count="6" type="stmt"/>
        <line num="22" count="6" type="stmt"/>
        <line num="23" count="6" type="stmt"/>
        <line num="24" count="6" type="stmt"/>
        <line num="25" count="6" type="stmt"/>
        <line num="26" count="6" type="stmt"/>
        <line num="27" count="6" type="stmt"/>
        <line num="28" count="6" type="stmt"/>
        <line num="30" count="6" type="stmt"/>
        <line num="43" count="4" type="stmt"/>
        <line num="44" count="4" type="cond" truecount="2" falsecount="0"/>
        <line num="46" count="3" type="cond" truecount="2" falsecount="0"/>
        <line num="48" count="2" type="cond" truecount="2" falsecount="0"/>
        <line num="50" count="1" type="stmt"/>
        <line num="51" count="1" type="stmt"/>
        <line num="53" count="1" type="stmt"/>
        <line num="55" count="2" type="stmt"/>
        <line num="57" count="1" type="stmt"/>
        <line num="59" count="3" type="stmt"/>
        <line num="61" count="1" type="stmt"/>
        <line num="63" count="4" type="stmt"/>
        <line num="67" count="372" type="stmt"/>
        <line num="68" count="372" type="stmt"/>
        <line num="69" count="2604" type="cond" truecount="4" falsecount="0"/>
        <line num="70" count="372" type="stmt"/>
        <line num="73" count="372" type="stmt"/>
        <line num="86" count="62" type="stmt"/>
        <line num="90" count="62" type="stmt"/>
        <line num="94" count="62" type="stmt"/>
        <line num="98" count="62" type="stmt"/>
        <line num="102" count="62" type="stmt"/>
        <line num="106" count="62" type="stmt"/>
        <line num="111" count="62" type="stmt"/>
        <line num="154" count="6" type="stmt"/>
      </file>
    </package>
  </project>
</coverage>
