{"/Users/whynew/egm-gateway-server/src/services/random.js": {"path":"/Users/whynew/egm-gateway-server/src/services/random.js","statementMap":{"0":{"start":{"line":18,"column":24},"end":{"line":18,"column":41}},"1":{"start":{"line":21,"column":19},"end":{"line":21,"column":33}},"2":{"start":{"line":22,"column":2},"end":{"line":22,"column":33}},"3":{"start":{"line":26,"column":20},"end":{"line":26,"column":34}},"4":{"start":{"line":27,"column":21},"end":{"line":27,"column":36}},"5":{"start":{"line":28,"column":2},"end":{"line":28,"column":74}},"6":{"start":{"line":31,"column":0},"end":{"line":31,"column":52}}},"fnMap":{"0":{"name":"getRandomReelPos","decl":{"start":{"line":20,"column":9},"end":{"line":20,"column":25}},"loc":{"start":{"line":20,"column":28},"end":{"line":23,"column":1}},"line":20},"1":{"name":"getRandomInt","decl":{"start":{"line":25,"column":9},"end":{"line":25,"column":21}},"loc":{"start":{"line":25,"column":32},"end":{"line":29,"column":1}},"line":25}},"branchMap":{},"s":{"0":7,"1":9,"2":9,"3":2,"4":2,"5":2,"6":7},"f":{"0":9,"1":2},"b":{},"_coverageSchema":"1a1c01bbd47fc00a2c39e90264f33305004495a9","hash":"cb1d5daf546db6e77e4775e9cf9ab709629c0be7"}
,"/Users/whynew/egm-gateway-server/src/services/game-service/index.js": {"path":"/Users/whynew/egm-gateway-server/src/services/game-service/index.js","statementMap":{"0":{"start":{"line":18,"column":38},"end":{"line":18,"column":62}},"1":{"start":{"line":19,"column":38},"end":{"line":19,"column":62}},"2":{"start":{"line":20,"column":38},"end":{"line":20,"column":62}},"3":{"start":{"line":27,"column":4},"end":{"line":27,"column":25}},"4":{"start":{"line":28,"column":32},"end":{"line":28,"column":70}},"5":{"start":{"line":29,"column":28},"end":{"line":29,"column":62}},"6":{"start":{"line":30,"column":25},"end":{"line":30,"column":54}},"7":{"start":{"line":31,"column":29},"end":{"line":31,"column":64}},"8":{"start":{"line":32,"column":24},"end":{"line":32,"column":58}},"9":{"start":{"line":34,"column":14},"end":{"line":47,"column":1}},"10":{"start":{"line":49,"column":23},"end":{"line":513,"column":1}},"11":{"start":{"line":515,"column":0},"end":{"line":525,"column":2}}},"fnMap":{},"branchMap":{},"s":{"0":6,"1":6,"2":6,"3":6,"4":6,"5":6,"6":6,"7":6,"8":6,"9":6,"10":6,"11":6},"f":{},"b":{},"_coverageSchema":"1a1c01bbd47fc00a2c39e90264f33305004495a9","hash":"02b7fcc18ada3c03b3f071979e58f566de54d866"}
,"/Users/whynew/egm-gateway-server/src/services/game-service/paytable/index.js": {"path":"/Users/whynew/egm-gateway-server/src/services/game-service/paytable/index.js","statementMap":{"0":{"start":{"line":19,"column":19},"end":{"line":19,"column":34}},"1":{"start":{"line":20,"column":24},"end":{"line":20,"column":25}},"2":{"start":{"line":21,"column":20},"end":{"line":21,"column":56}},"3":{"start":{"line":22,"column":26},"end":{"line":22,"column":27}},"4":{"start":{"line":24,"column":18},"end":{"line":30,"column":1}},"5":{"start":{"line":32,"column":0},"end":{"line":38,"column":2}}},"fnMap":{},"branchMap":{},"s":{"0":6,"1":6,"2":6,"3":6,"4":6,"5":6},"f":{},"b":{},"_coverageSchema":"1a1c01bbd47fc00a2c39e90264f33305004495a9","hash":"c9cc70e1211e3f7fdfc2de0204477b58bb1b5928"}
,"/Users/whynew/egm-gateway-server/src/services/game-service/primary/index.js": {"path":"/Users/whynew/egm-gateway-server/src/services/game-service/primary/index.js","statementMap":{"0":{"start":{"line":62,"column":4},"end":{"line":62,"column":28}},"1":{"start":{"line":108,"column":4},"end":{"line":108,"column":28}},"2":{"start":{"line":110,"column":22},"end":{"line":110,"column":44}},"3":{"start":{"line":111,"column":18},"end":{"line":111,"column":53}},"4":{"start":{"line":114,"column":15},"end":{"line":114,"column":16}},"5":{"start":{"line":115,"column":2},"end":{"line":133,"column":3}},"6":{"start":{"line":117,"column":6},"end":{"line":129,"column":7}},"7":{"start":{"line":119,"column":10},"end":{"line":125,"column":11}},"8":{"start":{"line":121,"column":14},"end":{"line":121,"column":72}},"9":{"start":{"line":122,"column":14},"end":{"line":122,"column":20}},"10":{"start":{"line":124,"column":14},"end":{"line":124,"column":20}},"11":{"start":{"line":126,"column":10},"end":{"line":126,"column":16}},"12":{"start":{"line":128,"column":10},"end":{"line":128,"column":16}},"13":{"start":{"line":130,"column":6},"end":{"line":130,"column":12}},"14":{"start":{"line":132,"column":6},"end":{"line":132,"column":12}},"15":{"start":{"line":134,"column":2},"end":{"line":134,"column":16}},"16":{"start":{"line":138,"column":15},"end":{"line":138,"column":16}},"17":{"start":{"line":139,"column":2},"end":{"line":157,"column":3}},"18":{"start":{"line":141,"column":6},"end":{"line":153,"column":7}},"19":{"start":{"line":143,"column":10},"end":{"line":149,"column":11}},"20":{"start":{"line":145,"column":14},"end":{"line":145,"column":72}},"21":{"start":{"line":146,"column":14},"end":{"line":146,"column":20}},"22":{"start":{"line":148,"column":14},"end":{"line":148,"column":20}},"23":{"start":{"line":150,"column":10},"end":{"line":150,"column":16}},"24":{"start":{"line":152,"column":10},"end":{"line":152,"column":16}},"25":{"start":{"line":154,"column":6},"end":{"line":154,"column":12}},"26":{"start":{"line":156,"column":6},"end":{"line":156,"column":12}},"27":{"start":{"line":158,"column":2},"end":{"line":158,"column":16}},"28":{"start":{"line":162,"column":15},"end":{"line":162,"column":16}},"29":{"start":{"line":163,"column":2},"end":{"line":181,"column":3}},"30":{"start":{"line":165,"column":6},"end":{"line":177,"column":7}},"31":{"start":{"line":167,"column":10},"end":{"line":173,"column":11}},"32":{"start":{"line":169,"column":14},"end":{"line":169,"column":72}},"33":{"start":{"line":170,"column":14},"end":{"line":170,"column":20}},"34":{"start":{"line":172,"column":14},"end":{"line":172,"column":20}},"35":{"start":{"line":174,"column":10},"end":{"line":174,"column":16}},"36":{"start":{"line":176,"column":10},"end":{"line":176,"column":16}},"37":{"start":{"line":178,"column":6},"end":{"line":178,"column":12}},"38":{"start":{"line":180,"column":6},"end":{"line":180,"column":12}},"39":{"start":{"line":182,"column":2},"end":{"line":182,"column":16}},"40":{"start":{"line":186,"column":15},"end":{"line":186,"column":16}},"41":{"start":{"line":187,"column":2},"end":{"line":205,"column":3}},"42":{"start":{"line":189,"column":6},"end":{"line":201,"column":7}},"43":{"start":{"line":191,"column":10},"end":{"line":197,"column":11}},"44":{"start":{"line":193,"column":14},"end":{"line":193,"column":72}},"45":{"start":{"line":194,"column":14},"end":{"line":194,"column":20}},"46":{"start":{"line":196,"column":14},"end":{"line":196,"column":20}},"47":{"start":{"line":198,"column":10},"end":{"line":198,"column":16}},"48":{"start":{"line":200,"column":10},"end":{"line":200,"column":16}},"49":{"start":{"line":202,"column":6},"end":{"line":202,"column":12}},"50":{"start":{"line":204,"column":6},"end":{"line":204,"column":12}},"51":{"start":{"line":206,"column":2},"end":{"line":206,"column":16}},"52":{"start":{"line":210,"column":15},"end":{"line":210,"column":16}},"53":{"start":{"line":211,"column":2},"end":{"line":229,"column":3}},"54":{"start":{"line":213,"column":6},"end":{"line":225,"column":7}},"55":{"start":{"line":215,"column":10},"end":{"line":221,"column":11}},"56":{"start":{"line":217,"column":14},"end":{"line":217,"column":72}},"57":{"start":{"line":218,"column":14},"end":{"line":218,"column":20}},"58":{"start":{"line":220,"column":14},"end":{"line":220,"column":20}},"59":{"start":{"line":222,"column":10},"end":{"line":222,"column":16}},"60":{"start":{"line":224,"column":10},"end":{"line":224,"column":16}},"61":{"start":{"line":226,"column":6},"end":{"line":226,"column":12}},"62":{"start":{"line":228,"column":6},"end":{"line":228,"column":12}},"63":{"start":{"line":230,"column":2},"end":{"line":230,"column":16}},"64":{"start":{"line":234,"column":15},"end":{"line":234,"column":16}},"65":{"start":{"line":235,"column":2},"end":{"line":253,"column":3}},"66":{"start":{"line":237,"column":6},"end":{"line":249,"column":7}},"67":{"start":{"line":239,"column":10},"end":{"line":245,"column":11}},"68":{"start":{"line":241,"column":14},"end":{"line":241,"column":72}},"69":{"start":{"line":242,"column":14},"end":{"line":242,"column":20}},"70":{"start":{"line":244,"column":14},"end":{"line":244,"column":20}},"71":{"start":{"line":246,"column":10},"end":{"line":246,"column":16}},"72":{"start":{"line":248,"column":10},"end":{"line":248,"column":16}},"73":{"start":{"line":250,"column":6},"end":{"line":250,"column":12}},"74":{"start":{"line":252,"column":6},"end":{"line":252,"column":12}},"75":{"start":{"line":254,"column":2},"end":{"line":254,"column":16}},"76":{"start":{"line":258,"column":15},"end":{"line":258,"column":16}},"77":{"start":{"line":259,"column":2},"end":{"line":277,"column":3}},"78":{"start":{"line":261,"column":6},"end":{"line":273,"column":7}},"79":{"start":{"line":263,"column":10},"end":{"line":269,"column":11}},"80":{"start":{"line":265,"column":14},"end":{"line":265,"column":72}},"81":{"start":{"line":266,"column":14},"end":{"line":266,"column":20}},"82":{"start":{"line":268,"column":14},"end":{"line":268,"column":20}},"83":{"start":{"line":270,"column":10},"end":{"line":270,"column":16}},"84":{"start":{"line":272,"column":10},"end":{"line":272,"column":16}},"85":{"start":{"line":274,"column":6},"end":{"line":274,"column":12}},"86":{"start":{"line":276,"column":6},"end":{"line":276,"column":12}},"87":{"start":{"line":278,"column":2},"end":{"line":278,"column":16}},"88":{"start":{"line":282,"column":15},"end":{"line":282,"column":16}},"89":{"start":{"line":283,"column":2},"end":{"line":301,"column":3}},"90":{"start":{"line":285,"column":6},"end":{"line":297,"column":7}},"91":{"start":{"line":287,"column":10},"end":{"line":293,"column":11}},"92":{"start":{"line":289,"column":14},"end":{"line":289,"column":72}},"93":{"start":{"line":290,"column":14},"end":{"line":290,"column":20}},"94":{"start":{"line":292,"column":14},"end":{"line":292,"column":20}},"95":{"start":{"line":294,"column":10},"end":{"line":294,"column":16}},"96":{"start":{"line":296,"column":10},"end":{"line":296,"column":16}},"97":{"start":{"line":298,"column":6},"end":{"line":298,"column":12}},"98":{"start":{"line":300,"column":6},"end":{"line":300,"column":12}},"99":{"start":{"line":302,"column":2},"end":{"line":302,"column":16}},"100":{"start":{"line":306,"column":15},"end":{"line":306,"column":16}},"101":{"start":{"line":307,"column":2},"end":{"line":325,"column":3}},"102":{"start":{"line":309,"column":6},"end":{"line":321,"column":7}},"103":{"start":{"line":311,"column":10},"end":{"line":317,"column":11}},"104":{"start":{"line":313,"column":14},"end":{"line":313,"column":72}},"105":{"start":{"line":314,"column":14},"end":{"line":314,"column":20}},"106":{"start":{"line":316,"column":14},"end":{"line":316,"column":20}},"107":{"start":{"line":318,"column":10},"end":{"line":318,"column":16}},"108":{"start":{"line":320,"column":10},"end":{"line":320,"column":16}},"109":{"start":{"line":322,"column":6},"end":{"line":322,"column":12}},"110":{"start":{"line":324,"column":6},"end":{"line":324,"column":12}},"111":{"start":{"line":326,"column":2},"end":{"line":326,"column":16}},"112":{"start":{"line":330,"column":15},"end":{"line":330,"column":16}},"113":{"start":{"line":331,"column":2},"end":{"line":349,"column":3}},"114":{"start":{"line":333,"column":6},"end":{"line":345,"column":7}},"115":{"start":{"line":335,"column":10},"end":{"line":341,"column":11}},"116":{"start":{"line":337,"column":14},"end":{"line":337,"column":72}},"117":{"start":{"line":338,"column":14},"end":{"line":338,"column":20}},"118":{"start":{"line":340,"column":14},"end":{"line":340,"column":20}},"119":{"start":{"line":342,"column":10},"end":{"line":342,"column":16}},"120":{"start":{"line":344,"column":10},"end":{"line":344,"column":16}},"121":{"start":{"line":346,"column":6},"end":{"line":346,"column":12}},"122":{"start":{"line":348,"column":6},"end":{"line":348,"column":12}},"123":{"start":{"line":350,"column":2},"end":{"line":350,"column":16}},"124":{"start":{"line":354,"column":15},"end":{"line":354,"column":16}},"125":{"start":{"line":355,"column":2},"end":{"line":373,"column":3}},"126":{"start":{"line":357,"column":6},"end":{"line":369,"column":7}},"127":{"start":{"line":359,"column":10},"end":{"line":365,"column":11}},"128":{"start":{"line":361,"column":14},"end":{"line":361,"column":72}},"129":{"start":{"line":362,"column":14},"end":{"line":362,"column":20}},"130":{"start":{"line":364,"column":14},"end":{"line":364,"column":20}},"131":{"start":{"line":366,"column":10},"end":{"line":366,"column":16}},"132":{"start":{"line":368,"column":10},"end":{"line":368,"column":16}},"133":{"start":{"line":370,"column":6},"end":{"line":370,"column":12}},"134":{"start":{"line":372,"column":6},"end":{"line":372,"column":12}},"135":{"start":{"line":374,"column":2},"end":{"line":374,"column":16}},"136":{"start":{"line":378,"column":15},"end":{"line":378,"column":16}},"137":{"start":{"line":379,"column":2},"end":{"line":397,"column":3}},"138":{"start":{"line":381,"column":6},"end":{"line":393,"column":7}},"139":{"start":{"line":383,"column":10},"end":{"line":389,"column":11}},"140":{"start":{"line":385,"column":14},"end":{"line":385,"column":72}},"141":{"start":{"line":386,"column":14},"end":{"line":386,"column":20}},"142":{"start":{"line":388,"column":14},"end":{"line":388,"column":20}},"143":{"start":{"line":390,"column":10},"end":{"line":390,"column":16}},"144":{"start":{"line":392,"column":10},"end":{"line":392,"column":16}},"145":{"start":{"line":394,"column":6},"end":{"line":394,"column":12}},"146":{"start":{"line":396,"column":6},"end":{"line":396,"column":12}},"147":{"start":{"line":398,"column":2},"end":{"line":398,"column":16}},"148":{"start":{"line":402,"column":15},"end":{"line":402,"column":16}},"149":{"start":{"line":403,"column":2},"end":{"line":415,"column":3}},"150":{"start":{"line":405,"column":6},"end":{"line":411,"column":7}},"151":{"start":{"line":407,"column":10},"end":{"line":407,"column":68}},"152":{"start":{"line":408,"column":10},"end":{"line":408,"column":16}},"153":{"start":{"line":410,"column":10},"end":{"line":410,"column":16}},"154":{"start":{"line":412,"column":6},"end":{"line":412,"column":12}},"155":{"start":{"line":414,"column":6},"end":{"line":414,"column":12}},"156":{"start":{"line":416,"column":2},"end":{"line":416,"column":16}},"157":{"start":{"line":420,"column":15},"end":{"line":420,"column":16}},"158":{"start":{"line":421,"column":2},"end":{"line":439,"column":3}},"159":{"start":{"line":423,"column":6},"end":{"line":435,"column":7}},"160":{"start":{"line":425,"column":10},"end":{"line":431,"column":11}},"161":{"start":{"line":427,"column":14},"end":{"line":427,"column":72}},"162":{"start":{"line":428,"column":14},"end":{"line":428,"column":20}},"163":{"start":{"line":430,"column":14},"end":{"line":430,"column":20}},"164":{"start":{"line":432,"column":10},"end":{"line":432,"column":16}},"165":{"start":{"line":434,"column":10},"end":{"line":434,"column":16}},"166":{"start":{"line":436,"column":6},"end":{"line":436,"column":12}},"167":{"start":{"line":438,"column":6},"end":{"line":438,"column":12}},"168":{"start":{"line":440,"column":2},"end":{"line":440,"column":16}},"169":{"start":{"line":444,"column":15},"end":{"line":444,"column":16}},"170":{"start":{"line":445,"column":2},"end":{"line":463,"column":3}},"171":{"start":{"line":447,"column":6},"end":{"line":459,"column":7}},"172":{"start":{"line":449,"column":10},"end":{"line":455,"column":11}},"173":{"start":{"line":451,"column":14},"end":{"line":451,"column":72}},"174":{"start":{"line":452,"column":14},"end":{"line":452,"column":20}},"175":{"start":{"line":454,"column":14},"end":{"line":454,"column":20}},"176":{"start":{"line":456,"column":10},"end":{"line":456,"column":16}},"177":{"start":{"line":458,"column":10},"end":{"line":458,"column":16}},"178":{"start":{"line":460,"column":6},"end":{"line":460,"column":12}},"179":{"start":{"line":462,"column":6},"end":{"line":462,"column":12}},"180":{"start":{"line":464,"column":2},"end":{"line":464,"column":16}},"181":{"start":{"line":468,"column":15},"end":{"line":468,"column":16}},"182":{"start":{"line":469,"column":2},"end":{"line":481,"column":3}},"183":{"start":{"line":471,"column":6},"end":{"line":477,"column":7}},"184":{"start":{"line":473,"column":10},"end":{"line":473,"column":68}},"185":{"start":{"line":474,"column":10},"end":{"line":474,"column":16}},"186":{"start":{"line":476,"column":10},"end":{"line":476,"column":16}},"187":{"start":{"line":478,"column":6},"end":{"line":478,"column":12}},"188":{"start":{"line":480,"column":6},"end":{"line":480,"column":12}},"189":{"start":{"line":482,"column":2},"end":{"line":482,"column":16}},"190":{"start":{"line":486,"column":15},"end":{"line":486,"column":16}},"191":{"start":{"line":487,"column":2},"end":{"line":505,"column":3}},"192":{"start":{"line":489,"column":6},"end":{"line":501,"column":7}},"193":{"start":{"line":491,"column":10},"end":{"line":497,"column":11}},"194":{"start":{"line":493,"column":14},"end":{"line":493,"column":72}},"195":{"start":{"line":494,"column":14},"end":{"line":494,"column":20}},"196":{"start":{"line":496,"column":14},"end":{"line":496,"column":20}},"197":{"start":{"line":498,"column":10},"end":{"line":498,"column":16}},"198":{"start":{"line":500,"column":10},"end":{"line":500,"column":16}},"199":{"start":{"line":502,"column":6},"end":{"line":502,"column":12}},"200":{"start":{"line":504,"column":6},"end":{"line":504,"column":12}},"201":{"start":{"line":506,"column":2},"end":{"line":506,"column":16}},"202":{"start":{"line":510,"column":15},"end":{"line":510,"column":16}},"203":{"start":{"line":511,"column":2},"end":{"line":529,"column":3}},"204":{"start":{"line":513,"column":6},"end":{"line":525,"column":7}},"205":{"start":{"line":515,"column":10},"end":{"line":521,"column":11}},"206":{"start":{"line":517,"column":14},"end":{"line":517,"column":72}},"207":{"start":{"line":518,"column":14},"end":{"line":518,"column":20}},"208":{"start":{"line":520,"column":14},"end":{"line":520,"column":20}},"209":{"start":{"line":522,"column":10},"end":{"line":522,"column":16}},"210":{"start":{"line":524,"column":10},"end":{"line":524,"column":16}},"211":{"start":{"line":526,"column":6},"end":{"line":526,"column":12}},"212":{"start":{"line":528,"column":6},"end":{"line":528,"column":12}},"213":{"start":{"line":530,"column":2},"end":{"line":530,"column":16}},"214":{"start":{"line":534,"column":15},"end":{"line":534,"column":16}},"215":{"start":{"line":535,"column":2},"end":{"line":553,"column":3}},"216":{"start":{"line":537,"column":6},"end":{"line":549,"column":7}},"217":{"start":{"line":539,"column":10},"end":{"line":545,"column":11}},"218":{"start":{"line":541,"column":14},"end":{"line":541,"column":72}},"219":{"start":{"line":542,"column":14},"end":{"line":542,"column":20}},"220":{"start":{"line":544,"column":14},"end":{"line":544,"column":20}},"221":{"start":{"line":546,"column":10},"end":{"line":546,"column":16}},"222":{"start":{"line":548,"column":10},"end":{"line":548,"column":16}},"223":{"start":{"line":550,"column":6},"end":{"line":550,"column":12}},"224":{"start":{"line":552,"column":6},"end":{"line":552,"column":12}},"225":{"start":{"line":554,"column":2},"end":{"line":554,"column":16}},"226":{"start":{"line":558,"column":15},"end":{"line":558,"column":16}},"227":{"start":{"line":559,"column":2},"end":{"line":577,"column":3}},"228":{"start":{"line":561,"column":6},"end":{"line":573,"column":7}},"229":{"start":{"line":563,"column":10},"end":{"line":569,"column":11}},"230":{"start":{"line":565,"column":14},"end":{"line":565,"column":72}},"231":{"start":{"line":566,"column":14},"end":{"line":566,"column":20}},"232":{"start":{"line":568,"column":14},"end":{"line":568,"column":20}},"233":{"start":{"line":570,"column":10},"end":{"line":570,"column":16}},"234":{"start":{"line":572,"column":10},"end":{"line":572,"column":16}},"235":{"start":{"line":574,"column":6},"end":{"line":574,"column":12}},"236":{"start":{"line":576,"column":6},"end":{"line":576,"column":12}},"237":{"start":{"line":578,"column":2},"end":{"line":578,"column":16}},"238":{"start":{"line":582,"column":15},"end":{"line":582,"column":16}},"239":{"start":{"line":583,"column":2},"end":{"line":601,"column":3}},"240":{"start":{"line":585,"column":6},"end":{"line":597,"column":7}},"241":{"start":{"line":587,"column":10},"end":{"line":593,"column":11}},"242":{"start":{"line":589,"column":14},"end":{"line":589,"column":72}},"243":{"start":{"line":590,"column":14},"end":{"line":590,"column":20}},"244":{"start":{"line":592,"column":14},"end":{"line":592,"column":20}},"245":{"start":{"line":594,"column":10},"end":{"line":594,"column":16}},"246":{"start":{"line":596,"column":10},"end":{"line":596,"column":16}},"247":{"start":{"line":598,"column":6},"end":{"line":598,"column":12}},"248":{"start":{"line":600,"column":6},"end":{"line":600,"column":12}},"249":{"start":{"line":602,"column":2},"end":{"line":602,"column":16}},"250":{"start":{"line":606,"column":15},"end":{"line":606,"column":16}},"251":{"start":{"line":607,"column":2},"end":{"line":625,"column":3}},"252":{"start":{"line":609,"column":6},"end":{"line":621,"column":7}},"253":{"start":{"line":611,"column":10},"end":{"line":617,"column":11}},"254":{"start":{"line":613,"column":14},"end":{"line":613,"column":72}},"255":{"start":{"line":614,"column":14},"end":{"line":614,"column":20}},"256":{"start":{"line":616,"column":14},"end":{"line":616,"column":20}},"257":{"start":{"line":618,"column":10},"end":{"line":618,"column":16}},"258":{"start":{"line":620,"column":10},"end":{"line":620,"column":16}},"259":{"start":{"line":622,"column":6},"end":{"line":622,"column":12}},"260":{"start":{"line":624,"column":6},"end":{"line":624,"column":12}},"261":{"start":{"line":626,"column":2},"end":{"line":626,"column":16}},"262":{"start":{"line":630,"column":15},"end":{"line":630,"column":16}},"263":{"start":{"line":631,"column":2},"end":{"line":649,"column":3}},"264":{"start":{"line":633,"column":6},"end":{"line":645,"column":7}},"265":{"start":{"line":635,"column":10},"end":{"line":641,"column":11}},"266":{"start":{"line":637,"column":14},"end":{"line":637,"column":72}},"267":{"start":{"line":638,"column":14},"end":{"line":638,"column":20}},"268":{"start":{"line":640,"column":14},"end":{"line":640,"column":20}},"269":{"start":{"line":642,"column":10},"end":{"line":642,"column":16}},"270":{"start":{"line":644,"column":10},"end":{"line":644,"column":16}},"271":{"start":{"line":646,"column":6},"end":{"line":646,"column":12}},"272":{"start":{"line":648,"column":6},"end":{"line":648,"column":12}},"273":{"start":{"line":650,"column":2},"end":{"line":650,"column":16}},"274":{"start":{"line":654,"column":15},"end":{"line":654,"column":16}},"275":{"start":{"line":655,"column":2},"end":{"line":667,"column":3}},"276":{"start":{"line":657,"column":6},"end":{"line":663,"column":7}},"277":{"start":{"line":659,"column":10},"end":{"line":659,"column":68}},"278":{"start":{"line":660,"column":10},"end":{"line":660,"column":16}},"279":{"start":{"line":662,"column":10},"end":{"line":662,"column":16}},"280":{"start":{"line":664,"column":6},"end":{"line":664,"column":12}},"281":{"start":{"line":666,"column":6},"end":{"line":666,"column":12}},"282":{"start":{"line":668,"column":2},"end":{"line":668,"column":16}},"283":{"start":{"line":672,"column":15},"end":{"line":672,"column":16}},"284":{"start":{"line":673,"column":2},"end":{"line":691,"column":3}},"285":{"start":{"line":675,"column":6},"end":{"line":687,"column":7}},"286":{"start":{"line":677,"column":10},"end":{"line":683,"column":11}},"287":{"start":{"line":679,"column":14},"end":{"line":679,"column":72}},"288":{"start":{"line":680,"column":14},"end":{"line":680,"column":20}},"289":{"start":{"line":682,"column":14},"end":{"line":682,"column":20}},"290":{"start":{"line":684,"column":10},"end":{"line":684,"column":16}},"291":{"start":{"line":686,"column":10},"end":{"line":686,"column":16}},"292":{"start":{"line":688,"column":6},"end":{"line":688,"column":12}},"293":{"start":{"line":690,"column":6},"end":{"line":690,"column":12}},"294":{"start":{"line":692,"column":2},"end":{"line":692,"column":16}},"295":{"start":{"line":696,"column":15},"end":{"line":696,"column":16}},"296":{"start":{"line":697,"column":2},"end":{"line":715,"column":3}},"297":{"start":{"line":699,"column":6},"end":{"line":711,"column":7}},"298":{"start":{"line":701,"column":10},"end":{"line":707,"column":11}},"299":{"start":{"line":703,"column":14},"end":{"line":703,"column":72}},"300":{"start":{"line":704,"column":14},"end":{"line":704,"column":20}},"301":{"start":{"line":706,"column":14},"end":{"line":706,"column":20}},"302":{"start":{"line":708,"column":10},"end":{"line":708,"column":16}},"303":{"start":{"line":710,"column":10},"end":{"line":710,"column":16}},"304":{"start":{"line":712,"column":6},"end":{"line":712,"column":12}},"305":{"start":{"line":714,"column":6},"end":{"line":714,"column":12}},"306":{"start":{"line":716,"column":2},"end":{"line":716,"column":16}},"307":{"start":{"line":720,"column":15},"end":{"line":720,"column":16}},"308":{"start":{"line":721,"column":2},"end":{"line":739,"column":3}},"309":{"start":{"line":723,"column":6},"end":{"line":735,"column":7}},"310":{"start":{"line":725,"column":10},"end":{"line":731,"column":11}},"311":{"start":{"line":727,"column":14},"end":{"line":727,"column":72}},"312":{"start":{"line":728,"column":14},"end":{"line":728,"column":20}},"313":{"start":{"line":730,"column":14},"end":{"line":730,"column":20}},"314":{"start":{"line":732,"column":10},"end":{"line":732,"column":16}},"315":{"start":{"line":734,"column":10},"end":{"line":734,"column":16}},"316":{"start":{"line":736,"column":6},"end":{"line":736,"column":12}},"317":{"start":{"line":738,"column":6},"end":{"line":738,"column":12}},"318":{"start":{"line":740,"column":2},"end":{"line":740,"column":16}},"319":{"start":{"line":744,"column":15},"end":{"line":744,"column":16}},"320":{"start":{"line":745,"column":2},"end":{"line":763,"column":3}},"321":{"start":{"line":747,"column":6},"end":{"line":759,"column":7}},"322":{"start":{"line":749,"column":10},"end":{"line":755,"column":11}},"323":{"start":{"line":751,"column":14},"end":{"line":751,"column":72}},"324":{"start":{"line":752,"column":14},"end":{"line":752,"column":20}},"325":{"start":{"line":754,"column":14},"end":{"line":754,"column":20}},"326":{"start":{"line":756,"column":10},"end":{"line":756,"column":16}},"327":{"start":{"line":758,"column":10},"end":{"line":758,"column":16}},"328":{"start":{"line":760,"column":6},"end":{"line":760,"column":12}},"329":{"start":{"line":762,"column":6},"end":{"line":762,"column":12}},"330":{"start":{"line":764,"column":2},"end":{"line":764,"column":16}},"331":{"start":{"line":768,"column":15},"end":{"line":768,"column":16}},"332":{"start":{"line":769,"column":2},"end":{"line":787,"column":3}},"333":{"start":{"line":771,"column":6},"end":{"line":783,"column":7}},"334":{"start":{"line":773,"column":10},"end":{"line":779,"column":11}},"335":{"start":{"line":775,"column":14},"end":{"line":775,"column":72}},"336":{"start":{"line":776,"column":14},"end":{"line":776,"column":20}},"337":{"start":{"line":778,"column":14},"end":{"line":778,"column":20}},"338":{"start":{"line":780,"column":10},"end":{"line":780,"column":16}},"339":{"start":{"line":782,"column":10},"end":{"line":782,"column":16}},"340":{"start":{"line":784,"column":6},"end":{"line":784,"column":12}},"341":{"start":{"line":786,"column":6},"end":{"line":786,"column":12}},"342":{"start":{"line":788,"column":2},"end":{"line":788,"column":16}},"343":{"start":{"line":792,"column":15},"end":{"line":792,"column":16}},"344":{"start":{"line":793,"column":2},"end":{"line":811,"column":3}},"345":{"start":{"line":795,"column":6},"end":{"line":807,"column":7}},"346":{"start":{"line":797,"column":10},"end":{"line":803,"column":11}},"347":{"start":{"line":799,"column":14},"end":{"line":799,"column":72}},"348":{"start":{"line":800,"column":14},"end":{"line":800,"column":20}},"349":{"start":{"line":802,"column":14},"end":{"line":802,"column":20}},"350":{"start":{"line":804,"column":10},"end":{"line":804,"column":16}},"351":{"start":{"line":806,"column":10},"end":{"line":806,"column":16}},"352":{"start":{"line":808,"column":6},"end":{"line":808,"column":12}},"353":{"start":{"line":810,"column":6},"end":{"line":810,"column":12}},"354":{"start":{"line":812,"column":2},"end":{"line":812,"column":16}},"355":{"start":{"line":816,"column":15},"end":{"line":816,"column":16}},"356":{"start":{"line":817,"column":2},"end":{"line":835,"column":3}},"357":{"start":{"line":819,"column":6},"end":{"line":831,"column":7}},"358":{"start":{"line":821,"column":10},"end":{"line":827,"column":11}},"359":{"start":{"line":823,"column":14},"end":{"line":823,"column":72}},"360":{"start":{"line":824,"column":14},"end":{"line":824,"column":20}},"361":{"start":{"line":826,"column":14},"end":{"line":826,"column":20}},"362":{"start":{"line":828,"column":10},"end":{"line":828,"column":16}},"363":{"start":{"line":830,"column":10},"end":{"line":830,"column":16}},"364":{"start":{"line":832,"column":6},"end":{"line":832,"column":12}},"365":{"start":{"line":834,"column":6},"end":{"line":834,"column":12}},"366":{"start":{"line":836,"column":2},"end":{"line":836,"column":16}},"367":{"start":{"line":840,"column":15},"end":{"line":840,"column":16}},"368":{"start":{"line":841,"column":2},"end":{"line":847,"column":3}},"369":{"start":{"line":843,"column":6},"end":{"line":843,"column":64}},"370":{"start":{"line":844,"column":6},"end":{"line":844,"column":12}},"371":{"start":{"line":846,"column":6},"end":{"line":846,"column":12}},"372":{"start":{"line":849,"column":2},"end":{"line":849,"column":16}},"373":{"start":{"line":854,"column":15},"end":{"line":854,"column":16}},"374":{"start":{"line":855,"column":2},"end":{"line":877,"column":3}},"375":{"start":{"line":859,"column":6},"end":{"line":873,"column":7}},"376":{"start":{"line":863,"column":10},"end":{"line":869,"column":11}},"377":{"start":{"line":865,"column":14},"end":{"line":865,"column":72}},"378":{"start":{"line":866,"column":14},"end":{"line":866,"column":20}},"379":{"start":{"line":868,"column":14},"end":{"line":868,"column":20}},"380":{"start":{"line":870,"column":10},"end":{"line":870,"column":16}},"381":{"start":{"line":872,"column":10},"end":{"line":872,"column":16}},"382":{"start":{"line":874,"column":6},"end":{"line":874,"column":12}},"383":{"start":{"line":876,"column":6},"end":{"line":876,"column":12}},"384":{"start":{"line":878,"column":2},"end":{"line":878,"column":16}},"385":{"start":{"line":883,"column":15},"end":{"line":883,"column":16}},"386":{"start":{"line":884,"column":2},"end":{"line":908,"column":3}},"387":{"start":{"line":888,"column":6},"end":{"line":904,"column":7}},"388":{"start":{"line":892,"column":10},"end":{"line":900,"column":11}},"389":{"start":{"line":896,"column":14},"end":{"line":896,"column":72}},"390":{"start":{"line":897,"column":14},"end":{"line":897,"column":20}},"391":{"start":{"line":899,"column":14},"end":{"line":899,"column":20}},"392":{"start":{"line":901,"column":10},"end":{"line":901,"column":16}},"393":{"start":{"line":903,"column":10},"end":{"line":903,"column":16}},"394":{"start":{"line":905,"column":6},"end":{"line":905,"column":12}},"395":{"start":{"line":907,"column":6},"end":{"line":907,"column":12}},"396":{"start":{"line":909,"column":2},"end":{"line":909,"column":16}},"397":{"start":{"line":914,"column":15},"end":{"line":914,"column":16}},"398":{"start":{"line":915,"column":2},"end":{"line":937,"column":3}},"399":{"start":{"line":919,"column":6},"end":{"line":933,"column":7}},"400":{"start":{"line":923,"column":10},"end":{"line":929,"column":11}},"401":{"start":{"line":925,"column":14},"end":{"line":925,"column":72}},"402":{"start":{"line":926,"column":14},"end":{"line":926,"column":20}},"403":{"start":{"line":928,"column":14},"end":{"line":928,"column":20}},"404":{"start":{"line":930,"column":10},"end":{"line":930,"column":16}},"405":{"start":{"line":932,"column":10},"end":{"line":932,"column":16}},"406":{"start":{"line":934,"column":6},"end":{"line":934,"column":12}},"407":{"start":{"line":936,"column":6},"end":{"line":936,"column":12}},"408":{"start":{"line":938,"column":2},"end":{"line":938,"column":16}},"409":{"start":{"line":942,"column":15},"end":{"line":942,"column":16}},"410":{"start":{"line":943,"column":2},"end":{"line":949,"column":3}},"411":{"start":{"line":945,"column":6},"end":{"line":945,"column":64}},"412":{"start":{"line":946,"column":6},"end":{"line":946,"column":12}},"413":{"start":{"line":948,"column":6},"end":{"line":948,"column":12}},"414":{"start":{"line":951,"column":2},"end":{"line":951,"column":16}},"415":{"start":{"line":956,"column":15},"end":{"line":956,"column":16}},"416":{"start":{"line":957,"column":2},"end":{"line":979,"column":3}},"417":{"start":{"line":961,"column":6},"end":{"line":975,"column":7}},"418":{"start":{"line":965,"column":10},"end":{"line":971,"column":11}},"419":{"start":{"line":967,"column":14},"end":{"line":967,"column":72}},"420":{"start":{"line":968,"column":14},"end":{"line":968,"column":20}},"421":{"start":{"line":970,"column":14},"end":{"line":970,"column":20}},"422":{"start":{"line":972,"column":10},"end":{"line":972,"column":16}},"423":{"start":{"line":974,"column":10},"end":{"line":974,"column":16}},"424":{"start":{"line":976,"column":6},"end":{"line":976,"column":12}},"425":{"start":{"line":978,"column":6},"end":{"line":978,"column":12}},"426":{"start":{"line":980,"column":2},"end":{"line":980,"column":16}},"427":{"start":{"line":984,"column":15},"end":{"line":984,"column":16}},"428":{"start":{"line":985,"column":2},"end":{"line":991,"column":3}},"429":{"start":{"line":987,"column":6},"end":{"line":987,"column":64}},"430":{"start":{"line":988,"column":6},"end":{"line":988,"column":12}},"431":{"start":{"line":990,"column":6},"end":{"line":990,"column":12}},"432":{"start":{"line":993,"column":2},"end":{"line":993,"column":16}},"433":{"start":{"line":997,"column":15},"end":{"line":997,"column":16}},"434":{"start":{"line":998,"column":2},"end":{"line":1004,"column":3}},"435":{"start":{"line":1000,"column":6},"end":{"line":1000,"column":64}},"436":{"start":{"line":1001,"column":6},"end":{"line":1001,"column":12}},"437":{"start":{"line":1003,"column":6},"end":{"line":1003,"column":12}},"438":{"start":{"line":1006,"column":2},"end":{"line":1006,"column":16}},"439":{"start":{"line":1010,"column":15},"end":{"line":1010,"column":16}},"440":{"start":{"line":1011,"column":2},"end":{"line":1017,"column":3}},"441":{"start":{"line":1013,"column":6},"end":{"line":1013,"column":64}},"442":{"start":{"line":1014,"column":6},"end":{"line":1014,"column":12}},"443":{"start":{"line":1016,"column":6},"end":{"line":1016,"column":12}},"444":{"start":{"line":1019,"column":2},"end":{"line":1019,"column":16}},"445":{"start":{"line":1024,"column":15},"end":{"line":1024,"column":16}},"446":{"start":{"line":1025,"column":2},"end":{"line":1049,"column":3}},"447":{"start":{"line":1029,"column":6},"end":{"line":1045,"column":7}},"448":{"start":{"line":1033,"column":10},"end":{"line":1041,"column":11}},"449":{"start":{"line":1037,"column":14},"end":{"line":1037,"column":72}},"450":{"start":{"line":1038,"column":14},"end":{"line":1038,"column":20}},"451":{"start":{"line":1040,"column":14},"end":{"line":1040,"column":20}},"452":{"start":{"line":1042,"column":10},"end":{"line":1042,"column":16}},"453":{"start":{"line":1044,"column":10},"end":{"line":1044,"column":16}},"454":{"start":{"line":1046,"column":6},"end":{"line":1046,"column":12}},"455":{"start":{"line":1048,"column":6},"end":{"line":1048,"column":12}},"456":{"start":{"line":1050,"column":2},"end":{"line":1050,"column":16}},"457":{"start":{"line":1055,"column":15},"end":{"line":1055,"column":16}},"458":{"start":{"line":1056,"column":2},"end":{"line":1078,"column":3}},"459":{"start":{"line":1060,"column":6},"end":{"line":1074,"column":7}},"460":{"start":{"line":1064,"column":10},"end":{"line":1070,"column":11}},"461":{"start":{"line":1066,"column":14},"end":{"line":1066,"column":72}},"462":{"start":{"line":1067,"column":14},"end":{"line":1067,"column":20}},"463":{"start":{"line":1069,"column":14},"end":{"line":1069,"column":20}},"464":{"start":{"line":1071,"column":10},"end":{"line":1071,"column":16}},"465":{"start":{"line":1073,"column":10},"end":{"line":1073,"column":16}},"466":{"start":{"line":1075,"column":6},"end":{"line":1075,"column":12}},"467":{"start":{"line":1077,"column":6},"end":{"line":1077,"column":12}},"468":{"start":{"line":1079,"column":2},"end":{"line":1079,"column":16}},"469":{"start":{"line":1083,"column":15},"end":{"line":1083,"column":16}},"470":{"start":{"line":1084,"column":2},"end":{"line":1091,"column":3}},"471":{"start":{"line":1086,"column":6},"end":{"line":1087,"column":77}},"472":{"start":{"line":1088,"column":6},"end":{"line":1088,"column":12}},"473":{"start":{"line":1090,"column":6},"end":{"line":1090,"column":12}},"474":{"start":{"line":1093,"column":2},"end":{"line":1093,"column":16}},"475":{"start":{"line":1097,"column":12},"end":{"line":1097,"column":13}},"476":{"start":{"line":1098,"column":2},"end":{"line":1098,"column":78}},"477":{"start":{"line":1099,"column":2},"end":{"line":1099,"column":78}},"478":{"start":{"line":1100,"column":2},"end":{"line":1100,"column":78}},"479":{"start":{"line":1101,"column":2},"end":{"line":1101,"column":78}},"480":{"start":{"line":1102,"column":2},"end":{"line":1102,"column":78}},"481":{"start":{"line":1103,"column":2},"end":{"line":1103,"column":78}},"482":{"start":{"line":1104,"column":2},"end":{"line":1104,"column":78}},"483":{"start":{"line":1105,"column":2},"end":{"line":1105,"column":78}},"484":{"start":{"line":1106,"column":2},"end":{"line":1106,"column":78}},"485":{"start":{"line":1107,"column":2},"end":{"line":1107,"column":78}},"486":{"start":{"line":1108,"column":2},"end":{"line":1108,"column":78}},"487":{"start":{"line":1109,"column":2},"end":{"line":1111,"column":75}},"488":{"start":{"line":1112,"column":2},"end":{"line":1112,"column":78}},"489":{"start":{"line":1113,"column":2},"end":{"line":1113,"column":78}},"490":{"start":{"line":1114,"column":2},"end":{"line":1114,"column":78}},"491":{"start":{"line":1115,"column":2},"end":{"line":1115,"column":78}},"492":{"start":{"line":1116,"column":2},"end":{"line":1116,"column":78}},"493":{"start":{"line":1117,"column":2},"end":{"line":1117,"column":78}},"494":{"start":{"line":1118,"column":2},"end":{"line":1118,"column":78}},"495":{"start":{"line":1119,"column":2},"end":{"line":1119,"column":78}},"496":{"start":{"line":1120,"column":2},"end":{"line":1120,"column":78}},"497":{"start":{"line":1121,"column":2},"end":{"line":1121,"column":78}},"498":{"start":{"line":1122,"column":2},"end":{"line":1124,"column":75}},"499":{"start":{"line":1125,"column":2},"end":{"line":1125,"column":78}},"500":{"start":{"line":1126,"column":2},"end":{"line":1126,"column":78}},"501":{"start":{"line":1127,"column":2},"end":{"line":1127,"column":78}},"502":{"start":{"line":1128,"column":2},"end":{"line":1128,"column":78}},"503":{"start":{"line":1129,"column":2},"end":{"line":1129,"column":78}},"504":{"start":{"line":1130,"column":2},"end":{"line":1130,"column":78}},"505":{"start":{"line":1131,"column":2},"end":{"line":1131,"column":78}},"506":{"start":{"line":1132,"column":2},"end":{"line":1132,"column":78}},"507":{"start":{"line":1133,"column":2},"end":{"line":1135,"column":75}},"508":{"start":{"line":1136,"column":2},"end":{"line":1136,"column":78}},"509":{"start":{"line":1137,"column":2},"end":{"line":1137,"column":78}},"510":{"start":{"line":1138,"column":2},"end":{"line":1138,"column":78}},"511":{"start":{"line":1139,"column":2},"end":{"line":1141,"column":75}},"512":{"start":{"line":1142,"column":2},"end":{"line":1142,"column":78}},"513":{"start":{"line":1143,"column":2},"end":{"line":1143,"column":78}},"514":{"start":{"line":1144,"column":2},"end":{"line":1144,"column":78}},"515":{"start":{"line":1145,"column":2},"end":{"line":1145,"column":78}},"516":{"start":{"line":1146,"column":2},"end":{"line":1146,"column":78}},"517":{"start":{"line":1147,"column":2},"end":{"line":1147,"column":78}},"518":{"start":{"line":1148,"column":2},"end":{"line":1150,"column":75}},"519":{"start":{"line":1152,"column":2},"end":{"line":1152,"column":13}},"520":{"start":{"line":1156,"column":24},"end":{"line":1156,"column":29}},"521":{"start":{"line":1157,"column":2},"end":{"line":1169,"column":3}},"522":{"start":{"line":1159,"column":6},"end":{"line":1165,"column":7}},"523":{"start":{"line":1161,"column":10},"end":{"line":1161,"column":33}},"524":{"start":{"line":1162,"column":10},"end":{"line":1162,"column":16}},"525":{"start":{"line":1164,"column":10},"end":{"line":1164,"column":16}},"526":{"start":{"line":1166,"column":6},"end":{"line":1166,"column":12}},"527":{"start":{"line":1168,"column":6},"end":{"line":1168,"column":12}},"528":{"start":{"line":1170,"column":2},"end":{"line":1182,"column":3}},"529":{"start":{"line":1172,"column":6},"end":{"line":1178,"column":7}},"530":{"start":{"line":1174,"column":10},"end":{"line":1174,"column":33}},"531":{"start":{"line":1175,"column":10},"end":{"line":1175,"column":16}},"532":{"start":{"line":1177,"column":10},"end":{"line":1177,"column":16}},"533":{"start":{"line":1179,"column":6},"end":{"line":1179,"column":12}},"534":{"start":{"line":1181,"column":6},"end":{"line":1181,"column":12}},"535":{"start":{"line":1183,"column":2},"end":{"line":1195,"column":3}},"536":{"start":{"line":1185,"column":6},"end":{"line":1191,"column":7}},"537":{"start":{"line":1187,"column":10},"end":{"line":1187,"column":33}},"538":{"start":{"line":1188,"column":10},"end":{"line":1188,"column":16}},"539":{"start":{"line":1190,"column":10},"end":{"line":1190,"column":16}},"540":{"start":{"line":1192,"column":6},"end":{"line":1192,"column":12}},"541":{"start":{"line":1194,"column":6},"end":{"line":1194,"column":12}},"542":{"start":{"line":1196,"column":2},"end":{"line":1208,"column":3}},"543":{"start":{"line":1198,"column":6},"end":{"line":1204,"column":7}},"544":{"start":{"line":1200,"column":10},"end":{"line":1200,"column":33}},"545":{"start":{"line":1201,"column":10},"end":{"line":1201,"column":16}},"546":{"start":{"line":1203,"column":10},"end":{"line":1203,"column":16}},"547":{"start":{"line":1205,"column":6},"end":{"line":1205,"column":12}},"548":{"start":{"line":1207,"column":6},"end":{"line":1207,"column":12}},"549":{"start":{"line":1210,"column":2},"end":{"line":1210,"column":25}},"550":{"start":{"line":1233,"column":0},"end":{"line":1236,"column":2}}},"fnMap":{"0":{"name":"primaryWinW01","decl":{"start":{"line":113,"column":9},"end":{"line":113,"column":22}},"loc":{"start":{"line":113,"column":78},"end":{"line":135,"column":1}},"line":113},"1":{"name":"primaryWinW02","decl":{"start":{"line":137,"column":9},"end":{"line":137,"column":22}},"loc":{"start":{"line":137,"column":78},"end":{"line":159,"column":1}},"line":137},"2":{"name":"primaryWinW03","decl":{"start":{"line":161,"column":9},"end":{"line":161,"column":22}},"loc":{"start":{"line":161,"column":78},"end":{"line":183,"column":1}},"line":161},"3":{"name":"primaryWinW04","decl":{"start":{"line":185,"column":9},"end":{"line":185,"column":22}},"loc":{"start":{"line":185,"column":78},"end":{"line":207,"column":1}},"line":185},"4":{"name":"primaryWinW05","decl":{"start":{"line":209,"column":9},"end":{"line":209,"column":22}},"loc":{"start":{"line":209,"column":78},"end":{"line":231,"column":1}},"line":209},"5":{"name":"primaryWinW06","decl":{"start":{"line":233,"column":9},"end":{"line":233,"column":22}},"loc":{"start":{"line":233,"column":78},"end":{"line":255,"column":1}},"line":233},"6":{"name":"primaryWinW07","decl":{"start":{"line":257,"column":9},"end":{"line":257,"column":22}},"loc":{"start":{"line":257,"column":78},"end":{"line":279,"column":1}},"line":257},"7":{"name":"primaryWinW08","decl":{"start":{"line":281,"column":9},"end":{"line":281,"column":22}},"loc":{"start":{"line":281,"column":78},"end":{"line":303,"column":1}},"line":281},"8":{"name":"primaryWinW09","decl":{"start":{"line":305,"column":9},"end":{"line":305,"column":22}},"loc":{"start":{"line":305,"column":78},"end":{"line":327,"column":1}},"line":305},"9":{"name":"primaryWinW10","decl":{"start":{"line":329,"column":9},"end":{"line":329,"column":22}},"loc":{"start":{"line":329,"column":78},"end":{"line":351,"column":1}},"line":329},"10":{"name":"primaryWinW11","decl":{"start":{"line":353,"column":9},"end":{"line":353,"column":22}},"loc":{"start":{"line":353,"column":78},"end":{"line":375,"column":1}},"line":353},"11":{"name":"primaryWinW12","decl":{"start":{"line":377,"column":9},"end":{"line":377,"column":22}},"loc":{"start":{"line":377,"column":78},"end":{"line":399,"column":1}},"line":377},"12":{"name":"primaryWinW13","decl":{"start":{"line":401,"column":9},"end":{"line":401,"column":22}},"loc":{"start":{"line":401,"column":78},"end":{"line":417,"column":1}},"line":401},"13":{"name":"primaryWinW14","decl":{"start":{"line":419,"column":9},"end":{"line":419,"column":22}},"loc":{"start":{"line":419,"column":78},"end":{"line":441,"column":1}},"line":419},"14":{"name":"primaryWinW15","decl":{"start":{"line":443,"column":9},"end":{"line":443,"column":22}},"loc":{"start":{"line":443,"column":78},"end":{"line":465,"column":1}},"line":443},"15":{"name":"primaryWinW16","decl":{"start":{"line":467,"column":9},"end":{"line":467,"column":22}},"loc":{"start":{"line":467,"column":78},"end":{"line":483,"column":1}},"line":467},"16":{"name":"primaryWinW17","decl":{"start":{"line":485,"column":9},"end":{"line":485,"column":22}},"loc":{"start":{"line":485,"column":78},"end":{"line":507,"column":1}},"line":485},"17":{"name":"primaryWinW18","decl":{"start":{"line":509,"column":9},"end":{"line":509,"column":22}},"loc":{"start":{"line":509,"column":78},"end":{"line":531,"column":1}},"line":509},"18":{"name":"primaryWinW19","decl":{"start":{"line":533,"column":9},"end":{"line":533,"column":22}},"loc":{"start":{"line":533,"column":78},"end":{"line":555,"column":1}},"line":533},"19":{"name":"primaryWinW20","decl":{"start":{"line":557,"column":9},"end":{"line":557,"column":22}},"loc":{"start":{"line":557,"column":78},"end":{"line":579,"column":1}},"line":557},"20":{"name":"primaryWinW21","decl":{"start":{"line":581,"column":9},"end":{"line":581,"column":22}},"loc":{"start":{"line":581,"column":78},"end":{"line":603,"column":1}},"line":581},"21":{"name":"primaryWinW22","decl":{"start":{"line":605,"column":9},"end":{"line":605,"column":22}},"loc":{"start":{"line":605,"column":78},"end":{"line":627,"column":1}},"line":605},"22":{"name":"primaryWinW23","decl":{"start":{"line":629,"column":9},"end":{"line":629,"column":22}},"loc":{"start":{"line":629,"column":78},"end":{"line":651,"column":1}},"line":629},"23":{"name":"primaryWinW24","decl":{"start":{"line":653,"column":9},"end":{"line":653,"column":22}},"loc":{"start":{"line":653,"column":78},"end":{"line":669,"column":1}},"line":653},"24":{"name":"primaryWinW25","decl":{"start":{"line":671,"column":9},"end":{"line":671,"column":22}},"loc":{"start":{"line":671,"column":78},"end":{"line":693,"column":1}},"line":671},"25":{"name":"primaryWinW26","decl":{"start":{"line":695,"column":9},"end":{"line":695,"column":22}},"loc":{"start":{"line":695,"column":78},"end":{"line":717,"column":1}},"line":695},"26":{"name":"primaryWinW27","decl":{"start":{"line":719,"column":9},"end":{"line":719,"column":22}},"loc":{"start":{"line":719,"column":78},"end":{"line":741,"column":1}},"line":719},"27":{"name":"primaryWinW28","decl":{"start":{"line":743,"column":9},"end":{"line":743,"column":22}},"loc":{"start":{"line":743,"column":78},"end":{"line":765,"column":1}},"line":743},"28":{"name":"primaryWinW29","decl":{"start":{"line":767,"column":9},"end":{"line":767,"column":22}},"loc":{"start":{"line":767,"column":78},"end":{"line":789,"column":1}},"line":767},"29":{"name":"primaryWinW30","decl":{"start":{"line":791,"column":9},"end":{"line":791,"column":22}},"loc":{"start":{"line":791,"column":78},"end":{"line":813,"column":1}},"line":791},"30":{"name":"primaryWinW31","decl":{"start":{"line":815,"column":9},"end":{"line":815,"column":22}},"loc":{"start":{"line":815,"column":78},"end":{"line":837,"column":1}},"line":815},"31":{"name":"primaryWinW32","decl":{"start":{"line":839,"column":9},"end":{"line":839,"column":22}},"loc":{"start":{"line":839,"column":78},"end":{"line":850,"column":1}},"line":839},"32":{"name":"primaryWinW33","decl":{"start":{"line":853,"column":9},"end":{"line":853,"column":22}},"loc":{"start":{"line":853,"column":78},"end":{"line":879,"column":1}},"line":853},"33":{"name":"primaryWinW34","decl":{"start":{"line":882,"column":9},"end":{"line":882,"column":22}},"loc":{"start":{"line":882,"column":78},"end":{"line":910,"column":1}},"line":882},"34":{"name":"primaryWinW35","decl":{"start":{"line":913,"column":9},"end":{"line":913,"column":22}},"loc":{"start":{"line":913,"column":78},"end":{"line":939,"column":1}},"line":913},"35":{"name":"primaryWinW36","decl":{"start":{"line":941,"column":9},"end":{"line":941,"column":22}},"loc":{"start":{"line":941,"column":78},"end":{"line":952,"column":1}},"line":941},"36":{"name":"primaryWinW37","decl":{"start":{"line":955,"column":9},"end":{"line":955,"column":22}},"loc":{"start":{"line":955,"column":78},"end":{"line":981,"column":1}},"line":955},"37":{"name":"primaryWinW38","decl":{"start":{"line":983,"column":9},"end":{"line":983,"column":22}},"loc":{"start":{"line":983,"column":78},"end":{"line":994,"column":1}},"line":983},"38":{"name":"primaryWinW39","decl":{"start":{"line":996,"column":9},"end":{"line":996,"column":22}},"loc":{"start":{"line":996,"column":78},"end":{"line":1007,"column":1}},"line":996},"39":{"name":"primaryWinW40","decl":{"start":{"line":1009,"column":9},"end":{"line":1009,"column":22}},"loc":{"start":{"line":1009,"column":78},"end":{"line":1020,"column":1}},"line":1009},"40":{"name":"primaryWinW41","decl":{"start":{"line":1023,"column":9},"end":{"line":1023,"column":22}},"loc":{"start":{"line":1023,"column":78},"end":{"line":1051,"column":1}},"line":1023},"41":{"name":"primaryWinW42","decl":{"start":{"line":1054,"column":9},"end":{"line":1054,"column":22}},"loc":{"start":{"line":1054,"column":78},"end":{"line":1080,"column":1}},"line":1054},"42":{"name":"primaryWinW43","decl":{"start":{"line":1082,"column":9},"end":{"line":1082,"column":22}},"loc":{"start":{"line":1082,"column":78},"end":{"line":1094,"column":1}},"line":1082},"43":{"name":"getPrimaryWin","decl":{"start":{"line":1096,"column":9},"end":{"line":1096,"column":22}},"loc":{"start":{"line":1096,"column":78},"end":{"line":1153,"column":1}},"line":1096},"44":{"name":"isAnticipationActCase","decl":{"start":{"line":1155,"column":9},"end":{"line":1155,"column":30}},"loc":{"start":{"line":1155,"column":53},"end":{"line":1211,"column":1}},"line":1155}},"branchMap":{"0":{"loc":{"start":{"line":115,"column":2},"end":{"line":133,"column":3}},"type":"switch","locations":[{"start":{"line":116,"column":4},"end":{"line":130,"column":12}},{"start":{"line":131,"column":4},"end":{"line":132,"column":12}}],"line":115},"1":{"loc":{"start":{"line":117,"column":6},"end":{"line":129,"column":7}},"type":"switch","locations":[{"start":{"line":118,"column":8},"end":{"line":126,"column":16}},{"start":{"line":127,"column":8},"end":{"line":128,"column":16}}],"line":117},"2":{"loc":{"start":{"line":119,"column":10},"end":{"line":125,"column":11}},"type":"switch","locations":[{"start":{"line":120,"column":12},"end":{"line":122,"column":20}},{"start":{"line":123,"column":12},"end":{"line":124,"column":20}}],"line":119},"3":{"loc":{"start":{"line":139,"column":2},"end":{"line":157,"column":3}},"type":"switch","locations":[{"start":{"line":140,"column":4},"end":{"line":154,"column":12}},{"start":{"line":155,"column":4},"end":{"line":156,"column":12}}],"line":139},"4":{"loc":{"start":{"line":141,"column":6},"end":{"line":153,"column":7}},"type":"switch","locations":[{"start":{"line":142,"column":8},"end":{"line":150,"column":16}},{"start":{"line":151,"column":8},"end":{"line":152,"column":16}}],"line":141},"5":{"loc":{"start":{"line":143,"column":10},"end":{"line":149,"column":11}},"type":"switch","locations":[{"start":{"line":144,"column":12},"end":{"line":146,"column":20}},{"start":{"line":147,"column":12},"end":{"line":148,"column":20}}],"line":143},"6":{"loc":{"start":{"line":163,"column":2},"end":{"line":181,"column":3}},"type":"switch","locations":[{"start":{"line":164,"column":4},"end":{"line":178,"column":12}},{"start":{"line":179,"column":4},"end":{"line":180,"column":12}}],"line":163},"7":{"loc":{"start":{"line":165,"column":6},"end":{"line":177,"column":7}},"type":"switch","locations":[{"start":{"line":166,"column":8},"end":{"line":174,"column":16}},{"start":{"line":175,"column":8},"end":{"line":176,"column":16}}],"line":165},"8":{"loc":{"start":{"line":167,"column":10},"end":{"line":173,"column":11}},"type":"switch","locations":[{"start":{"line":168,"column":12},"end":{"line":170,"column":20}},{"start":{"line":171,"column":12},"end":{"line":172,"column":20}}],"line":167},"9":{"loc":{"start":{"line":187,"column":2},"end":{"line":205,"column":3}},"type":"switch","locations":[{"start":{"line":188,"column":4},"end":{"line":202,"column":12}},{"start":{"line":203,"column":4},"end":{"line":204,"column":12}}],"line":187},"10":{"loc":{"start":{"line":189,"column":6},"end":{"line":201,"column":7}},"type":"switch","locations":[{"start":{"line":190,"column":8},"end":{"line":198,"column":16}},{"start":{"line":199,"column":8},"end":{"line":200,"column":16}}],"line":189},"11":{"loc":{"start":{"line":191,"column":10},"end":{"line":197,"column":11}},"type":"switch","locations":[{"start":{"line":192,"column":12},"end":{"line":194,"column":20}},{"start":{"line":195,"column":12},"end":{"line":196,"column":20}}],"line":191},"12":{"loc":{"start":{"line":211,"column":2},"end":{"line":229,"column":3}},"type":"switch","locations":[{"start":{"line":212,"column":4},"end":{"line":226,"column":12}},{"start":{"line":227,"column":4},"end":{"line":228,"column":12}}],"line":211},"13":{"loc":{"start":{"line":213,"column":6},"end":{"line":225,"column":7}},"type":"switch","locations":[{"start":{"line":214,"column":8},"end":{"line":222,"column":16}},{"start":{"line":223,"column":8},"end":{"line":224,"column":16}}],"line":213},"14":{"loc":{"start":{"line":215,"column":10},"end":{"line":221,"column":11}},"type":"switch","locations":[{"start":{"line":216,"column":12},"end":{"line":218,"column":20}},{"start":{"line":219,"column":12},"end":{"line":220,"column":20}}],"line":215},"15":{"loc":{"start":{"line":235,"column":2},"end":{"line":253,"column":3}},"type":"switch","locations":[{"start":{"line":236,"column":4},"end":{"line":250,"column":12}},{"start":{"line":251,"column":4},"end":{"line":252,"column":12}}],"line":235},"16":{"loc":{"start":{"line":237,"column":6},"end":{"line":249,"column":7}},"type":"switch","locations":[{"start":{"line":238,"column":8},"end":{"line":246,"column":16}},{"start":{"line":247,"column":8},"end":{"line":248,"column":16}}],"line":237},"17":{"loc":{"start":{"line":239,"column":10},"end":{"line":245,"column":11}},"type":"switch","locations":[{"start":{"line":240,"column":12},"end":{"line":242,"column":20}},{"start":{"line":243,"column":12},"end":{"line":244,"column":20}}],"line":239},"18":{"loc":{"start":{"line":259,"column":2},"end":{"line":277,"column":3}},"type":"switch","locations":[{"start":{"line":260,"column":4},"end":{"line":274,"column":12}},{"start":{"line":275,"column":4},"end":{"line":276,"column":12}}],"line":259},"19":{"loc":{"start":{"line":261,"column":6},"end":{"line":273,"column":7}},"type":"switch","locations":[{"start":{"line":262,"column":8},"end":{"line":270,"column":16}},{"start":{"line":271,"column":8},"end":{"line":272,"column":16}}],"line":261},"20":{"loc":{"start":{"line":263,"column":10},"end":{"line":269,"column":11}},"type":"switch","locations":[{"start":{"line":264,"column":12},"end":{"line":266,"column":20}},{"start":{"line":267,"column":12},"end":{"line":268,"column":20}}],"line":263},"21":{"loc":{"start":{"line":283,"column":2},"end":{"line":301,"column":3}},"type":"switch","locations":[{"start":{"line":284,"column":4},"end":{"line":298,"column":12}},{"start":{"line":299,"column":4},"end":{"line":300,"column":12}}],"line":283},"22":{"loc":{"start":{"line":285,"column":6},"end":{"line":297,"column":7}},"type":"switch","locations":[{"start":{"line":286,"column":8},"end":{"line":294,"column":16}},{"start":{"line":295,"column":8},"end":{"line":296,"column":16}}],"line":285},"23":{"loc":{"start":{"line":287,"column":10},"end":{"line":293,"column":11}},"type":"switch","locations":[{"start":{"line":288,"column":12},"end":{"line":290,"column":20}},{"start":{"line":291,"column":12},"end":{"line":292,"column":20}}],"line":287},"24":{"loc":{"start":{"line":307,"column":2},"end":{"line":325,"column":3}},"type":"switch","locations":[{"start":{"line":308,"column":4},"end":{"line":322,"column":12}},{"start":{"line":323,"column":4},"end":{"line":324,"column":12}}],"line":307},"25":{"loc":{"start":{"line":309,"column":6},"end":{"line":321,"column":7}},"type":"switch","locations":[{"start":{"line":310,"column":8},"end":{"line":318,"column":16}},{"start":{"line":319,"column":8},"end":{"line":320,"column":16}}],"line":309},"26":{"loc":{"start":{"line":311,"column":10},"end":{"line":317,"column":11}},"type":"switch","locations":[{"start":{"line":312,"column":12},"end":{"line":314,"column":20}},{"start":{"line":315,"column":12},"end":{"line":316,"column":20}}],"line":311},"27":{"loc":{"start":{"line":331,"column":2},"end":{"line":349,"column":3}},"type":"switch","locations":[{"start":{"line":332,"column":4},"end":{"line":346,"column":12}},{"start":{"line":347,"column":4},"end":{"line":348,"column":12}}],"line":331},"28":{"loc":{"start":{"line":333,"column":6},"end":{"line":345,"column":7}},"type":"switch","locations":[{"start":{"line":334,"column":8},"end":{"line":342,"column":16}},{"start":{"line":343,"column":8},"end":{"line":344,"column":16}}],"line":333},"29":{"loc":{"start":{"line":335,"column":10},"end":{"line":341,"column":11}},"type":"switch","locations":[{"start":{"line":336,"column":12},"end":{"line":338,"column":20}},{"start":{"line":339,"column":12},"end":{"line":340,"column":20}}],"line":335},"30":{"loc":{"start":{"line":355,"column":2},"end":{"line":373,"column":3}},"type":"switch","locations":[{"start":{"line":356,"column":4},"end":{"line":370,"column":12}},{"start":{"line":371,"column":4},"end":{"line":372,"column":12}}],"line":355},"31":{"loc":{"start":{"line":357,"column":6},"end":{"line":369,"column":7}},"type":"switch","locations":[{"start":{"line":358,"column":8},"end":{"line":366,"column":16}},{"start":{"line":367,"column":8},"end":{"line":368,"column":16}}],"line":357},"32":{"loc":{"start":{"line":359,"column":10},"end":{"line":365,"column":11}},"type":"switch","locations":[{"start":{"line":360,"column":12},"end":{"line":362,"column":20}},{"start":{"line":363,"column":12},"end":{"line":364,"column":20}}],"line":359},"33":{"loc":{"start":{"line":379,"column":2},"end":{"line":397,"column":3}},"type":"switch","locations":[{"start":{"line":380,"column":4},"end":{"line":394,"column":12}},{"start":{"line":395,"column":4},"end":{"line":396,"column":12}}],"line":379},"34":{"loc":{"start":{"line":381,"column":6},"end":{"line":393,"column":7}},"type":"switch","locations":[{"start":{"line":382,"column":8},"end":{"line":390,"column":16}},{"start":{"line":391,"column":8},"end":{"line":392,"column":16}}],"line":381},"35":{"loc":{"start":{"line":383,"column":10},"end":{"line":389,"column":11}},"type":"switch","locations":[{"start":{"line":384,"column":12},"end":{"line":386,"column":20}},{"start":{"line":387,"column":12},"end":{"line":388,"column":20}}],"line":383},"36":{"loc":{"start":{"line":403,"column":2},"end":{"line":415,"column":3}},"type":"switch","locations":[{"start":{"line":404,"column":4},"end":{"line":412,"column":12}},{"start":{"line":413,"column":4},"end":{"line":414,"column":12}}],"line":403},"37":{"loc":{"start":{"line":405,"column":6},"end":{"line":411,"column":7}},"type":"switch","locations":[{"start":{"line":406,"column":8},"end":{"line":408,"column":16}},{"start":{"line":409,"column":8},"end":{"line":410,"column":16}}],"line":405},"38":{"loc":{"start":{"line":421,"column":2},"end":{"line":439,"column":3}},"type":"switch","locations":[{"start":{"line":422,"column":4},"end":{"line":436,"column":12}},{"start":{"line":437,"column":4},"end":{"line":438,"column":12}}],"line":421},"39":{"loc":{"start":{"line":423,"column":6},"end":{"line":435,"column":7}},"type":"switch","locations":[{"start":{"line":424,"column":8},"end":{"line":432,"column":16}},{"start":{"line":433,"column":8},"end":{"line":434,"column":16}}],"line":423},"40":{"loc":{"start":{"line":425,"column":10},"end":{"line":431,"column":11}},"type":"switch","locations":[{"start":{"line":426,"column":12},"end":{"line":428,"column":20}},{"start":{"line":429,"column":12},"end":{"line":430,"column":20}}],"line":425},"41":{"loc":{"start":{"line":445,"column":2},"end":{"line":463,"column":3}},"type":"switch","locations":[{"start":{"line":446,"column":4},"end":{"line":460,"column":12}},{"start":{"line":461,"column":4},"end":{"line":462,"column":12}}],"line":445},"42":{"loc":{"start":{"line":447,"column":6},"end":{"line":459,"column":7}},"type":"switch","locations":[{"start":{"line":448,"column":8},"end":{"line":456,"column":16}},{"start":{"line":457,"column":8},"end":{"line":458,"column":16}}],"line":447},"43":{"loc":{"start":{"line":449,"column":10},"end":{"line":455,"column":11}},"type":"switch","locations":[{"start":{"line":450,"column":12},"end":{"line":452,"column":20}},{"start":{"line":453,"column":12},"end":{"line":454,"column":20}}],"line":449},"44":{"loc":{"start":{"line":469,"column":2},"end":{"line":481,"column":3}},"type":"switch","locations":[{"start":{"line":470,"column":4},"end":{"line":478,"column":12}},{"start":{"line":479,"column":4},"end":{"line":480,"column":12}}],"line":469},"45":{"loc":{"start":{"line":471,"column":6},"end":{"line":477,"column":7}},"type":"switch","locations":[{"start":{"line":472,"column":8},"end":{"line":474,"column":16}},{"start":{"line":475,"column":8},"end":{"line":476,"column":16}}],"line":471},"46":{"loc":{"start":{"line":487,"column":2},"end":{"line":505,"column":3}},"type":"switch","locations":[{"start":{"line":488,"column":4},"end":{"line":502,"column":12}},{"start":{"line":503,"column":4},"end":{"line":504,"column":12}}],"line":487},"47":{"loc":{"start":{"line":489,"column":6},"end":{"line":501,"column":7}},"type":"switch","locations":[{"start":{"line":490,"column":8},"end":{"line":498,"column":16}},{"start":{"line":499,"column":8},"end":{"line":500,"column":16}}],"line":489},"48":{"loc":{"start":{"line":491,"column":10},"end":{"line":497,"column":11}},"type":"switch","locations":[{"start":{"line":492,"column":12},"end":{"line":494,"column":20}},{"start":{"line":495,"column":12},"end":{"line":496,"column":20}}],"line":491},"49":{"loc":{"start":{"line":511,"column":2},"end":{"line":529,"column":3}},"type":"switch","locations":[{"start":{"line":512,"column":4},"end":{"line":526,"column":12}},{"start":{"line":527,"column":4},"end":{"line":528,"column":12}}],"line":511},"50":{"loc":{"start":{"line":513,"column":6},"end":{"line":525,"column":7}},"type":"switch","locations":[{"start":{"line":514,"column":8},"end":{"line":522,"column":16}},{"start":{"line":523,"column":8},"end":{"line":524,"column":16}}],"line":513},"51":{"loc":{"start":{"line":515,"column":10},"end":{"line":521,"column":11}},"type":"switch","locations":[{"start":{"line":516,"column":12},"end":{"line":518,"column":20}},{"start":{"line":519,"column":12},"end":{"line":520,"column":20}}],"line":515},"52":{"loc":{"start":{"line":535,"column":2},"end":{"line":553,"column":3}},"type":"switch","locations":[{"start":{"line":536,"column":4},"end":{"line":550,"column":12}},{"start":{"line":551,"column":4},"end":{"line":552,"column":12}}],"line":535},"53":{"loc":{"start":{"line":537,"column":6},"end":{"line":549,"column":7}},"type":"switch","locations":[{"start":{"line":538,"column":8},"end":{"line":546,"column":16}},{"start":{"line":547,"column":8},"end":{"line":548,"column":16}}],"line":537},"54":{"loc":{"start":{"line":539,"column":10},"end":{"line":545,"column":11}},"type":"switch","locations":[{"start":{"line":540,"column":12},"end":{"line":542,"column":20}},{"start":{"line":543,"column":12},"end":{"line":544,"column":20}}],"line":539},"55":{"loc":{"start":{"line":559,"column":2},"end":{"line":577,"column":3}},"type":"switch","locations":[{"start":{"line":560,"column":4},"end":{"line":574,"column":12}},{"start":{"line":575,"column":4},"end":{"line":576,"column":12}}],"line":559},"56":{"loc":{"start":{"line":561,"column":6},"end":{"line":573,"column":7}},"type":"switch","locations":[{"start":{"line":562,"column":8},"end":{"line":570,"column":16}},{"start":{"line":571,"column":8},"end":{"line":572,"column":16}}],"line":561},"57":{"loc":{"start":{"line":563,"column":10},"end":{"line":569,"column":11}},"type":"switch","locations":[{"start":{"line":564,"column":12},"end":{"line":566,"column":20}},{"start":{"line":567,"column":12},"end":{"line":568,"column":20}}],"line":563},"58":{"loc":{"start":{"line":583,"column":2},"end":{"line":601,"column":3}},"type":"switch","locations":[{"start":{"line":584,"column":4},"end":{"line":598,"column":12}},{"start":{"line":599,"column":4},"end":{"line":600,"column":12}}],"line":583},"59":{"loc":{"start":{"line":585,"column":6},"end":{"line":597,"column":7}},"type":"switch","locations":[{"start":{"line":586,"column":8},"end":{"line":594,"column":16}},{"start":{"line":595,"column":8},"end":{"line":596,"column":16}}],"line":585},"60":{"loc":{"start":{"line":587,"column":10},"end":{"line":593,"column":11}},"type":"switch","locations":[{"start":{"line":588,"column":12},"end":{"line":590,"column":20}},{"start":{"line":591,"column":12},"end":{"line":592,"column":20}}],"line":587},"61":{"loc":{"start":{"line":607,"column":2},"end":{"line":625,"column":3}},"type":"switch","locations":[{"start":{"line":608,"column":4},"end":{"line":622,"column":12}},{"start":{"line":623,"column":4},"end":{"line":624,"column":12}}],"line":607},"62":{"loc":{"start":{"line":609,"column":6},"end":{"line":621,"column":7}},"type":"switch","locations":[{"start":{"line":610,"column":8},"end":{"line":618,"column":16}},{"start":{"line":619,"column":8},"end":{"line":620,"column":16}}],"line":609},"63":{"loc":{"start":{"line":611,"column":10},"end":{"line":617,"column":11}},"type":"switch","locations":[{"start":{"line":612,"column":12},"end":{"line":614,"column":20}},{"start":{"line":615,"column":12},"end":{"line":616,"column":20}}],"line":611},"64":{"loc":{"start":{"line":631,"column":2},"end":{"line":649,"column":3}},"type":"switch","locations":[{"start":{"line":632,"column":4},"end":{"line":646,"column":12}},{"start":{"line":647,"column":4},"end":{"line":648,"column":12}}],"line":631},"65":{"loc":{"start":{"line":633,"column":6},"end":{"line":645,"column":7}},"type":"switch","locations":[{"start":{"line":634,"column":8},"end":{"line":642,"column":16}},{"start":{"line":643,"column":8},"end":{"line":644,"column":16}}],"line":633},"66":{"loc":{"start":{"line":635,"column":10},"end":{"line":641,"column":11}},"type":"switch","locations":[{"start":{"line":636,"column":12},"end":{"line":638,"column":20}},{"start":{"line":639,"column":12},"end":{"line":640,"column":20}}],"line":635},"67":{"loc":{"start":{"line":655,"column":2},"end":{"line":667,"column":3}},"type":"switch","locations":[{"start":{"line":656,"column":4},"end":{"line":664,"column":12}},{"start":{"line":665,"column":4},"end":{"line":666,"column":12}}],"line":655},"68":{"loc":{"start":{"line":657,"column":6},"end":{"line":663,"column":7}},"type":"switch","locations":[{"start":{"line":658,"column":8},"end":{"line":660,"column":16}},{"start":{"line":661,"column":8},"end":{"line":662,"column":16}}],"line":657},"69":{"loc":{"start":{"line":673,"column":2},"end":{"line":691,"column":3}},"type":"switch","locations":[{"start":{"line":674,"column":4},"end":{"line":688,"column":12}},{"start":{"line":689,"column":4},"end":{"line":690,"column":12}}],"line":673},"70":{"loc":{"start":{"line":675,"column":6},"end":{"line":687,"column":7}},"type":"switch","locations":[{"start":{"line":676,"column":8},"end":{"line":684,"column":16}},{"start":{"line":685,"column":8},"end":{"line":686,"column":16}}],"line":675},"71":{"loc":{"start":{"line":677,"column":10},"end":{"line":683,"column":11}},"type":"switch","locations":[{"start":{"line":678,"column":12},"end":{"line":680,"column":20}},{"start":{"line":681,"column":12},"end":{"line":682,"column":20}}],"line":677},"72":{"loc":{"start":{"line":697,"column":2},"end":{"line":715,"column":3}},"type":"switch","locations":[{"start":{"line":698,"column":4},"end":{"line":712,"column":12}},{"start":{"line":713,"column":4},"end":{"line":714,"column":12}}],"line":697},"73":{"loc":{"start":{"line":699,"column":6},"end":{"line":711,"column":7}},"type":"switch","locations":[{"start":{"line":700,"column":8},"end":{"line":708,"column":16}},{"start":{"line":709,"column":8},"end":{"line":710,"column":16}}],"line":699},"74":{"loc":{"start":{"line":701,"column":10},"end":{"line":707,"column":11}},"type":"switch","locations":[{"start":{"line":702,"column":12},"end":{"line":704,"column":20}},{"start":{"line":705,"column":12},"end":{"line":706,"column":20}}],"line":701},"75":{"loc":{"start":{"line":721,"column":2},"end":{"line":739,"column":3}},"type":"switch","locations":[{"start":{"line":722,"column":4},"end":{"line":736,"column":12}},{"start":{"line":737,"column":4},"end":{"line":738,"column":12}}],"line":721},"76":{"loc":{"start":{"line":723,"column":6},"end":{"line":735,"column":7}},"type":"switch","locations":[{"start":{"line":724,"column":8},"end":{"line":732,"column":16}},{"start":{"line":733,"column":8},"end":{"line":734,"column":16}}],"line":723},"77":{"loc":{"start":{"line":725,"column":10},"end":{"line":731,"column":11}},"type":"switch","locations":[{"start":{"line":726,"column":12},"end":{"line":728,"column":20}},{"start":{"line":729,"column":12},"end":{"line":730,"column":20}}],"line":725},"78":{"loc":{"start":{"line":745,"column":2},"end":{"line":763,"column":3}},"type":"switch","locations":[{"start":{"line":746,"column":4},"end":{"line":760,"column":12}},{"start":{"line":761,"column":4},"end":{"line":762,"column":12}}],"line":745},"79":{"loc":{"start":{"line":747,"column":6},"end":{"line":759,"column":7}},"type":"switch","locations":[{"start":{"line":748,"column":8},"end":{"line":756,"column":16}},{"start":{"line":757,"column":8},"end":{"line":758,"column":16}}],"line":747},"80":{"loc":{"start":{"line":749,"column":10},"end":{"line":755,"column":11}},"type":"switch","locations":[{"start":{"line":750,"column":12},"end":{"line":752,"column":20}},{"start":{"line":753,"column":12},"end":{"line":754,"column":20}}],"line":749},"81":{"loc":{"start":{"line":769,"column":2},"end":{"line":787,"column":3}},"type":"switch","locations":[{"start":{"line":770,"column":4},"end":{"line":784,"column":12}},{"start":{"line":785,"column":4},"end":{"line":786,"column":12}}],"line":769},"82":{"loc":{"start":{"line":771,"column":6},"end":{"line":783,"column":7}},"type":"switch","locations":[{"start":{"line":772,"column":8},"end":{"line":780,"column":16}},{"start":{"line":781,"column":8},"end":{"line":782,"column":16}}],"line":771},"83":{"loc":{"start":{"line":773,"column":10},"end":{"line":779,"column":11}},"type":"switch","locations":[{"start":{"line":774,"column":12},"end":{"line":776,"column":20}},{"start":{"line":777,"column":12},"end":{"line":778,"column":20}}],"line":773},"84":{"loc":{"start":{"line":793,"column":2},"end":{"line":811,"column":3}},"type":"switch","locations":[{"start":{"line":794,"column":4},"end":{"line":808,"column":12}},{"start":{"line":809,"column":4},"end":{"line":810,"column":12}}],"line":793},"85":{"loc":{"start":{"line":795,"column":6},"end":{"line":807,"column":7}},"type":"switch","locations":[{"start":{"line":796,"column":8},"end":{"line":804,"column":16}},{"start":{"line":805,"column":8},"end":{"line":806,"column":16}}],"line":795},"86":{"loc":{"start":{"line":797,"column":10},"end":{"line":803,"column":11}},"type":"switch","locations":[{"start":{"line":798,"column":12},"end":{"line":800,"column":20}},{"start":{"line":801,"column":12},"end":{"line":802,"column":20}}],"line":797},"87":{"loc":{"start":{"line":817,"column":2},"end":{"line":835,"column":3}},"type":"switch","locations":[{"start":{"line":818,"column":4},"end":{"line":832,"column":12}},{"start":{"line":833,"column":4},"end":{"line":834,"column":12}}],"line":817},"88":{"loc":{"start":{"line":819,"column":6},"end":{"line":831,"column":7}},"type":"switch","locations":[{"start":{"line":820,"column":8},"end":{"line":828,"column":16}},{"start":{"line":829,"column":8},"end":{"line":830,"column":16}}],"line":819},"89":{"loc":{"start":{"line":821,"column":10},"end":{"line":827,"column":11}},"type":"switch","locations":[{"start":{"line":822,"column":12},"end":{"line":824,"column":20}},{"start":{"line":825,"column":12},"end":{"line":826,"column":20}}],"line":821},"90":{"loc":{"start":{"line":841,"column":2},"end":{"line":847,"column":3}},"type":"switch","locations":[{"start":{"line":842,"column":4},"end":{"line":844,"column":12}},{"start":{"line":845,"column":4},"end":{"line":846,"column":12}}],"line":841},"91":{"loc":{"start":{"line":855,"column":2},"end":{"line":877,"column":3}},"type":"switch","locations":[{"start":{"line":856,"column":4},"end":{"line":856,"column":14}},{"start":{"line":857,"column":4},"end":{"line":857,"column":14}},{"start":{"line":858,"column":4},"end":{"line":874,"column":12}},{"start":{"line":875,"column":4},"end":{"line":876,"column":12}}],"line":855},"92":{"loc":{"start":{"line":859,"column":6},"end":{"line":873,"column":7}},"type":"switch","locations":[{"start":{"line":860,"column":8},"end":{"line":860,"column":18}},{"start":{"line":861,"column":8},"end":{"line":861,"column":18}},{"start":{"line":862,"column":8},"end":{"line":870,"column":16}},{"start":{"line":871,"column":8},"end":{"line":872,"column":16}}],"line":859},"93":{"loc":{"start":{"line":863,"column":10},"end":{"line":869,"column":11}},"type":"switch","locations":[{"start":{"line":864,"column":12},"end":{"line":866,"column":20}},{"start":{"line":867,"column":12},"end":{"line":868,"column":20}}],"line":863},"94":{"loc":{"start":{"line":884,"column":2},"end":{"line":908,"column":3}},"type":"switch","locations":[{"start":{"line":885,"column":4},"end":{"line":885,"column":14}},{"start":{"line":886,"column":4},"end":{"line":886,"column":14}},{"start":{"line":887,"column":4},"end":{"line":905,"column":12}},{"start":{"line":906,"column":4},"end":{"line":907,"column":12}}],"line":884},"95":{"loc":{"start":{"line":888,"column":6},"end":{"line":904,"column":7}},"type":"switch","locations":[{"start":{"line":889,"column":8},"end":{"line":889,"column":18}},{"start":{"line":890,"column":8},"end":{"line":890,"column":18}},{"start":{"line":891,"column":8},"end":{"line":901,"column":16}},{"start":{"line":902,"column":8},"end":{"line":903,"column":16}}],"line":888},"96":{"loc":{"start":{"line":892,"column":10},"end":{"line":900,"column":11}},"type":"switch","locations":[{"start":{"line":893,"column":12},"end":{"line":893,"column":22}},{"start":{"line":894,"column":12},"end":{"line":894,"column":22}},{"start":{"line":895,"column":12},"end":{"line":897,"column":20}},{"start":{"line":898,"column":12},"end":{"line":899,"column":20}}],"line":892},"97":{"loc":{"start":{"line":915,"column":2},"end":{"line":937,"column":3}},"type":"switch","locations":[{"start":{"line":916,"column":4},"end":{"line":916,"column":14}},{"start":{"line":917,"column":4},"end":{"line":917,"column":14}},{"start":{"line":918,"column":4},"end":{"line":934,"column":12}},{"start":{"line":935,"column":4},"end":{"line":936,"column":12}}],"line":915},"98":{"loc":{"start":{"line":919,"column":6},"end":{"line":933,"column":7}},"type":"switch","locations":[{"start":{"line":920,"column":8},"end":{"line":920,"column":18}},{"start":{"line":921,"column":8},"end":{"line":921,"column":18}},{"start":{"line":922,"column":8},"end":{"line":930,"column":16}},{"start":{"line":931,"column":8},"end":{"line":932,"column":16}}],"line":919},"99":{"loc":{"start":{"line":923,"column":10},"end":{"line":929,"column":11}},"type":"switch","locations":[{"start":{"line":924,"column":12},"end":{"line":926,"column":20}},{"start":{"line":927,"column":12},"end":{"line":928,"column":20}}],"line":923},"100":{"loc":{"start":{"line":943,"column":2},"end":{"line":949,"column":3}},"type":"switch","locations":[{"start":{"line":944,"column":4},"end":{"line":946,"column":12}},{"start":{"line":947,"column":4},"end":{"line":948,"column":12}}],"line":943},"101":{"loc":{"start":{"line":957,"column":2},"end":{"line":979,"column":3}},"type":"switch","locations":[{"start":{"line":958,"column":4},"end":{"line":958,"column":14}},{"start":{"line":959,"column":4},"end":{"line":959,"column":14}},{"start":{"line":960,"column":4},"end":{"line":976,"column":12}},{"start":{"line":977,"column":4},"end":{"line":978,"column":12}}],"line":957},"102":{"loc":{"start":{"line":961,"column":6},"end":{"line":975,"column":7}},"type":"switch","locations":[{"start":{"line":962,"column":8},"end":{"line":962,"column":18}},{"start":{"line":963,"column":8},"end":{"line":963,"column":18}},{"start":{"line":964,"column":8},"end":{"line":972,"column":16}},{"start":{"line":973,"column":8},"end":{"line":974,"column":16}}],"line":961},"103":{"loc":{"start":{"line":965,"column":10},"end":{"line":971,"column":11}},"type":"switch","locations":[{"start":{"line":966,"column":12},"end":{"line":968,"column":20}},{"start":{"line":969,"column":12},"end":{"line":970,"column":20}}],"line":965},"104":{"loc":{"start":{"line":985,"column":2},"end":{"line":991,"column":3}},"type":"switch","locations":[{"start":{"line":986,"column":4},"end":{"line":988,"column":12}},{"start":{"line":989,"column":4},"end":{"line":990,"column":12}}],"line":985},"105":{"loc":{"start":{"line":998,"column":2},"end":{"line":1004,"column":3}},"type":"switch","locations":[{"start":{"line":999,"column":4},"end":{"line":1001,"column":12}},{"start":{"line":1002,"column":4},"end":{"line":1003,"column":12}}],"line":998},"106":{"loc":{"start":{"line":1011,"column":2},"end":{"line":1017,"column":3}},"type":"switch","locations":[{"start":{"line":1012,"column":4},"end":{"line":1014,"column":12}},{"start":{"line":1015,"column":4},"end":{"line":1016,"column":12}}],"line":1011},"107":{"loc":{"start":{"line":1025,"column":2},"end":{"line":1049,"column":3}},"type":"switch","locations":[{"start":{"line":1026,"column":4},"end":{"line":1026,"column":14}},{"start":{"line":1027,"column":4},"end":{"line":1027,"column":14}},{"start":{"line":1028,"column":4},"end":{"line":1046,"column":12}},{"start":{"line":1047,"column":4},"end":{"line":1048,"column":12}}],"line":1025},"108":{"loc":{"start":{"line":1029,"column":6},"end":{"line":1045,"column":7}},"type":"switch","locations":[{"start":{"line":1030,"column":8},"end":{"line":1030,"column":18}},{"start":{"line":1031,"column":8},"end":{"line":1031,"column":18}},{"start":{"line":1032,"column":8},"end":{"line":1042,"column":16}},{"start":{"line":1043,"column":8},"end":{"line":1044,"column":16}}],"line":1029},"109":{"loc":{"start":{"line":1033,"column":10},"end":{"line":1041,"column":11}},"type":"switch","locations":[{"start":{"line":1034,"column":12},"end":{"line":1034,"column":22}},{"start":{"line":1035,"column":12},"end":{"line":1035,"column":22}},{"start
[...]
{"start":{"line":25,"column":24},"end":{"line":30,"column":1}},"6":{"start":{"line":34,"column":16},"end":{"line":34,"column":21}},"7":{"start":{"line":35,"column":2},"end":{"line":53,"column":3}},"8":{"start":{"line":37,"column":6},"end":{"line":49,"column":7}},"9":{"start":{"line":39,"column":10},"end":{"line":45,"column":11}},"10":{"start":{"line":41,"column":14},"end":{"line":41,"column":29}},"11":{"start":{"line":42,"column":14},"end":{"line":42,"column":20}},"12":{"start":{"line":44,"column":14},"end":{"line":44,"column":20}},"13":{"start":{"line":46,"column":10},"end":{"line":46,"column":16}},"14":{"start":{"line":48,"column":10},"end":{"line":48,"column":16}},"15":{"start":{"line":50,"column":6},"end":{"line":50,"column":12}},"16":{"start":{"line":52,"column":6},"end":{"line":52,"column":12}},"17":{"start":{"line":54,"column":2},"end":{"line":54,"column":17}},"18":{"start":{"line":58,"column":15},"end":{"line":58,"column":17}},"19":{"start":{"line":59,"column":2},"end":{"line":63,"column":3}},"20":{"start":{"line":60,"column":4},"end":{"line":62,"column":5}},"21":{"start":{"line":61,"column":6},"end":{"line":61,"column":19}},"22":{"start":{"line":64,"column":2},"end":{"line":64,"column":16}},"23":{"start":{"line":68,"column":16},"end":{"line":68,"column":70}},"24":{"start":{"line":70,"column":2},"end":{"line":80,"column":4}},"25":{"start":{"line":83,"column":0},"end":{"line":87,"column":2}}},"fnMap":{"0":{"name":"isHitOrMissTrigger","decl":{"start":{"line":33,"column":9},"end":{"line":33,"column":27}},"loc":{"start":{"line":33,"column":71},"end":{"line":55,"column":1}},"line":33},"1":{"name":"findIndexOfHitOrMiss","decl":{"start":{"line":57,"column":9},"end":{"line":57,"column":29}},"loc":{"start":{"line":57,"column":64},"end":{"line":65,"column":1}},"line":57},"2":{"name":"getHitOrMissWin","decl":{"start":{"line":67,"column":9},"end":{"line":67,"column":24}},"loc":{"start":{"line":67,"column":61},"end":{"line":81,"column":1}},"line":67}},"branchMap":{"0":{"loc":{"start":{"line":35,"column":2},"end":{"line":53,"column":3}},"type":"switch","locations":[{"start":{"line":36,"column":4},"end":{"line":50,"column":12}},{"start":{"line":51,"column":4},"end":{"line":52,"column":12}}],"line":35},"1":{"loc":{"start":{"line":37,"column":6},"end":{"line":49,"column":7}},"type":"switch","locations":[{"start":{"line":38,"column":8},"end":{"line":46,"column":16}},{"start":{"line":47,"column":8},"end":{"line":48,"column":16}}],"line":37},"2":{"loc":{"start":{"line":39,"column":10},"end":{"line":45,"column":11}},"type":"switch","locations":[{"start":{"line":40,"column":12},"end":{"line":42,"column":20}},{"start":{"line":43,"column":12},"end":{"line":44,"column":20}}],"line":39},"3":{"loc":{"start":{"line":60,"column":4},"end":{"line":62,"column":5}},"type":"if","locations":[{"start":{"line":60,"column":4},"end":{"line":62,"column":5}},{"start":{},"end":{}}],"line":60},"4":{"loc":{"start":{"line":60,"column":8},"end":{"line":60,"column":64}},"type":"binary-expr","locations":[{"start":{"line":60,"column":8},"end":{"line":60,"column":35}},{"start":{"line":60,"column":39},"end":{"line":60,"column":64}}],"line":60}},"s":{"0":6,"1":6,"2":6,"3":6,"4":6,"5":6,"6":4,"7":4,"8":3,"9":2,"10":1,"11":1,"12":1,"13":2,"14":1,"15":3,"16":1,"17":4,"18":13,"19":13,"20":26,"21":13,"22":13,"23":13,"24":13,"25":6},"f":{"0":4,"1":13,"2":13},"b":{"0":[3,1],"1":[2,1],"2":[1,1],"3":[13,13],"4":[26,19]},"_coverageSchema":"1a1c01bbd47fc00a2c39e90264f33305004495a9","hash":"cdd99641adc07a674ff5d0333eb4ad6dea7a71b3"}
,"/Users/whynew/egm-gateway-server/src/services/game-service/secondary/money-wheel.js": {"path":"/Users/whynew/egm-gateway-server/src/services/game-service/secondary/money-wheel.js","statementMap":{"0":{"start":{"line":18,"column":25},"end":{"line":18,"column":48}},"1":{"start":{"line":19,"column":24},"end":{"line":19,"column":46}},"2":{"start":{"line":21,"column":23},"end":{"line":21,"column":32}},"3":{"start":{"line":22,"column":0},"end":{"line":22,"column":44}},"4":{"start":{"line":23,"column":0},"end":{"line":23,"column":44}},"5":{"start":{"line":24,"column":0},"end":{"line":24,"column":47}},"6":{"start":{"line":25,"column":0},"end":{"line":25,"column":48}},"7":{"start":{"line":26,"column":0},"end":{"line":26,"column":48}},"8":{"start":{"line":27,"column":0},"end":{"line":27,"column":48}},"9":{"start":{"line":28,"column":0},"end":{"line":28,"column":48}},"10":{"start":{"line":29,"column":0},"end":{"line":29,"column":48}},"11":{"start":{"line":30,"column":0},"end":{"line":30,"column":49}},"12":{"start":{"line":31,"column":0},"end":{"line":31,"column":50}},"13":{"start":{"line":32,"column":0},"end":{"line":32,"column":51}},"14":{"start":{"line":33,"column":0},"end":{"line":33,"column":51}},"15":{"start":{"line":34,"column":0},"end":{"line":34,"column":51}},"16":{"start":{"line":35,"column":0},"end":{"line":35,"column":51}},"17":{"start":{"line":36,"column":0},"end":{"line":36,"column":51}},"18":{"start":{"line":37,"column":0},"end":{"line":37,"column":51}},"19":{"start":{"line":39,"column":20},"end":{"line":58,"column":1}},"20":{"start":{"line":62,"column":16},"end":{"line":62,"column":21}},"21":{"start":{"line":64,"column":2},"end":{"line":70,"column":3}},"22":{"start":{"line":66,"column":6},"end":{"line":66,"column":59}},"23":{"start":{"line":67,"column":6},"end":{"line":67,"column":12}},"24":{"start":{"line":69,"column":6},"end":{"line":69,"column":12}},"25":{"start":{"line":72,"column":2},"end":{"line":72,"column":17}},"26":{"start":{"line":76,"column":15},"end":{"line":76,"column":17}},"27":{"start":{"line":77,"column":2},"end":{"line":81,"column":3}},"28":{"start":{"line":78,"column":4},"end":{"line":80,"column":5}},"29":{"start":{"line":79,"column":6},"end":{"line":79,"column":19}},"30":{"start":{"line":82,"column":2},"end":{"line":82,"column":16}},"31":{"start":{"line":86,"column":16},"end":{"line":86,"column":63}},"32":{"start":{"line":87,"column":2},"end":{"line":97,"column":4}},"33":{"start":{"line":100,"column":0},"end":{"line":104,"column":2}}},"fnMap":{"0":{"name":"isMoneyWheelTrigger","decl":{"start":{"line":61,"column":9},"end":{"line":61,"column":28}},"loc":{"start":{"line":61,"column":72},"end":{"line":73,"column":1}},"line":61},"1":{"name":"findIndexOfMoneyWheel","decl":{"start":{"line":75,"column":9},"end":{"line":75,"column":30}},"loc":{"start":{"line":75,"column":57},"end":{"line":83,"column":1}},"line":75},"2":{"name":"getMoneyWheelWin","decl":{"start":{"line":85,"column":9},"end":{"line":85,"column":25}},"loc":{"start":{"line":85,"column":58},"end":{"line":98,"column":1}},"line":85}},"branchMap":{"0":{"loc":{"start":{"line":64,"column":2},"end":{"line":70,"column":3}},"type":"switch","locations":[{"start":{"line":65,"column":4},"end":{"line":67,"column":12}},{"start":{"line":68,"column":4},"end":{"line":69,"column":12}}],"line":64},"1":{"loc":{"start":{"line":66,"column":6},"end":{"line":66,"column":58}},"type":"cond-expr","locations":[{"start":{"line":66,"column":23},"end":{"line":66,"column":37}},{"start":{"line":66,"column":42},"end":{"line":66,"column":57}}],"line":66},"2":{"loc":{"start":{"line":78,"column":4},"end":{"line":80,"column":5}},"type":"if","locations":[{"start":{"line":78,"column":4},"end":{"line":80,"column":5}},{"start":{},"end":{}}],"line":78},"3":{"loc":{"start":{"line":78,"column":8},"end":{"line":78,"column":56}},"type":"binary-expr","locations":[{"start":{"line":78,"column":8},"end":{"line":78,"column":31}},{"start":{"line":78,"column":35},"end":{"line":78,"column":56}}],"line":78}},"s":{"0":6,"1":6,"2":6,"3":6,"4":6,"5":6,"6":6,"7":6,"8":6,"9":6,"10":6,"11":6,"12":6,"13":6,"14":6,"15":6,"16":6,"17":6,"18":6,"19":6,"20":6,"21":6,"22":5,"23":5,"24":1,"25":6,"26":49,"27":49,"28":784,"29":49,"30":49,"31":49,"32":49,"33":6},"f":{"0":6,"1":49,"2":49},"b":{"0":[5,1],"1":[1,4],"2":[49,735],"3":[784,409]},"_coverageSchema":"1a1c01bbd47fc00a2c39e90264f33305004495a9","hash":"75d1c35e308870926145479b7b15bc2788a22325"}
,"/Users/whynew/egm-gateway-server/src/services/game-service/secondary/one-of-three.js": {"path":"/Users/whynew/egm-gateway-server/src/services/game-service/secondary/one-of-three.js","statementMap":{"0":{"start":{"line":18,"column":24},"end":{"line":18,"column":46}},"1":{"start":{"line":19,"column":24},"end":{"line":19,"column":57}},"2":{"start":{"line":21,"column":28},"end":{"line":21,"column":37}},"3":{"start":{"line":22,"column":0},"end":{"line":22,"column":49}},"4":{"start":{"line":23,"column":0},"end":{"line":23,"column":49}},"5":{"start":{"line":24,"column":0},"end":{"line":24,"column":49}},"6":{"start":{"line":26,"column":25},"end":{"line":32,"column":1}},"7":{"start":{"line":36,"column":16},"end":{"line":36,"column":21}},"8":{"start":{"line":37,"column":2},"end":{"line":43,"column":3}},"9":{"start":{"line":39,"column":6},"end":{"line":39,"column":21}},"10":{"start":{"line":40,"column":6},"end":{"line":40,"column":12}},"11":{"start":{"line":42,"column":6},"end":{"line":42,"column":12}},"12":{"start":{"line":44,"column":2},"end":{"line":44,"column":17}},"13":{"start":{"line":48,"column":15},"end":{"line":48,"column":17}},"14":{"start":{"line":49,"column":2},"end":{"line":53,"column":3}},"15":{"start":{"line":50,"column":4},"end":{"line":52,"column":5}},"16":{"start":{"line":51,"column":6},"end":{"line":51,"column":19}},"17":{"start":{"line":54,"column":2},"end":{"line":54,"column":16}},"18":{"start":{"line":58,"column":16},"end":{"line":58,"column":73}},"19":{"start":{"line":59,"column":17},"end":{"line":64,"column":3}},"20":{"start":{"line":65,"column":17},"end":{"line":70,"column":3}},"21":{"start":{"line":71,"column":17},"end":{"line":76,"column":3}},"22":{"start":{"line":77,"column":2},"end":{"line":93,"column":4}},"23":{"start":{"line":96,"column":0},"end":{"line":100,"column":2}}},"fnMap":{"0":{"name":"isOneOfThreeTrigger","decl":{"start":{"line":35,"column":9},"end":{"line":35,"column":28}},"loc":{"start":{"line":35,"column":72},"end":{"line":45,"column":1}},"line":35},"1":{"name":"findIndexOfOneOfThree","decl":{"start":{"line":47,"column":9},"end":{"line":47,"column":30}},"loc":{"start":{"line":47,"column":67},"end":{"line":55,"column":1}},"line":47},"2":{"name":"getOneOfThreeWin","decl":{"start":{"line":57,"column":9},"end":{"line":57,"column":25}},"loc":{"start":{"line":57,"column":63},"end":{"line":94,"column":1}},"line":57}},"branchMap":{"0":{"loc":{"start":{"line":37,"column":2},"end":{"line":43,"column":3}},"type":"switch","locations":[{"start":{"line":38,"column":4},"end":{"line":40,"column":12}},{"start":{"line":41,"column":4},"end":{"line":42,"column":12}}],"line":37},"1":{"loc":{"start":{"line":50,"column":4},"end":{"line":52,"column":5}},"type":"if","locations":[{"start":{"line":50,"column":4},"end":{"line":52,"column":5}},{"start":{},"end":{}}],"line":50},"2":{"loc":{"start":{"line":50,"column":8},"end":{"line":50,"column":66}},"type":"binary-expr","locations":[{"start":{"line":50,"column":8},"end":{"line":50,"column":36}},{"start":{"line":50,"column":40},"end":{"line":50,"column":66}}],"line":50},"3":{"loc":{"start":{"line":88,"column":6},"end":{"line":92,"column":26}},"type":"cond-expr","locations":[{"start":{"line":89,"column":10},"end":{"line":89,"column":26}},{"start":{"line":90,"column":10},"end":{"line":92,"column":26}}],"line":88},"4":{"loc":{"start":{"line":90,"column":10},"end":{"line":92,"column":26}},"type":"cond-expr","locations":[{"start":{"line":91,"column":10},"end":{"line":91,"column":26}},{"start":{"line":92,"column":10},"end":{"line":92,"column":26}}],"line":90}},"s":{"0":6,"1":6,"2":6,"3":6,"4":6,"5":6,"6":6,"7":2,"8":2,"9":1,"10":1,"11":1,"12":2,"13":55,"14":55,"15":165,"16":55,"17":55,"18":55,"19":55,"20":55,"21":55,"22":55,"23":6},"f":{"0":2,"1":55,"2":55},"b":{"0":[1,1],"1":[55,110],"2":[165,109],"3":[19,36],"4":[18,18]},"_coverageSchema":"1a1c01bbd47fc00a2c39e90264f33305004495a9","hash":"1e2b33cfcd6e61db4ebeb84b0b68ad1da87fba3a"}
,"/Users/whynew/egm-gateway-server/src/services/game-service/secondary/random.js": {"path":"/Users/whynew/egm-gateway-server/src/services/game-service/secondary/random.js","statementMap":{"0":{"start":{"line":19,"column":24},"end":{"line":19,"column":46}},"1":{"start":{"line":22,"column":24},"end":{"line":22,"column":33}},"2":{"start":{"line":23,"column":0},"end":{"line":23,"column":46}},"3":{"start":{"line":24,"column":0},"end":{"line":24,"column":47}},"4":{"start":{"line":25,"column":0},"end":{"line":25,"column":47}},"5":{"start":{"line":26,"column":0},"end":{"line":26,"column":47}},"6":{"start":{"line":28,"column":21},"end":{"line":35,"column":1}},"7":{"start":{"line":38,"column":16},"end":{"line":38,"column":21}},"8":{"start":{"line":39,"column":2},"end":{"line":45,"column":3}},"9":{"start":{"line":41,"column":6},"end":{"line":41,"column":21}},"10":{"start":{"line":42,"column":6},"end":{"line":42,"column":12}},"11":{"start":{"line":44,"column":6},"end":{"line":44,"column":12}},"12":{"start":{"line":46,"column":2},"end":{"line":46,"column":17}},"13":{"start":{"line":50,"column":15},"end":{"line":50,"column":17}},"14":{"start":{"line":51,"column":2},"end":{"line":55,"column":3}},"15":{"start":{"line":52,"column":4},"end":{"line":54,"column":5}},"16":{"start":{"line":53,"column":6},"end":{"line":53,"column":19}},"17":{"start":{"line":56,"column":2},"end":{"line":56,"column":16}},"18":{"start":{"line":60,"column":16},"end":{"line":60,"column":61}},"19":{"start":{"line":61,"column":2},"end":{"line":71,"column":4}},"20":{"start":{"line":74,"column":0},"end":{"line":78,"column":2}}},"fnMap":{"0":{"name":"isRandomTrigger","decl":{"start":{"line":37,"column":9},"end":{"line":37,"column":24}},"loc":{"start":{"line":37,"column":68},"end":{"line":47,"column":1}},"line":37},"1":{"name":"findIndexOfRandom","decl":{"start":{"line":49,"column":9},"end":{"line":49,"column":26}},"loc":{"start":{"line":49,"column":55},"end":{"line":57,"column":1}},"line":49},"2":{"name":"getRandomWin","decl":{"start":{"line":59,"column":9},"end":{"line":59,"column":21}},"loc":{"start":{"line":59,"column":55},"end":{"line":72,"column":1}},"line":59}},"branchMap":{"0":{"loc":{"start":{"line":39,"column":2},"end":{"line":45,"column":3}},"type":"switch","locations":[{"start":{"line":40,"column":4},"end":{"line":42,"column":12}},{"start":{"line":43,"column":4},"end":{"line":44,"column":12}}],"line":39},"1":{"loc":{"start":{"line":52,"column":4},"end":{"line":54,"column":5}},"type":"if","locations":[{"start":{"line":52,"column":4},"end":{"line":54,"column":5}},{"start":{},"end":{}}],"line":52},"2":{"loc":{"start":{"line":52,"column":8},"end":{"line":52,"column":58}},"type":"binary-expr","locations":[{"start":{"line":52,"column":8},"end":{"line":52,"column":32}},{"start":{"line":52,"column":36},"end":{"line":52,"column":58}}],"line":52}},"s":{"0":6,"1":6,"2":6,"3":6,"4":6,"5":6,"6":6,"7":2,"8":2,"9":1,"10":1,"11":1,"12":2,"13":49,"14":49,"15":196,"16":49,"17":49,"18":49,"19":49,"20":6},"f":{"0":2,"1":49,"2":49},"b":{"0":[1,1],"1":[49,147],"2":[196,121]},"_coverageSchema":"1a1c01bbd47fc00a2c39e90264f33305004495a9","hash":"4070bf6dfc88a151a64667eff7519a0fdfd39dfd"}
,"/Users/whynew/egm-gateway-server/src/services/game-service/secondary/six-of-eighteen.js": {"path":"/Users/whynew/egm-gateway-server/src/services/game-service/secondary/six-of-eighteen.js","statementMap":{"0":{"start":{"line":18,"column":24},"end":{"line":18,"column":46}},"1":{"start":{"line":19,"column":24},"end":{"line":19,"column":57}},"2":{"start":{"line":21,"column":31},"end":{"line":21,"column":40}},"3":{"start":{"line":22,"column":0},"end":{"line":22,"column":52}},"4":{"start":{"line":23,"column":0},"end":{"line":23,"column":52}},"5":{"start":{"line":24,"column":0},"end":{"line":24,"column":52}},"6":{"start":{"line":25,"column":0},"end":{"line":25,"column":52}},"7":{"start":{"line":26,"column":0},"end":{"line":26,"column":52}},"8":{"start":{"line":27,"column":0},"end":{"line":27,"column":52}},"9":{"start":{"line":28,"column":0},"end":{"line":28,"column":52}},"10":{"start":{"line":30,"column":28},"end":{"line":39,"column":1}},"11":{"start":{"line":43,"column":16},"end":{"line":43,"column":21}},"12":{"start":{"line":44,"column":2},"end":{"line":62,"column":3}},"13":{"start":{"line":46,"column":6},"end":{"line":58,"column":7}},"14":{"start":{"line":48,"column":10},"end":{"line":54,"column":11}},"15":{"start":{"line":50,"column":14},"end":{"line":50,"column":29}},"16":{"start":{"line":51,"column":14},"end":{"line":51,"column":20}},"17":{"start":{"line":53,"column":14},"end":{"line":53,"column":20}},"18":{"start":{"line":55,"column":10},"end":{"line":55,"column":16}},"19":{"start":{"line":57,"column":10},"end":{"line":57,"column":16}},"20":{"start":{"line":59,"column":6},"end":{"line":59,"column":12}},"21":{"start":{"line":61,"column":6},"end":{"line":61,"column":12}},"22":{"start":{"line":63,"column":2},"end":{"line":63,"column":17}},"23":{"start":{"line":67,"column":15},"end":{"line":67,"column":17}},"24":{"start":{"line":68,"column":2},"end":{"line":72,"column":3}},"25":{"start":{"line":69,"column":4},"end":{"line":71,"column":5}},"26":{"start":{"line":70,"column":6},"end":{"line":70,"column":19}},"27":{"start":{"line":73,"column":2},"end":{"line":73,"column":16}},"28":{"start":{"line":86,"column":17},"end":{"line":89,"column":3}},"29":{"start":{"line":90,"column":17},"end":{"line":93,"column":3}},"30":{"start":{"line":94,"column":17},"end":{"line":97,"column":3}},"31":{"start":{"line":98,"column":17},"end":{"line":101,"column":3}},"32":{"start":{"line":102,"column":17},"end":{"line":105,"column":3}},"33":{"start":{"line":106,"column":17},"end":{"line":109,"column":3}},"34":{"start":{"line":111,"column":2},"end":{"line":151,"column":4}},"35":{"start":{"line":154,"column":0},"end":{"line":158,"column":2}}},"fnMap":{"0":{"name":"isSixOfEighteenTrigger","decl":{"start":{"line":42,"column":9},"end":{"line":42,"column":31}},"loc":{"start":{"line":42,"column":75},"end":{"line":64,"column":1}},"line":42},"1":{"name":"findIndexOfSixOfEighteen","decl":{"start":{"line":66,"column":9},"end":{"line":66,"column":33}},"loc":{"start":{"line":66,"column":76},"end":{"line":74,"column":1}},"line":66},"2":{"name":"getSixOfEighteenWin","decl":{"start":{"line":76,"column":9},"end":{"line":76,"column":28}},"loc":{"start":{"line":85,"column":2},"end":{"line":152,"column":1}},"line":85}},"branchMap":{"0":{"loc":{"start":{"line":44,"column":2},"end":{"line":62,"column":3}},"type":"switch","locations":[{"start":{"line":45,"column":4},"end":{"line":59,"column":12}},{"start":{"line":60,"column":4},"end":{"line":61,"column":12}}],"line":44},"1":{"loc":{"start":{"line":46,"column":6},"end":{"line":58,"column":7}},"type":"switch","locations":[{"start":{"line":47,"column":8},"end":{"line":55,"column":16}},{"start":{"line":56,"column":8},"end":{"line":57,"column":16}}],"line":46},"2":{"loc":{"start":{"line":48,"column":10},"end":{"line":54,"column":11}},"type":"switch","locations":[{"start":{"line":49,"column":12},"end":{"line":51,"column":20}},{"start":{"line":52,"column":12},"end":{"line":53,"column":20}}],"line":48},"3":{"loc":{"start":{"line":69,"column":4},"end":{"line":71,"column":5}},"type":"if","locations":[{"start":{"line":69,"column":4},"end":{"line":71,"column":5}},{"start":{},"end":{}}],"line":69},"4":{"loc":{"start":{"line":69,"column":8},"end":{"line":69,"column":72}},"type":"binary-expr","locations":[{"start":{"line":69,"column":8},"end":{"line":69,"column":39}},{"start":{"line":69,"column":43},"end":{"line":69,"column":72}}],"line":69}},"s":{"0":6,"1":6,"2":6,"3":6,"4":6,"5":6,"6":6,"7":6,"8":6,"9":6,"10":6,"11":4,"12":4,"13":3,"14":2,"15":1,"16":1,"17":1,"18":2,"19":1,"20":3,"21":1,"22":4,"23":372,"24":372,"25":2604,"26":372,"27":372,"28":62,"29":62,"30":62,"31":62,"32":62,"33":62,"34":62,"35":6},"f":{"0":4,"1":372,"2":62},"b":{"0":[3,1],"1":[2,1],"2":[1,1],"3":[372,2232],"4":[2604,537]},"_coverageSchema":"1a1c01bbd47fc00a2c39e90264f33305004495a9","hash":"e84f87521c6e8354574018da75a80099fd227bb9"}
}
