TN:
SF:src/services/random.js
FN:20,getRandomReelPos
FN:25,getRandomInt
FNF:2
FNH:2
FNDA:9,getRandomReelPos
FNDA:2,getRandomInt
DA:18,7
DA:21,9
DA:22,9
DA:26,2
DA:27,2
DA:28,2
DA:31,7
LF:7
LH:7
BRF:0
BRH:0
end_of_record
TN:
SF:src/services/game-service/index.js
FNF:0
FNH:0
DA:18,6
DA:19,6
DA:20,6
DA:27,6
DA:28,6
DA:29,6
DA:30,6
DA:31,6
DA:32,6
DA:34,6
DA:49,6
DA:515,6
LF:12
LH:12
BRF:0
BRH:0
end_of_record
TN:
SF:src/services/game-service/paytable/index.js
FNF:0
FNH:0
DA:19,6
DA:20,6
DA:21,6
DA:22,6
DA:24,6
DA:32,6
LF:6
LH:6
BRF:0
BRH:0
end_of_record
TN:
SF:src/services/game-service/primary/index.js
FN:113,primaryWinW01
FN:137,primaryWinW02
FN:161,primaryWinW03
FN:185,primaryWinW04
FN:209,primaryWinW05
FN:233,primaryWinW06
FN:257,primaryWinW07
FN:281,primaryWinW08
FN:305,primaryWinW09
FN:329,primaryWinW10
FN:353,primaryWinW11
FN:377,primaryWinW12
FN:401,primaryWinW13
FN:419,primaryWinW14
FN:443,primaryWinW15
FN:467,primaryWinW16
FN:485,primaryWinW17
FN:509,primaryWinW18
FN:533,primaryWinW19
FN:557,primaryWinW20
FN:581,primaryWinW21
FN:605,primaryWinW22
FN:629,primaryWinW23
FN:653,primaryWinW24
FN:671,primaryWinW25
FN:695,primaryWinW26
FN:719,primaryWinW27
FN:743,primaryWinW28
FN:767,primaryWinW29
FN:791,primaryWinW30
FN:815,primaryWinW31
FN:839,primaryWinW32
FN:853,primaryWinW33
FN:882,primaryWinW34
FN:913,primaryWinW35
FN:941,primaryWinW36
FN:955,primaryWinW37
FN:983,primaryWinW38
FN:996,primaryWinW39
FN:1009,primaryWinW40
FN:1023,primaryWinW41
FN:1054,primaryWinW42
FN:1082,primaryWinW43
FN:1096,getPrimaryWin
FN:1155,isAnticipationActCase
FNF:45
FNH:45
FNDA:210,primaryWinW01
FNDA:210,primaryWinW02
FNDA:210,primaryWinW03
FNDA:210,primaryWinW04
FNDA:210,primaryWinW05
FNDA:210,primaryWinW06
FNDA:210,primaryWinW07
FNDA:210,primaryWinW08
FNDA:210,primaryWinW09
FNDA:210,primaryWinW10
FNDA:210,primaryWinW11
FNDA:5,primaryWinW12
FNDA:210,primaryWinW13
FNDA:210,primaryWinW14
FNDA:210,primaryWinW15
FNDA:210,primaryWinW16
FNDA:210,primaryWinW17
FNDA:210,primaryWinW18
FNDA:210,primaryWinW19
FNDA:210,primaryWinW20
FNDA:210,primaryWinW21
FNDA:210,primaryWinW22
FNDA:5,primaryWinW23
FNDA:210,primaryWinW24
FNDA:210,primaryWinW25
FNDA:210,primaryWinW26
FNDA:210,primaryWinW27
FNDA:210,primaryWinW28
FNDA:210,primaryWinW29
FNDA:210,primaryWinW30
FNDA:210,primaryWinW31
FNDA:5,primaryWinW32
FNDA:210,primaryWinW33
FNDA:210,primaryWinW34
FNDA:210,primaryWinW35
FNDA:5,primaryWinW36
FNDA:210,primaryWinW37
FNDA:210,primaryWinW38
FNDA:210,primaryWinW39
FNDA:210,primaryWinW40
FNDA:210,primaryWinW41
FNDA:210,primaryWinW42
FNDA:5,primaryWinW43
FNDA:210,getPrimaryWin
FNDA:10,isAnticipationActCase
DA:62,3
DA:108,3
DA:110,3
DA:111,3
DA:114,210
DA:115,210
DA:117,5
DA:119,5
DA:121,5
DA:122,5
DA:124,0
DA:126,5
DA:128,0
DA:130,5
DA:132,205
DA:134,210
DA:138,210
DA:139,210
DA:141,15
DA:143,10
DA:145,5
DA:146,5
DA:148,5
DA:150,10
DA:152,5
DA:154,15
DA:156,195
DA:158,210
DA:162,210
DA:163,210
DA:165,15
DA:167,10
DA:169,5
DA:170,5
DA:172,5
DA:174,10
DA:176,5
DA:178,15
DA:180,195
DA:182,210
DA:186,210
DA:187,210
DA:189,15
DA:191,10
DA:193,5
DA:194,5
DA:196,5
DA:198,10
DA:200,5
DA:202,15
DA:204,195
DA:206,210
DA:210,210
DA:211,210
DA:213,5
DA:215,5
DA:217,5
DA:218,5
DA:220,0
DA:222,5
DA:224,0
DA:226,5
DA:228,205
DA:230,210
DA:234,210
DA:235,210
DA:237,5
DA:239,5
DA:241,5
DA:242,5
DA:244,0
DA:246,5
DA:248,0
DA:250,5
DA:252,205
DA:254,210
DA:258,210
DA:259,210
DA:261,5
DA:263,5
DA:265,5
DA:266,5
DA:268,0
DA:270,5
DA:272,0
DA:274,5
DA:276,205
DA:278,210
DA:282,210
DA:283,210
DA:285,5
DA:287,5
DA:289,5
DA:290,5
DA:292,0
DA:294,5
DA:296,0
DA:298,5
DA:300,205
DA:302,210
DA:306,210
DA:307,210
DA:309,15
DA:311,15
DA:313,5
DA:314,5
DA:316,10
DA:318,15
DA:320,0
DA:322,15
DA:324,195
DA:326,210
DA:330,210
DA:331,210
DA:333,15
DA:335,15
DA:337,5
DA:338,5
DA:340,10
DA:342,15
DA:344,0
DA:346,15
DA:348,195
DA:350,210
DA:354,210
DA:355,210
DA:357,15
DA:359,15
DA:361,5
DA:362,5
DA:364,10
DA:366,15
DA:368,0
DA:370,15
DA:372,195
DA:374,210
DA:378,5
DA:379,5
DA:381,5
DA:383,5
DA:385,5
DA:386,5
DA:388,0
DA:390,5
DA:392,0
DA:394,5
DA:396,0
DA:398,5
DA:402,210
DA:403,210
DA:405,15
DA:407,10
DA:408,10
DA:410,5
DA:412,15
DA:414,195
DA:416,210
DA:420,210
DA:421,210
DA:423,15
DA:425,15
DA:427,5
DA:428,5
DA:430,10
DA:432,15
DA:434,0
DA:436,15
DA:438,195
DA:440,210
DA:444,210
DA:445,210
DA:447,15
DA:449,15
DA:451,5
DA:452,5
DA:454,10
DA:456,15
DA:458,0
DA:460,15
DA:462,195
DA:464,210
DA:468,210
DA:469,210
DA:471,15
DA:473,10
DA:474,10
DA:476,5
DA:478,15
DA:480,195
DA:482,210
DA:486,210
DA:487,210
DA:489,15
DA:491,15
DA:493,5
DA:494,5
DA:496,10
DA:498,15
DA:500,0
DA:502,15
DA:504,195
DA:506,210
DA:510,210
DA:511,210
DA:513,15
DA:515,15
DA:517,5
DA:518,5
DA:520,10
DA:522,15
DA:524,0
DA:526,15
DA:528,195
DA:530,210
DA:534,210
DA:535,210
DA:537,15
DA:539,15
DA:541,5
DA:542,5
DA:544,10
DA:546,15
DA:548,0
DA:550,15
DA:552,195
DA:554,210
DA:558,210
DA:559,210
DA:561,15
DA:563,15
DA:565,5
DA:566,5
DA:568,10
DA:570,15
DA:572,0
DA:574,15
DA:576,195
DA:578,210
DA:582,210
DA:583,210
DA:585,15
DA:587,15
DA:589,5
DA:590,5
DA:592,10
DA:594,15
DA:596,0
DA:598,15
DA:600,195
DA:602,210
DA:606,210
DA:607,210
DA:609,15
DA:611,15
DA:613,5
DA:614,5
DA:616,10
DA:618,15
DA:620,0
DA:622,15
DA:624,195
DA:626,210
DA:630,5
DA:631,5
DA:633,5
DA:635,5
DA:637,5
DA:638,5
DA:640,0
DA:642,5
DA:644,0
DA:646,5
DA:648,0
DA:650,5
DA:654,210
DA:655,210
DA:657,15
DA:659,10
DA:660,10
DA:662,5
DA:664,15
DA:666,195
DA:668,210
DA:672,210
DA:673,210
DA:675,15
DA:677,15
DA:679,5
DA:680,5
DA:682,10
DA:684,15
DA:686,0
DA:688,15
DA:690,195
DA:692,210
DA:696,210
DA:697,210
DA:699,15
DA:701,15
DA:703,5
DA:704,5
DA:706,10
DA:708,15
DA:710,0
DA:712,15
DA:714,195
DA:716,210
DA:720,210
DA:721,210
DA:723,15
DA:725,15
DA:727,5
DA:728,5
DA:730,10
DA:732,15
DA:734,0
DA:736,15
DA:738,195
DA:740,210
DA:744,210
DA:745,210
DA:747,15
DA:749,15
DA:751,5
DA:752,5
DA:754,10
DA:756,15
DA:758,0
DA:760,15
DA:762,195
DA:764,210
DA:768,210
DA:769,210
DA:771,15
DA:773,15
DA:775,5
DA:776,5
DA:778,10
DA:780,15
DA:782,0
DA:784,15
DA:786,195
DA:788,210
DA:792,210
DA:793,210
DA:795,15
DA:797,15
DA:799,5
DA:800,5
DA:802,10
DA:804,15
DA:806,0
DA:808,15
DA:810,195
DA:812,210
DA:816,210
DA:817,210
DA:819,15
DA:821,15
DA:823,5
DA:824,5
DA:826,10
DA:828,15
DA:830,0
DA:832,15
DA:834,195
DA:836,210
DA:840,5
DA:841,5
DA:843,5
DA:844,5
DA:846,0
DA:849,5
DA:854,210
DA:855,210
DA:859,45
DA:863,45
DA:865,15
DA:866,15
DA:868,30
DA:870,45
DA:872,0
DA:874,45
DA:876,165
DA:878,210
DA:883,210
DA:884,210
DA:888,45
DA:892,45
DA:896,15
DA:897,15
DA:899,30
DA:901,45
DA:903,0
DA:905,45
DA:907,165
DA:909,210
DA:914,210
DA:915,210
DA:919,45
DA:923,45
DA:925,15
DA:926,15
DA:928,30
DA:930,45
DA:932,0
DA:934,45
DA:936,165
DA:938,210
DA:942,5
DA:943,5
DA:945,5
DA:946,5
DA:948,0
DA:951,5
DA:956,210
DA:957,210
DA:961,45
DA:965,45
DA:967,15
DA:968,15
DA:970,30
DA:972,45
DA:974,0
DA:976,45
DA:978,165
DA:980,210
DA:984,210
DA:985,210
DA:987,15
DA:988,15
DA:990,195
DA:993,210
DA:997,210
DA:998,210
DA:1000,15
DA:1001,15
DA:1003,195
DA:1006,210
DA:1010,210
DA:1011,210
DA:1013,15
DA:1014,15
DA:1016,195
DA:1019,210
DA:1024,210
DA:1025,210
DA:1029,45
DA:1033,45
DA:1037,15
DA:1038,15
DA:1040,30
DA:1042,45
DA:1044,0
DA:1046,45
DA:1048,165
DA:1050,210
DA:1055,210
DA:1056,210
DA:1060,45
DA:1064,45
DA:1066,15
DA:1067,15
DA:1069,30
DA:1071,45
DA:1073,0
DA:1075,45
DA:1077,165
DA:1079,210
DA:1083,5
DA:1084,5
DA:1086,5
DA:1088,5
DA:1090,0
DA:1093,5
DA:1097,210
DA:1098,210
DA:1099,210
DA:1100,210
DA:1101,210
DA:1102,210
DA:1103,210
DA:1104,210
DA:1105,210
DA:1106,210
DA:1107,210
DA:1108,210
DA:1109,210
DA:1112,210
DA:1113,210
DA:1114,210
DA:1115,210
DA:1116,210
DA:1117,210
DA:1118,210
DA:1119,210
DA:1120,210
DA:1121,210
DA:1122,210
DA:1125,210
DA:1126,210
DA:1127,210
DA:1128,210
DA:1129,210
DA:1130,210
DA:1131,210
DA:1132,210
DA:1133,210
DA:1136,210
DA:1137,210
DA:1138,210
DA:1139,210
DA:1142,210
DA:1143,210
DA:1144,210
DA:1145,210
DA:1146,210
DA:1147,210
DA:1148,210
DA:1152,210
DA:1156,10
DA:1157,10
DA:1159,2
DA:1161,2
DA:1162,2
DA:1164,0
DA:1166,2
DA:1168,8
DA:1170,10
DA:1172,2
DA:1174,2
DA:1175,2
DA:1177,0
DA:1179,2
DA:1181,8
DA:1183,10
DA:1185,2
DA:1187,2
DA:1188,2
DA:1190,0
DA:1192,2
DA:1194,8
DA:1196,10
DA:1198,2
DA:1200,2
DA:1201,2
DA:1203,0
DA:1205,2
DA:1207,8
DA:1210,10
DA:1233,3
LF:551
LH:504
BRDA:115,0,0,5
BRDA:115,0,1,205
BRDA:117,1,0,5
BRDA:117,1,1,0
BRDA:119,2,0,5
BRDA:119,2,1,0
BRDA:139,3,0,15
BRDA:139,3,1,195
BRDA:141,4,0,10
BRDA:141,4,1,5
BRDA:143,5,0,5
BRDA:143,5,1,5
BRDA:163,6,0,15
BRDA:163,6,1,195
BRDA:165,7,0,10
BRDA:165,7,1,5
BRDA:167,8,0,5
BRDA:167,8,1,5
BRDA:187,9,0,15
BRDA:187,9,1,195
BRDA:189,10,0,10
BRDA:189,10,1,5
BRDA:191,11,0,5
BRDA:191,11,1,5
BRDA:211,12,0,5
BRDA:211,12,1,205
BRDA:213,13,0,5
BRDA:213,13,1,0
BRDA:215,14,0,5
BRDA:215,14,1,0
BRDA:235,15,0,5
BRDA:235,15,1,205
BRDA:237,16,0,5
BRDA:237,16,1,0
BRDA:239,17,0,5
BRDA:239,17,1,0
BRDA:259,18,0,5
BRDA:259,18,1,205
BRDA:261,19,0,5
BRDA:261,19,1,0
BRDA:263,20,0,5
BRDA:263,20,1,0
BRDA:283,21,0,5
BRDA:283,21,1,205
BRDA:285,22,0,5
BRDA:285,22,1,0
BRDA:287,23,0,5
BRDA:287,23,1,0
BRDA:307,24,0,15
BRDA:307,24,1,195
BRDA:309,25,0,15
BRDA:309,25,1,0
BRDA:311,26,0,5
BRDA:311,26,1,10
BRDA:331,27,0,15
BRDA:331,27,1,195
BRDA:333,28,0,15
BRDA:333,28,1,0
BRDA:335,29,0,5
BRDA:335,29,1,10
BRDA:355,30,0,15
BRDA:355,30,1,195
BRDA:357,31,0,15
BRDA:357,31,1,0
BRDA:359,32,0,5
BRDA:359,32,1,10
BRDA:379,33,0,5
BRDA:379,33,1,0
BRDA:381,34,0,5
BRDA:381,34,1,0
BRDA:383,35,0,5
BRDA:383,35,1,0
BRDA:403,36,0,15
BRDA:403,36,1,195
BRDA:405,37,0,10
BRDA:405,37,1,5
BRDA:421,38,0,15
BRDA:421,38,1,195
BRDA:423,39,0,15
BRDA:423,39,1,0
BRDA:425,40,0,5
BRDA:425,40,1,10
BRDA:445,41,0,15
BRDA:445,41,1,195
BRDA:447,42,0,15
BRDA:447,42,1,0
BRDA:449,43,0,5
BRDA:449,43,1,10
BRDA:469,44,0,15
BRDA:469,44,1,195
BRDA:471,45,0,10
BRDA:471,45,1,5
BRDA:487,46,0,15
BRDA:487,46,1,195
BRDA:489,47,0,15
BRDA:489,47,1,0
BRDA:491,48,0,5
BRDA:491,48,1,10
BRDA:511,49,0,15
BRDA:511,49,1,195
BRDA:513,50,0,15
BRDA:513,50,1,0
BRDA:515,51,0,5
BRDA:515,51,1,10
BRDA:535,52,0,15
BRDA:535,52,1,195
BRDA:537,53,0,15
BRDA:537,53,1,0
BRDA:539,54,0,5
BRDA:539,54,1,10
BRDA:559,55,0,15
BRDA:559,55,1,195
BRDA:561,56,0,15
BRDA:561,56,1,0
BRDA:563,57,0,5
BRDA:563,57,1,10
BRDA:583,58,0,15
BRDA:583,58,1,195
BRDA:585,59,0,15
BRDA:585,59,1,0
BRDA:587,60,0,5
BRDA:587,60,1,10
BRDA:607,61,0,15
BRDA:607,61,1,195
BRDA:609,62,0,15
BRDA:609,62,1,0
BRDA:611,63,0,5
BRDA:611,63,1,10
BRDA:631,64,0,5
BRDA:631,64,1,0
BRDA:633,65,0,5
BRDA:633,65,1,0
BRDA:635,66,0,5
BRDA:635,66,1,0
BRDA:655,67,0,15
BRDA:655,67,1,195
BRDA:657,68,0,10
BRDA:657,68,1,5
BRDA:673,69,0,15
BRDA:673,69,1,195
BRDA:675,70,0,15
BRDA:675,70,1,0
BRDA:677,71,0,5
BRDA:677,71,1,10
BRDA:697,72,0,15
BRDA:697,72,1,195
BRDA:699,73,0,15
BRDA:699,73,1,0
BRDA:701,74,0,5
BRDA:701,74,1,10
BRDA:721,75,0,15
BRDA:721,75,1,195
BRDA:723,76,0,15
BRDA:723,76,1,0
BRDA:725,77,0,5
BRDA:725,77,1,10
BRDA:745,78,0,15
BRDA:745,78,1,195
BRDA:747,79,0,15
BRDA:747,79,1,0
BRDA:749,80,0,5
BRDA:749,80,1,10
BRDA:769,81,0,15
BRDA:769,81,1,195
BRDA:771,82,0,15
BRDA:771,82,1,0
BRDA:773,83,0,5
BRDA:773,83,1,10
BRDA:793,84,0,15
BRDA:793,84,1,195
BRDA:795,85,0,15
BRDA:795,85,1,0
BRDA:797,86,0,5
BRDA:797,86,1,10
BRDA:817,87,0,15
BRDA:817,87,1,195
BRDA:819,88,0,15
BRDA:819,88,1,0
BRDA:821,89,0,5
BRDA:821,89,1,10
BRDA:841,90,0,5
BRDA:841,90,1,0
BRDA:855,91,0,15
BRDA:855,91,1,30
BRDA:855,91,2,45
BRDA:855,91,3,165
BRDA:859,92,0,15
BRDA:859,92,1,30
BRDA:859,92,2,45
BRDA:859,92,3,0
BRDA:863,93,0,15
BRDA:863,93,1,30
BRDA:884,94,0,15
BRDA:884,94,1,30
BRDA:884,94,2,45
BRDA:884,94,3,165
BRDA:888,95,0,15
BRDA:888,95,1,30
BRDA:888,95,2,45
BRDA:888,95,3,0
BRDA:892,96,0,5
BRDA:892,96,1,10
BRDA:892,96,2,15
BRDA:892,96,3,30
BRDA:915,97,0,15
BRDA:915,97,1,30
BRDA:915,97,2,45
BRDA:915,97,3,165
BRDA:919,98,0,15
BRDA:919,98,1,30
BRDA:919,98,2,45
BRDA:919,98,3,0
BRDA:923,99,0,15
BRDA:923,99,1,30
BRDA:943,100,0,5
BRDA:943,100,1,0
BRDA:957,101,0,15
BRDA:957,101,1,30
BRDA:957,101,2,45
BRDA:957,101,3,165
BRDA:961,102,0,15
BRDA:961,102,1,30
BRDA:961,102,2,45
BRDA:961,102,3,0
BRDA:965,103,0,15
BRDA:965,103,1,30
BRDA:985,104,0,15
BRDA:985,104,1,195
BRDA:998,105,0,15
BRDA:998,105,1,195
BRDA:1011,106,0,15
BRDA:1011,106,1,195
BRDA:1025,107,0,15
BRDA:1025,107,1,30
BRDA:1025,107,2,45
BRDA:1025,107,3,165
BRDA:1029,108,0,15
BRDA:1029,108,1,30
BRDA:1029,108,2,45
BRDA:1029,108,3,0
BRDA:1033,109,0,5
BRDA:1033,109,1,10
BRDA:1033,109,2,15
BRDA:1033,109,3,30
BRDA:1056,110,0,15
BRDA:1056,110,1,30
BRDA:1056,110,2,45
BRDA:1056,110,3,165
BRDA:1060,111,0,15
BRDA:1060,111,1,30
BRDA:1060,111,2,45
BRDA:1060,111,3,0
BRDA:1064,112,0,15
BRDA:1064,112,1,30
BRDA:1084,113,0,5
BRDA:1084,113,1,0
BRDA:1087,114,0,1
BRDA:1087,114,1,4
BRDA:1109,115,0,205
BRDA:1109,115,1,5
BRDA:1122,116,0,205
BRDA:1122,116,1,5
BRDA:1133,117,0,205
BRDA:1133,117,1,5
BRDA:1139,118,0,205
BRDA:1139,118,1,5
BRDA:1148,119,0,205
BRDA:1148,119,1,5
BRDA:1157,120,0,2
BRDA:1157,120,1,8
BRDA:1159,121,0,2
BRDA:1159,121,1,0
BRDA:1170,122,0,2
BRDA:1170,122,1,8
BRDA:1172,123,0,2
BRDA:1172,123,1,0
BRDA:1183,124,0,2
BRDA:1183,124,1,8
BRDA:1185,125,0,2
BRDA:1185,125,1,0
BRDA:1196,126,0,2
BRDA:1196,126,1,8
BRDA:1198,127,0,2
BRDA:1198,127,1,0
BRF:284
BRH:237
end_of_record
TN:
SF:src/services/game-service/primary/win-payouts.js
FNF:0
FNH:0
DA:1,3
DA:2,3
DA:3,3
DA:4,3
DA:5,3
DA:6,3
DA:7,3
DA:8,3
DA:9,3
DA:11,3
DA:12,3
DA:13,3
DA:15,3
DA:16,3
DA:17,3
DA:19,3
DA:20,3
DA:21,3
DA:23,3
DA:24,3
DA:25,3
DA:26,3
DA:28,3
DA:29,3
DA:30,3
DA:32,3
DA:33,3
DA:34,3
DA:35,3
DA:37,3
DA:38,3
DA:39,3
DA:40,3
DA:42,3
DA:43,3
DA:44,3
DA:46,3
DA:47,3
DA:49,3
DA:50,3
DA:51,3
DA:52,3
DA:53,3
DA:55,3
LF:44
LH:44
BRF:0
BRH:0
end_of_record
TN:
SF:src/services/game-service/primary/win-symbols.js
FNF:0
FNH:0
DA:1,6
DA:2,6
DA:3,6
DA:4,6
DA:5,6
DA:6,6
DA:7,6
DA:8,6
DA:9,6
DA:11,6
DA:12,6
DA:13,6
DA:15,6
DA:16,6
DA:17,6
DA:19,6
DA:20,6
DA:21,6
DA:23,6
DA:24,6
DA:25,6
DA:26,6
DA:28,6
DA:29,6
DA:30,6
DA:32,6
DA:33,6
DA:34,6
DA:35,6
DA:37,6
DA:38,6
DA:39,6
DA:41,6
DA:42,6
DA:43,6
DA:44,6
DA:45,6
DA:46,6
DA:47,6
DA:48,6
DA:49,6
DA:50,6
DA:51,6
DA:53,6
LF:44
LH:44
BRF:0
BRH:0
end_of_record
TN:
SF:src/services/game-service/reels/reel1.js
FN:224,(anonymous_0)
FN:248,getReel1Pos
FNF:2
FNH:2
FNDA:162,(anonymous_0)
FNDA:2,getReel1Pos
DA:18,6
DA:19,6
DA:20,6
DA:21,6
DA:22,6
DA:23,6
DA:24,6
DA:25,6
DA:26,6
DA:27,6
DA:28,6
DA:29,6
DA:30,6
DA:31,6
DA:32,6
DA:33,6
DA:34,6
DA:35,6
DA:36,6
DA:37,6
DA:38,6
DA:39,6
DA:40,6
DA:41,6
DA:42,6
DA:43,6
DA:44,6
DA:45,6
DA:46,6
DA:47,6
DA:48,6
DA:49,6
DA:50,6
DA:51,6
DA:52,6
DA:54,6
DA:55,6
DA:56,6
DA:57,6
DA:58,6
DA:59,6
DA:60,6
DA:61,6
DA:62,6
DA:63,6
DA:64,6
DA:65,6
DA:66,6
DA:67,6
DA:68,6
DA:69,6
DA:70,6
DA:71,6
DA:72,6
DA:73,6
DA:74,6
DA:75,6
DA:76,6
DA:77,6
DA:78,6
DA:79,6
DA:80,6
DA:81,6
DA:82,6
DA:83,6
DA:84,6
DA:85,6
DA:86,6
DA:88,6
DA:89,6
DA:90,6
DA:91,6
DA:92,6
DA:93,6
DA:94,6
DA:95,6
DA:96,6
DA:97,6
DA:98,6
DA:99,6
DA:100,6
DA:101,6
DA:102,6
DA:103,6
DA:104,6
DA:105,6
DA:106,6
DA:107,6
DA:108,6
DA:109,6
DA:110,6
DA:111,6
DA:112,6
DA:113,6
DA:114,6
DA:115,6
DA:116,6
DA:117,6
DA:118,6
DA:119,6
DA:120,6
DA:122,6
DA:123,6
DA:124,6
DA:125,6
DA:126,6
DA:127,6
DA:128,6
DA:129,6
DA:130,6
DA:131,6
DA:132,6
DA:133,6
DA:134,6
DA:135,6
DA:136,6
DA:137,6
DA:138,6
DA:139,6
DA:140,6
DA:141,6
DA:142,6
DA:143,6
DA:144,6
DA:145,6
DA:146,6
DA:147,6
DA:148,6
DA:149,6
DA:150,6
DA:151,6
DA:152,6
DA:153,6
DA:154,6
DA:156,6
DA:157,6
DA:158,6
DA:159,6
DA:160,6
DA:161,6
DA:162,6
DA:163,6
DA:164,6
DA:165,6
DA:166,6
DA:167,6
DA:168,6
DA:169,6
DA:170,6
DA:171,6
DA:172,6
DA:173,6
DA:174,6
DA:175,6
DA:176,6
DA:177,6
DA:178,6
DA:179,6
DA:180,6
DA:181,6
DA:182,6
DA:183,6
DA:184,6
DA:185,6
DA:186,6
DA:187,6
DA:188,6
DA:190,6
DA:191,6
DA:192,6
DA:193,6
DA:194,6
DA:195,6
DA:196,6
DA:197,6
DA:198,6
DA:199,6
DA:200,6
DA:201,6
DA:202,6
DA:203,6
DA:204,6
DA:205,6
DA:206,6
DA:207,6
DA:208,6
DA:209,6
DA:210,6
DA:211,6
DA:212,6
DA:213,6
DA:214,6
DA:215,6
DA:216,6
DA:217,6
DA:218,6
DA:219,6
DA:220,6
DA:221,6
DA:222,6
DA:224,6
DA:225,162
DA:226,162
DA:228,33
DA:229,33
DA:231,32
DA:232,32
DA:234,32
DA:235,32
DA:237,32
DA:238,32
DA:240,32
DA:241,32
DA:243,1
DA:245,162
DA:249,2
DA:250,2
DA:252,2
DA:253,2
DA:259,6
LF:220
LH:220
BRDA:226,0,0,33
BRDA:226,0,1,32
BRDA:226,0,2,32
BRDA:226,0,3,32
BRDA:226,0,4,32
BRDA:226,0,5,1
BRDA:252,1,0,1
BRDA:252,1,1,1
BRDA:252,2,0,2
BRDA:252,2,1,1
BRF:10
BRH:10
end_of_record
TN:
SF:src/services/game-service/reels/reel2.js
FN:225,(anonymous_0)
FN:249,getReel2Pos
FNF:2
FNH:2
FNDA:162,(anonymous_0)
FNDA:2,getReel2Pos
DA:18,6
DA:19,6
DA:21,6
DA:22,6
DA:23,6
DA:24,6
DA:25,6
DA:26,6
DA:27,6
DA:28,6
DA:29,6
DA:30,6
DA:31,6
DA:32,6
DA:33,6
DA:34,6
DA:35,6
DA:36,6
DA:37,6
DA:38,6
DA:39,6
DA:40,6
DA:41,6
DA:42,6
DA:43,6
DA:44,6
DA:45,6
DA:46,6
DA:47,6
DA:48,6
DA:49,6
DA:50,6
DA:51,6
DA:52,6
DA:53,6
DA:55,6
DA:56,6
DA:57,6
DA:58,6
DA:59,6
DA:60,6
DA:61,6
DA:62,6
DA:63,6
DA:64,6
DA:65,6
DA:66,6
DA:67,6
DA:68,6
DA:69,6
DA:70,6
DA:71,6
DA:72,6
DA:73,6
DA:74,6
DA:75,6
DA:76,6
DA:77,6
DA:78,6
DA:79,6
DA:80,6
DA:81,6
DA:82,6
DA:83,6
DA:84,6
DA:85,6
DA:86,6
DA:87,6
DA:89,6
DA:90,6
DA:91,6
DA:92,6
DA:93,6
DA:94,6
DA:95,6
DA:96,6
DA:97,6
DA:98,6
DA:99,6
DA:100,6
DA:101,6
DA:102,6
DA:103,6
DA:104,6
DA:105,6
DA:106,6
DA:107,6
DA:108,6
DA:109,6
DA:110,6
DA:111,6
DA:112,6
DA:113,6
DA:114,6
DA:115,6
DA:116,6
DA:117,6
DA:118,6
DA:119,6
DA:120,6
DA:121,6
DA:123,6
DA:124,6
DA:125,6
DA:126,6
DA:127,6
DA:128,6
DA:129,6
DA:130,6
DA:131,6
DA:132,6
DA:133,6
DA:134,6
DA:135,6
DA:136,6
DA:137,6
DA:138,6
DA:139,6
DA:140,6
DA:141,6
DA:142,6
DA:143,6
DA:144,6
DA:145,6
DA:146,6
DA:147,6
DA:148,6
DA:149,6
DA:150,6
DA:151,6
DA:152,6
DA:153,6
DA:154,6
DA:155,6
DA:157,6
DA:158,6
DA:159,6
DA:160,6
DA:161,6
DA:162,6
DA:163,6
DA:164,6
DA:165,6
DA:166,6
DA:167,6
DA:168,6
DA:169,6
DA:170,6
DA:171,6
DA:172,6
DA:173,6
DA:174,6
DA:175,6
DA:176,6
DA:177,6
DA:178,6
DA:179,6
DA:180,6
DA:181,6
DA:182,6
DA:183,6
DA:184,6
DA:185,6
DA:186,6
DA:187,6
DA:188,6
DA:189,6
DA:191,6
DA:192,6
DA:193,6
DA:194,6
DA:195,6
DA:196,6
DA:197,6
DA:198,6
DA:199,6
DA:200,6
DA:201,6
DA:202,6
DA:203,6
DA:204,6
DA:205,6
DA:206,6
DA:207,6
DA:208,6
DA:209,6
DA:210,6
DA:211,6
DA:212,6
DA:213,6
DA:214,6
DA:215,6
DA:216,6
DA:217,6
DA:218,6
DA:219,6
DA:220,6
DA:221,6
DA:222,6
DA:223,6
DA:225,6
DA:226,162
DA:227,162
DA:229,33
DA:230,33
DA:232,32
DA:233,32
DA:235,32
DA:236,32
DA:238,32
DA:239,32
DA:241,32
DA:242,32
DA:244,1
DA:246,162
DA:250,2
DA:251,2
DA:253,2
DA:254,2
DA:260,6
LF:220
LH:220
BRDA:227,0,0,33
BRDA:227,0,1,32
BRDA:227,0,2,32
BRDA:227,0,3,32
BRDA:227,0,4,32
BRDA:227,0,5,1
BRDA:253,1,0,1
BRDA:253,1,1,1
BRDA:253,2,0,2
BRDA:253,2,1,1
BRF:10
BRH:10
end_of_record
TN:
SF:src/services/game-service/reels/reel3.js
FN:225,(anonymous_0)
FN:249,getReel3Pos
FNF:2
FNH:2
FNDA:162,(anonymous_0)
FNDA:2,getReel3Pos
DA:18,6
DA:19,6
DA:21,6
DA:22,6
DA:23,6
DA:24,6
DA:25,6
DA:26,6
DA:27,6
DA:28,6
DA:29,6
DA:30,6
DA:31,6
DA:32,6
DA:33,6
DA:34,6
DA:35,6
DA:36,6
DA:37,6
DA:38,6
DA:39,6
DA:40,6
DA:41,6
DA:42,6
DA:43,6
DA:44,6
DA:45,6
DA:46,6
DA:47,6
DA:48,6
DA:49,6
DA:50,6
DA:51,6
DA:52,6
DA:53,6
DA:55,6
DA:56,6
DA:57,6
DA:58,6
DA:59,6
DA:60,6
DA:61,6
DA:62,6
DA:63,6
DA:64,6
DA:65,6
DA:66,6
DA:67,6
DA:68,6
DA:69,6
DA:70,6
DA:71,6
DA:72,6
DA:73,6
DA:74,6
DA:75,6
DA:76,6
DA:77,6
DA:78,6
DA:79,6
DA:80,6
DA:81,6
DA:82,6
DA:83,6
DA:84,6
DA:85,6
DA:86,6
DA:87,6
DA:89,6
DA:90,6
DA:91,6
DA:92,6
DA:93,6
DA:94,6
DA:95,6
DA:96,6
DA:97,6
DA:98,6
DA:99,6
DA:100,6
DA:101,6
DA:102,6
DA:103,6
DA:104,6
DA:105,6
DA:106,6
DA:107,6
DA:108,6
DA:109,6
DA:110,6
DA:111,6
DA:112,6
DA:113,6
DA:114,6
DA:115,6
DA:116,6
DA:117,6
DA:118,6
DA:119,6
DA:120,6
DA:121,6
DA:123,6
DA:124,6
DA:125,6
DA:126,6
DA:127,6
DA:128,6
DA:129,6
DA:130,6
DA:131,6
DA:132,6
DA:133,6
DA:134,6
DA:135,6
DA:136,6
DA:137,6
DA:138,6
DA:139,6
DA:140,6
DA:141,6
DA:142,6
DA:143,6
DA:144,6
DA:145,6
DA:146,6
DA:147,6
DA:148,6
DA:149,6
DA:150,6
DA:151,6
DA:152,6
DA:153,6
DA:154,6
DA:155,6
DA:157,6
DA:158,6
DA:159,6
DA:160,6
DA:161,6
DA:162,6
DA:163,6
DA:164,6
DA:165,6
DA:166,6
DA:167,6
DA:168,6
DA:169,6
DA:170,6
DA:171,6
DA:172,6
DA:173,6
DA:174,6
DA:175,6
DA:176,6
DA:177,6
DA:178,6
DA:179,6
DA:180,6
DA:181,6
DA:182,6
DA:183,6
DA:184,6
DA:185,6
DA:186,6
DA:187,6
DA:188,6
DA:189,6
DA:191,6
DA:192,6
DA:193,6
DA:194,6
DA:195,6
DA:196,6
DA:197,6
DA:198,6
DA:199,6
DA:200,6
DA:201,6
DA:202,6
DA:203,6
DA:204,6
DA:205,6
DA:206,6
DA:207,6
DA:208,6
DA:209,6
DA:210,6
DA:211,6
DA:212,6
DA:213,6
DA:214,6
DA:215,6
DA:216,6
DA:217,6
DA:218,6
DA:219,6
DA:220,6
DA:221,6
DA:222,6
DA:223,6
DA:225,6
DA:226,162
DA:227,162
DA:229,33
DA:230,33
DA:232,32
DA:233,32
DA:235,32
DA:236,32
DA:238,32
DA:239,32
DA:241,32
DA:242,32
DA:244,1
DA:246,162
DA:250,2
DA:251,2
DA:253,2
DA:254,2
DA:260,6
LF:220
LH:220
BRDA:227,0,0,33
BRDA:227,0,1,32
BRDA:227,0,2,32
BRDA:227,0,3,32
BRDA:227,0,4,32
BRDA:227,0,5,1
BRDA:253,1,0,1
BRDA:253,1,1,1
BRDA:253,2,0,2
BRDA:253,2,1,1
BRF:10
BRH:10
end_of_record
TN:
SF:src/services/game-service/reels/util.js
FN:18,(anonymous_0)
FNF:1
FNH:1
FNDA:483,(anonymous_0)
DA:18,6
DA:19,483
DA:20,483
DA:21,15456
DA:22,483
DA:25,483
DA:28,6
LF:7
LH:7
BRDA:21,0,0,483
BRDA:21,0,1,14973
BRF:2
BRH:2
end_of_record
TN:
SF:src/services/game-service/secondary/hit-or-miss.js
FN:33,isHitOrMissTrigger
FN:57,findIndexOfHitOrMiss
FN:67,getHitOrMissWin
FNF:3
FNH:3
FNDA:4,isHitOrMissTrigger
FNDA:13,findIndexOfHitOrMiss
FNDA:13,getHitOrMissWin
DA:18,6
DA:19,6
DA:21,6
DA:22,6
DA:23,6
DA:25,6
DA:34,4
DA:35,4
DA:37,3
DA:39,2
DA:41,1
DA:42,1
DA:44,1
DA:46,2
DA:48,1
DA:50,3
DA:52,1
DA:54,4
DA:58,13
DA:59,13
DA:60,26
DA:61,13
DA:64,13
DA:68,13
DA:70,13
DA:83,6
LF:26
LH:26
BRDA:35,0,0,3
BRDA:35,0,1,1
BRDA:37,1,0,2
BRDA:37,1,1,1
BRDA:39,2,0,1
BRDA:39,2,1,1
BRDA:60,3,0,13
BRDA:60,3,1,13
BRDA:60,4,0,26
BRDA:60,4,1,19
BRF:10
BRH:10
end_of_record
TN:
SF:src/services/game-service/secondary/money-wheel.js
FN:61,isMoneyWheelTrigger
FN:75,findIndexOfMoneyWheel
FN:85,getMoneyWheelWin
FNF:3
FNH:3
FNDA:6,isMoneyWheelTrigger
FNDA:49,findIndexOfMoneyWheel
FNDA:49,getMoneyWheelWin
DA:18,6
DA:19,6
DA:21,6
DA:22,6
DA:23,6
DA:24,6
DA:25,6
DA:26,6
DA:27,6
DA:28,6
DA:29,6
DA:30,6
DA:31,6
DA:32,6
DA:33,6
DA:34,6
DA:35,6
DA:36,6
DA:37,6
DA:39,6
DA:62,6
DA:64,6
DA:66,5
DA:67,5
DA:69,1
DA:72,6
DA:76,49
DA:77,49
DA:78,784
DA:79,49
DA:82,49
DA:86,49
DA:87,49
DA:100,6
LF:34
LH:34
BRDA:64,0,0,5
BRDA:64,0,1,1
BRDA:66,1,0,1
BRDA:66,1,1,4
BRDA:78,2,0,49
BRDA:78,2,1,735
BRDA:78,3,0,784
BRDA:78,3,1,409
BRF:8
BRH:8
end_of_record
TN:
SF:src/services/game-service/secondary/one-of-three.js
FN:35,isOneOfThreeTrigger
FN:47,findIndexOfOneOfThree
FN:57,getOneOfThreeWin
FNF:3
FNH:3
FNDA:2,isOneOfThreeTrigger
FNDA:55,findIndexOfOneOfThree
FNDA:55,getOneOfThreeWin
DA:18,6
DA:19,6
DA:21,6
DA:22,6
DA:23,6
DA:24,6
DA:26,6
DA:36,2
DA:37,2
DA:39,1
DA:40,1
DA:42,1
DA:44,2
DA:48,55
DA:49,55
DA:50,165
DA:51,55
DA:54,55
DA:58,55
DA:59,55
DA:65,55
DA:71,55
DA:77,55
DA:96,6
LF:24
LH:24
BRDA:37,0,0,1
BRDA:37,0,1,1
BRDA:50,1,0,55
BRDA:50,1,1,110
BRDA:50,2,0,165
BRDA:50,2,1,109
BRDA:88,3,0,19
BRDA:88,3,1,36
BRDA:90,4,0,18
BRDA:90,4,1,18
BRF:10
BRH:10
end_of_record
TN:
SF:src/services/game-service/secondary/random.js
FN:37,isRandomTrigger
FN:49,findIndexOfRandom
FN:59,getRandomWin
FNF:3
FNH:3
FNDA:2,isRandomTrigger
FNDA:49,findIndexOfRandom
FNDA:49,getRandomWin
DA:19,6
DA:22,6
DA:23,6
DA:24,6
DA:25,6
DA:26,6
DA:28,6
DA:38,2
DA:39,2
DA:41,1
DA:42,1
DA:44,1
DA:46,2
DA:50,49
DA:51,49
DA:52,196
DA:53,49
DA:56,49
DA:60,49
DA:61,49
DA:74,6
LF:21
LH:21
BRDA:39,0,0,1
BRDA:39,0,1,1
BRDA:52,1,0,49
BRDA:52,1,1,147
BRDA:52,2,0,196
BRDA:52,2,1,121
BRF:6
BRH:6
end_of_record
TN:
SF:src/services/game-service/secondary/six-of-eighteen.js
FN:42,isSixOfEighteenTrigger
FN:66,findIndexOfSixOfEighteen
FN:76,getSixOfEighteenWin
FNF:3
FNH:3
FNDA:4,isSixOfEighteenTrigger
FNDA:372,findIndexOfSixOfEighteen
FNDA:62,getSixOfEighteenWin
DA:18,6
DA:19,6
DA:21,6
DA:22,6
DA:23,6
DA:24,6
DA:25,6
DA:26,6
DA:27,6
DA:28,6
DA:30,6
DA:43,4
DA:44,4
DA:46,3
DA:48,2
DA:50,1
DA:51,1
DA:53,1
DA:55,2
DA:57,1
DA:59,3
DA:61,1
DA:63,4
DA:67,372
DA:68,372
DA:69,2604
DA:70,372
DA:73,372
DA:86,62
DA:90,62
DA:94,62
DA:98,62
DA:102,62
DA:106,62
DA:111,62
DA:154,6
LF:36
LH:36
BRDA:44,0,0,3
BRDA:44,0,1,1
BRDA:46,1,0,2
BRDA:46,1,1,1
BRDA:48,2,0,1
BRDA:48,2,1,1
BRDA:69,3,0,372
BRDA:69,3,1,2232
BRDA:69,4,0,2604
BRDA:69,4,1,537
BRF:10
BRH:10
end_of_record
